<?xml version="1.0" encoding="UTF-8"?>
<testsuites name="Mocha Tests" time="0.024" tests="12" failures="9">
  <testsuite name="Root Suite" timestamp="2024-12-09T23:31:45" tests="0" time="0.000" failures="0">
  </testsuite>
  <testsuite name="User class" timestamp="2024-12-09T23:31:45" tests="7" file="C:\Users\zurgh\lecture-git-test\js-ts-tasks\test\user.test.js" time="0.016" failures="5">
    <testcase name="User class should create User instance" time="0.001" classname="should create User instance">
      <failure message="Maximum call stack size exceeded" type="RangeError"><![CDATA[RangeError: Maximum call stack size exceeded
    at set firstName [as firstName] (src\user.js:13:20)
    at set firstName [as firstName] (src\user.js:13:20)
    at set firstName [as firstName] (src\user.js:13:20)
    at set firstName [as firstName] (src\user.js:13:20)
    at set firstName [as firstName] (src\user.js:13:20)
    at set firstName [as firstName] (src\user.js:13:20)
    at set firstName [as firstName] (src\user.js:13:20)
    at set firstName [as firstName] (src\user.js:13:20)
    at set firstName [as firstName] (src\user.js:13:20)
    at set firstName [as firstName] (src\user.js:13:20)
    at set firstName [as firstName] (src\user.js:13:20)
    at set firstName [as firstName] (src\user.js:13:20)
    at set firstName [as firstName] (src\user.js:13:20)
    at set firstName [as firstName] (src\user.js:13:20)
    at set firstName [as firstName] (src\user.js:13:20)
    at set firstName [as firstName] (src\user.js:13:20)
    at set firstName [as firstName] (src\user.js:13:20)
    at set firstName [as firstName] (src\user.js:13:20)
    at set firstName [as firstName] (src\user.js:13:20)
    at set firstName [as firstName] (src\user.js:13:20)
    at set firstName [as firstName] (src\user.js:13:20)
    at set firstName [as firstName] (src\user.js:13:20)
    at set firstName [as firstName] (src\user.js:13:20)
    at set firstName [as firstName] (src\user.js:13:20)
    at set firstName [as firstName] (src\user.js:13:20)
    at set firstName [as firstName] (src\user.js:13:20)
    at set firstName [as firstName] (src\user.js:13:20)
    at set firstName [as firstName] (src\user.js:13:20)
    at set firstName [as firstName] (src\user.js:13:20)
    at set firstName [as firstName] (src\user.js:13:20)
    at set firstName [as firstName] (src\user.js:13:20)
    at set firstName [as firstName] (src\user.js:13:20)
    at set firstName [as firstName] (src\user.js:13:20)
    at set firstName [as firstName] (src\user.js:13:20)
    at set firstName [as firstName] (src\user.js:13:20)
    at set firstName [as firstName] (src\user.js:13:20)
    at set firstName [as firstName] (src\user.js:13:20)
    at set firstName [as firstName] (src\user.js:13:20)
    at set firstName [as firstName] (src\user.js:13:20)
    at set firstName [as firstName] (src\user.js:13:20)
    at set firstName [as firstName] (src\user.js:13:20)
    at set firstName [as firstName] (src\user.js:13:20)
    at set firstName [as firstName] (src\user.js:13:20)
    at set firstName [as firstName] (src\user.js:13:20)
    at set firstName [as firstName] (src\user.js:13:20)
    at set firstName [as firstName] (src\user.js:13:20)
    at set firstName [as firstName] (src\user.js:13:20)
    at set firstName [as firstName] (src\user.js:13:20)
    at set firstName [as firstName] (src\user.js:13:20)
    at set firstName [as firstName] (src\user.js:13:20)
    at set firstName [as firstName] (src\user.js:13:20)
    at set firstName [as firstName] (src\user.js:13:20)
    at set firstName [as firstName] (src\user.js:13:20)
    at set firstName [as firstName] (src\user.js:13:20)
    at set firstName [as firstName] (src\user.js:13:20)
    at set firstName [as firstName] (src\user.js:13:20)
    at set firstName [as firstName] (src\user.js:13:20)
    at set firstName [as firstName] (src\user.js:13:20)
    at set firstName [as firstName] (src\user.js:13:20)
    at set firstName [as firstName] (src\user.js:13:20)
    at set firstName [as firstName] (src\user.js:13:20)
    at set firstName [as firstName] (src\user.js:13:20)
    at set firstName [as firstName] (src\user.js:13:20)
    at set firstName [as firstName] (src\user.js:13:20)
    at set firstName [as firstName] (src\user.js:13:20)
    at set firstName [as firstName] (src\user.js:13:20)
    at set firstName [as firstName] (src\user.js:13:20)
    at set firstName [as firstName] (src\user.js:13:20)
    at set firstName [as firstName] (src\user.js:13:20)
    at set firstName [as firstName] (src\user.js:13:20)
    at set firstName [as firstName] (src\user.js:13:20)
    at set firstName [as firstName] (src\user.js:13:20)
    at set firstName [as firstName] (src\user.js:13:20)
    at set firstName [as firstName] (src\user.js:13:20)
    at set firstName [as firstName] (src\user.js:13:20)
    at set firstName [as firstName] (src\user.js:13:20)
    at set firstName [as firstName] (src\user.js:13:20)
    at set firstName [as firstName] (src\user.js:13:20)
    at set firstName [as firstName] (src\user.js:13:20)
    at set firstName [as firstName] (src\user.js:13:20)
    at set firstName [as firstName] (src\user.js:13:20)
    at set firstName [as firstName] (src\user.js:13:20)
    at set firstName [as firstName] (src\user.js:13:20)
    at set firstName [as firstName] (src\user.js:13:20)
    at set firstName [as firstName] (src\user.js:13:20)
    at set firstName [as firstName] (src\user.js:13:20)
    at set firstName [as firstName] (src\user.js:13:20)
    at set firstName [as firstName] (src\user.js:13:20)
    at set firstName [as firstName] (src\user.js:13:20)
    at set firstName [as firstName] (src\user.js:13:20)
    at set firstName [as firstName] (src\user.js:13:20)
    at set firstName [as firstName] (src\user.js:13:20)
    at set firstName [as firstName] (src\user.js:13:20)
    at set firstName [as firstName] (src\user.js:13:20)
    at set firstName [as firstName] (src\user.js:13:20)
    at set firstName [as firstName] (src\user.js:13:20)
    at set firstName [as firstName] (src\user.js:13:20)
    at set firstName [as firstName] (src\user.js:13:20)
    at set firstName [as firstName] (src\user.js:13:20)
    at set firstName [as firstName] (src\user.js:13:20)
    at set firstName [as firstName] (src\user.js:13:20)
    at set firstName [as firstName] (src\user.js:13:20)
    at set firstName [as firstName] (src\user.js:13:20)
    at set firstName [as firstName] (src\user.js:13:20)
    at set firstName [as firstName] (src\user.js:13:20)
    at set firstName [as firstName] (src\user.js:13:20)
    at set firstName [as firstName] (src\user.js:13:20)
    at set firstName [as firstName] (src\user.js:13:20)
    at set firstName [as firstName] (src\user.js:13:20)
    at set firstName [as firstName] (src\user.js:13:20)
    at set firstName [as firstName] (src\user.js:13:20)
    at set firstName [as firstName] (src\user.js:13:20)
    at set firstName [as firstName] (src\user.js:13:20)
    at set firstName [as firstName] (src\user.js:13:20)
    at set firstName [as firstName] (src\user.js:13:20)
    at set firstName [as firstName] (src\user.js:13:20)
    at set firstName [as firstName] (src\user.js:13:20)
    at set firstName [as firstName] (src\user.js:13:20)
    at set firstName [as firstName] (src\user.js:13:20)
    at set firstName [as firstName] (src\user.js:13:20)
    at set firstName [as firstName] (src\user.js:13:20)
    at set firstName [as firstName] (src\user.js:13:20)
    at set firstName [as firstName] (src\user.js:13:20)
    at set firstName [as firstName] (src\user.js:13:20)
    at set firstName [as firstName] (src\user.js:13:20)
    at set firstName [as firstName] (src\user.js:13:20)
    at set firstName [as firstName] (src\user.js:13:20)
    at set firstName [as firstName] (src\user.js:13:20)
    at set firstName [as firstName] (src\user.js:13:20)
    at set firstName [as firstName] (src\user.js:13:20)
    at set firstName [as firstName] (src\user.js:13:20)
    at set firstName [as firstName] (src\user.js:13:20)
    at set firstName [as firstName] (src\user.js:13:20)
    at set firstName [as firstName] (src\user.js:13:20)
    at set firstName [as firstName] (src\user.js:13:20)
    at set firstName [as firstName] (src\user.js:13:20)
    at set firstName [as firstName] (src\user.js:13:20)
    at set firstName [as firstName] (src\user.js:13:20)
    at set firstName [as firstName] (src\user.js:13:20)
    at set firstName [as firstName] (src\user.js:13:20)
    at set firstName [as firstName] (src\user.js:13:20)
    at set firstName [as firstName] (src\user.js:13:20)
    at set firstName [as firstName] (src\user.js:13:20)
    at set firstName [as firstName] (src\user.js:13:20)
    at set firstName [as firstName] (src\user.js:13:20)
    at set firstName [as firstName] (src\user.js:13:20)
    at set firstName [as firstName] (src\user.js:13:20)
    at set firstName [as firstName] (src\user.js:13:20)
    at set firstName [as firstName] (src\user.js:13:20)
    at set firstName [as firstName] (src\user.js:13:20)
    at set firstName [as firstName] (src\user.js:13:20)
    at set firstName [as firstName] (src\user.js:13:20)
    at set firstName [as firstName] (src\user.js:13:20)
    at set firstName [as firstName] (src\user.js:13:20)
    at set firstName [as firstName] (src\user.js:13:20)
    at set firstName [as firstName] (src\user.js:13:20)
    at set firstName [as firstName] (src\user.js:13:20)
    at set firstName [as firstName] (src\user.js:13:20)
    at set firstName [as firstName] (src\user.js:13:20)
    at set firstName [as firstName] (src\user.js:13:20)
    at set firstName [as firstName] (src\user.js:13:20)
    at set firstName [as firstName] (src\user.js:13:20)
    at set firstName [as firstName] (src\user.js:13:20)
    at set firstName [as firstName] (src\user.js:13:20)
    at set firstName [as firstName] (src\user.js:13:20)
    at set firstName [as firstName] (src\user.js:13:20)
    at set firstName [as firstName] (src\user.js:13:20)
    at set firstName [as firstName] (src\user.js:13:20)
    at set firstName [as firstName] (src\user.js:13:20)
    at set firstName [as firstName] (src\user.js:13:20)
    at set firstName [as firstName] (src\user.js:13:20)
    at set firstName [as firstName] (src\user.js:13:20)
    at set firstName [as firstName] (src\user.js:13:20)
    at set firstName [as firstName] (src\user.js:13:20)
    at set firstName [as firstName] (src\user.js:13:20)
    at set firstName [as firstName] (src\user.js:13:20)
    at set firstName [as firstName] (src\user.js:13:20)
    at set firstName [as firstName] (src\user.js:13:20)
    at set firstName [as firstName] (src\user.js:13:20)
    at set firstName [as firstName] (src\user.js:13:20)
    at set firstName [as firstName] (src\user.js:13:20)
    at set firstName [as firstName] (src\user.js:13:20)
    at set firstName [as firstName] (src\user.js:13:20)
    at set firstName [as firstName] (src\user.js:13:20)
    at set firstName [as firstName] (src\user.js:13:20)
    at set firstName [as firstName] (src\user.js:13:20)
    at set firstName [as firstName] (src\user.js:13:20)
    at set firstName [as firstName] (src\user.js:13:20)
    at set firstName [as firstName] (src\user.js:13:20)
    at set firstName [as firstName] (src\user.js:13:20)
    at set firstName [as firstName] (src\user.js:13:20)
    at set firstName [as firstName] (src\user.js:13:20)
    at set firstName [as firstName] (src\user.js:13:20)
    at set firstName [as firstName] (src\user.js:13:20)
    at set firstName [as firstName] (src\user.js:13:20)
    at set firstName [as firstName] (src\user.js:13:20)
    at set firstName [as firstName] (src\user.js:13:20)
    at set firstName [as firstName] (src\user.js:13:20)
    at set firstName [as firstName] (src\user.js:13:20)
    at set firstName [as firstName] (src\user.js:13:20)
    at set firstName [as firstName] (src\user.js:13:20)
    at set firstName [as firstName] (src\user.js:13:20)
    at set firstName [as firstName] (src\user.js:13:20)
    at set firstName [as firstName] (src\user.js:13:20)
    at set firstName [as firstName] (src\user.js:13:20)
    at set firstName [as firstName] (src\user.js:13:20)
    at set firstName [as firstName] (src\user.js:13:20)
    at set firstName [as firstName] (src\user.js:13:20)
    at set firstName [as firstName] (src\user.js:13:20)
    at set firstName [as firstName] (src\user.js:13:20)
    at set firstName [as firstName] (src\user.js:13:20)
    at set firstName [as firstName] (src\user.js:13:20)
    at set firstName [as firstName] (src\user.js:13:20)
    at set firstName [as firstName] (src\user.js:13:20)
    at set firstName [as firstName] (src\user.js:13:20)
    at set firstName [as firstName] (src\user.js:13:20)
    at set firstName [as firstName] (src\user.js:13:20)
    at set firstName [as firstName] (src\user.js:13:20)
    at set firstName [as firstName] (src\user.js:13:20)
    at set firstName [as firstName] (src\user.js:13:20)
    at set firstName [as firstName] (src\user.js:13:20)
    at set firstName [as firstName] (src\user.js:13:20)
    at set firstName [as firstName] (src\user.js:13:20)
    at set firstName [as firstName] (src\user.js:13:20)
    at set firstName [as firstName] (src\user.js:13:20)
    at set firstName [as firstName] (src\user.js:13:20)
    at set firstName [as firstName] (src\user.js:13:20)
    at set firstName [as firstName] (src\user.js:13:20)
    at set firstName [as firstName] (src\user.js:13:20)
    at set firstName [as firstName] (src\user.js:13:20)
    at set firstName [as firstName] (src\user.js:13:20)
    at set firstName [as firstName] (src\user.js:13:20)
    at set firstName [as firstName] (src\user.js:13:20)
    at set firstName [as firstName] (src\user.js:13:20)
    at set firstName [as firstName] (src\user.js:13:20)
    at set firstName [as firstName] (src\user.js:13:20)
    at set firstName [as firstName] (src\user.js:13:20)
    at set firstName [as firstName] (src\user.js:13:20)
    at set firstName [as firstName] (src\user.js:13:20)
    at set firstName [as firstName] (src\user.js:13:20)
    at set firstName [as firstName] (src\user.js:13:20)
    at set firstName [as firstName] (src\user.js:13:20)
    at set firstName [as firstName] (src\user.js:13:20)
    at set firstName [as firstName] (src\user.js:13:20)
    at set firstName [as firstName] (src\user.js:13:20)
    at set firstName [as firstName] (src\user.js:13:20)
    at set firstName [as firstName] (src\user.js:13:20)
    at set firstName [as firstName] (src\user.js:13:20)
    at set firstName [as firstName] (src\user.js:13:20)
    at set firstName [as firstName] (src\user.js:13:20)
    at set firstName [as firstName] (src\user.js:13:20)
    at set firstName [as firstName] (src\user.js:13:20)
    at set firstName [as firstName] (src\user.js:13:20)
    at set firstName [as firstName] (src\user.js:13:20)
    at set firstName [as firstName] (src\user.js:13:20)
    at set firstName [as firstName] (src\user.js:13:20)
    at set firstName [as firstName] (src\user.js:13:20)
    at set firstName [as firstName] (src\user.js:13:20)
    at set firstName [as firstName] (src\user.js:13:20)
    at set firstName [as firstName] (src\user.js:13:20)
    at set firstName [as firstName] (src\user.js:13:20)
    at set firstName [as firstName] (src\user.js:13:20)
    at set firstName [as firstName] (src\user.js:13:20)
    at set firstName [as firstName] (src\user.js:13:20)
    at set firstName [as firstName] (src\user.js:13:20)
    at set firstName [as firstName] (src\user.js:13:20)
    at set firstName [as firstName] (src\user.js:13:20)
    at set firstName [as firstName] (src\user.js:13:20)
    at set firstName [as firstName] (src\user.js:13:20)
    at set firstName [as firstName] (src\user.js:13:20)
    at set firstName [as firstName] (src\user.js:13:20)
    at set firstName [as firstName] (src\user.js:13:20)
    at set firstName [as firstName] (src\user.js:13:20)
    at set firstName [as firstName] (src\user.js:13:20)
    at set firstName [as firstName] (src\user.js:13:20)
    at set firstName [as firstName] (src\user.js:13:20)
    at set firstName [as firstName] (src\user.js:13:20)
    at set firstName [as firstName] (src\user.js:13:20)
    at set firstName [as firstName] (src\user.js:13:20)
    at set firstName [as firstName] (src\user.js:13:20)
    at set firstName [as firstName] (src\user.js:13:20)
    at set firstName [as firstName] (src\user.js:13:20)
    at set firstName [as firstName] (src\user.js:13:20)
    at set firstName [as firstName] (src\user.js:13:20)
    at set firstName [as firstName] (src\user.js:13:20)
    at set firstName [as firstName] (src\user.js:13:20)
    at set firstName [as firstName] (src\user.js:13:20)
    at set firstName [as firstName] (src\user.js:13:20)
    at set firstName [as firstName] (src\user.js:13:20)
    at set firstName [as firstName] (src\user.js:13:20)
    at set firstName [as firstName] (src\user.js:13:20)
    at set firstName [as firstName] (src\user.js:13:20)
    at set firstName [as firstName] (src\user.js:13:20)
    at set firstName [as firstName] (src\user.js:13:20)
    at set firstName [as firstName] (src\user.js:13:20)
    at set firstName [as firstName] (src\user.js:13:20)
    at set firstName [as firstName] (src\user.js:13:20)
    at set firstName [as firstName] (src\user.js:13:20)
    at set firstName [as firstName] (src\user.js:13:20)
    at set firstName [as firstName] (src\user.js:13:20)
    at set firstName [as firstName] (src\user.js:13:20)
    at set firstName [as firstName] (src\user.js:13:20)
    at set firstName [as firstName] (src\user.js:13:20)
    at set firstName [as firstName] (src\user.js:13:20)
    at set firstName [as firstName] (src\user.js:13:20)
    at set firstName [as firstName] (src\user.js:13:20)
    at set firstName [as firstName] (src\user.js:13:20)
    at set firstName [as firstName] (src\user.js:13:20)
    at set firstName [as firstName] (src\user.js:13:20)
    at set firstName [as firstName] (src\user.js:13:20)
    at set firstName [as firstName] (src\user.js:13:20)
    at set firstName [as firstName] (src\user.js:13:20)
    at set firstName [as firstName] (src\user.js:13:20)
    at set firstName [as firstName] (src\user.js:13:20)
    at set firstName [as firstName] (src\user.js:13:20)
    at set firstName [as firstName] (src\user.js:13:20)
    at set firstName [as firstName] (src\user.js:13:20)
    at set firstName [as firstName] (src\user.js:13:20)
    at set firstName [as firstName] (src\user.js:13:20)
    at set firstName [as firstName] (src\user.js:13:20)
    at set firstName [as firstName] (src\user.js:13:20)
    at set firstName [as firstName] (src\user.js:13:20)
    at set firstName [as firstName] (src\user.js:13:20)
    at set firstName [as firstName] (src\user.js:13:20)
    at set firstName [as firstName] (src\user.js:13:20)
    at set firstName [as firstName] (src\user.js:13:20)
    at set firstName [as firstName] (src\user.js:13:20)
    at set firstName [as firstName] (src\user.js:13:20)
    at set firstName [as firstName] (src\user.js:13:20)
    at set firstName [as firstName] (src\user.js:13:20)
    at set firstName [as firstName] (src\user.js:13:20)
    at set firstName [as firstName] (src\user.js:13:20)
    at set firstName [as firstName] (src\user.js:13:20)
    at set firstName [as firstName] (src\user.js:13:20)
    at set firstName [as firstName] (src\user.js:13:20)
    at set firstName [as firstName] (src\user.js:13:20)
    at set firstName [as firstName] (src\user.js:13:20)
    at set firstName [as firstName] (src\user.js:13:20)
    at set firstName [as firstName] (src\user.js:13:20)
    at set firstName [as firstName] (src\user.js:13:20)
    at set firstName [as firstName] (src\user.js:13:20)
    at set firstName [as firstName] (src\user.js:13:20)
    at set firstName [as firstName] (src\user.js:13:20)
    at set firstName [as firstName] (src\user.js:13:20)
    at set firstName [as firstName] (src\user.js:13:20)
    at set firstName [as firstName] (src\user.js:13:20)
    at set firstName [as firstName] (src\user.js:13:20)
    at set firstName [as firstName] (src\user.js:13:20)
    at set firstName [as firstName] (src\user.js:13:20)
    at set firstName [as firstName] (src\user.js:13:20)
    at set firstName [as firstName] (src\user.js:13:20)
    at set firstName [as firstName] (src\user.js:13:20)
    at set firstName [as firstName] (src\user.js:13:20)
    at set firstName [as firstName] (src\user.js:13:20)
    at set firstName [as firstName] (src\user.js:13:20)
    at set firstName [as firstName] (src\user.js:13:20)
    at set firstName [as firstName] (src\user.js:13:20)
    at set firstName [as firstName] (src\user.js:13:20)
    at set firstName [as firstName] (src\user.js:13:20)
    at set firstName [as firstName] (src\user.js:13:20)
    at set firstName [as firstName] (src\user.js:13:20)
    at set firstName [as firstName] (src\user.js:13:20)
    at set firstName [as firstName] (src\user.js:13:20)
    at set firstName [as firstName] (src\user.js:13:20)
    at set firstName [as firstName] (src\user.js:13:20)
    at set firstName [as firstName] (src\user.js:13:20)
    at set firstName [as firstName] (src\user.js:13:20)
    at set firstName [as firstName] (src\user.js:13:20)
    at set firstName [as firstName] (src\user.js:13:20)
    at set firstName [as firstName] (src\user.js:13:20)
    at set firstName [as firstName] (src\user.js:13:20)
    at set firstName [as firstName] (src\user.js:13:20)
    at set firstName [as firstName] (src\user.js:13:20)
    at set firstName [as firstName] (src\user.js:13:20)
    at set firstName [as firstName] (src\user.js:13:20)
    at set firstName [as firstName] (src\user.js:13:20)
    at set firstName [as firstName] (src\user.js:13:20)
    at set firstName [as firstName] (src\user.js:13:20)
    at set firstName [as firstName] (src\user.js:13:20)
    at set firstName [as firstName] (src\user.js:13:20)
    at set firstName [as firstName] (src\user.js:13:20)
    at set firstName [as firstName] (src\user.js:13:20)
    at set firstName [as firstName] (src\user.js:13:20)
    at set firstName [as firstName] (src\user.js:13:20)
    at set firstName [as firstName] (src\user.js:13:20)
    at set firstName [as firstName] (src\user.js:13:20)
    at set firstName [as firstName] (src\user.js:13:20)
    at set firstName [as firstName] (src\user.js:13:20)
    at set firstName [as firstName] (src\user.js:13:20)
    at set firstName [as firstName] (src\user.js:13:20)
    at set firstName [as firstName] (src\user.js:13:20)
    at set firstName [as firstName] (src\user.js:13:20)
    at set firstName [as firstName] (src\user.js:13:20)
    at set firstName [as firstName] (src\user.js:13:20)
    at set firstName [as firstName] (src\user.js:13:20)
    at set firstName [as firstName] (src\user.js:13:20)
    at set firstName [as firstName] (src\user.js:13:20)
    at set firstName [as firstName] (src\user.js:13:20)
    at set firstName [as firstName] (src\user.js:13:20)
    at set firstName [as firstName] (src\user.js:13:20)
    at set firstName [as firstName] (src\user.js:13:20)
    at set firstName [as firstName] (src\user.js:13:20)
    at set firstName [as firstName] (src\user.js:13:20)
    at set firstName [as firstName] (src\user.js:13:20)
    at set firstName [as firstName] (src\user.js:13:20)
    at set firstName [as firstName] (src\user.js:13:20)
    at set firstName [as firstName] (src\user.js:13:20)
    at set firstName [as firstName] (src\user.js:13:20)
    at set firstName [as firstName] (src\user.js:13:20)
    at set firstName [as firstName] (src\user.js:13:20)
    at set firstName [as firstName] (src\user.js:13:20)
    at set firstName [as firstName] (src\user.js:13:20)
    at set firstName [as firstName] (src\user.js:13:20)
    at set firstName [as firstName] (src\user.js:13:20)
    at set firstName [as firstName] (src\user.js:13:20)
    at set firstName [as firstName] (src\user.js:13:20)
    at set firstName [as firstName] (src\user.js:13:20)
    at set firstName [as firstName] (src\user.js:13:20)
    at set firstName [as firstName] (src\user.js:13:20)
    at set firstName [as firstName] (src\user.js:13:20)
    at set firstName [as firstName] (src\user.js:13:20)
    at set firstName [as firstName] (src\user.js:13:20)
    at set firstName [as firstName] (src\user.js:13:20)
    at set firstName [as firstName] (src\user.js:13:20)
    at set firstName [as firstName] (src\user.js:13:20)
    at set firstName [as firstName] (src\user.js:13:20)
    at set firstName [as firstName] (src\user.js:13:20)
    at set firstName [as firstName] (src\user.js:13:20)
    at set firstName [as firstName] (src\user.js:13:20)
    at set firstName [as firstName] (src\user.js:13:20)
    at set firstName [as firstName] (src\user.js:13:20)
    at set firstName [as firstName] (src\user.js:13:20)
    at set firstName [as firstName] (src\user.js:13:20)
    at set firstName [as firstName] (src\user.js:13:20)
    at set firstName [as firstName] (src\user.js:13:20)
    at set firstName [as firstName] (src\user.js:13:20)
    at set firstName [as firstName] (src\user.js:13:20)
    at set firstName [as firstName] (src\user.js:13:20)
    at new User (src\user.js:4:18)
    at Context.<anonymous> (test\user.test.js:24:18)
    at process.processImmediate (node:internal/timers:483:21)]]></failure>
    </testcase>
    <testcase name="User class should not create User instance with any empty data" time="0.000" classname="should not create User instance with any empty data">
    </testcase>
    <testcase name="User class should not allow to create User instance with wrong data types" time="0.003" classname="should not allow to create User instance with wrong data types">
    </testcase>
    <testcase name="User class should use setter for setting firstName" time="0.001" classname="should use setter for setting firstName">
      <failure message="Maximum call stack size exceeded" type="RangeError"><![CDATA[RangeError: Maximum call stack size exceeded
    at set firstName [as firstName] (src\user.js:13:20)
    at set firstName [as firstName] (src\user.js:13:20)
    at set firstName [as firstName] (src\user.js:13:20)
    at set firstName [as firstName] (src\user.js:13:20)
    at set firstName [as firstName] (src\user.js:13:20)
    at set firstName [as firstName] (src\user.js:13:20)
    at set firstName [as firstName] (src\user.js:13:20)
    at set firstName [as firstName] (src\user.js:13:20)
    at set firstName [as firstName] (src\user.js:13:20)
    at set firstName [as firstName] (src\user.js:13:20)
    at set firstName [as firstName] (src\user.js:13:20)
    at set firstName [as firstName] (src\user.js:13:20)
    at set firstName [as firstName] (src\user.js:13:20)
    at set firstName [as firstName] (src\user.js:13:20)
    at set firstName [as firstName] (src\user.js:13:20)
    at set firstName [as firstName] (src\user.js:13:20)
    at set firstName [as firstName] (src\user.js:13:20)
    at set firstName [as firstName] (src\user.js:13:20)
    at set firstName [as firstName] (src\user.js:13:20)
    at set firstName [as firstName] (src\user.js:13:20)
    at set firstName [as firstName] (src\user.js:13:20)
    at set firstName [as firstName] (src\user.js:13:20)
    at set firstName [as firstName] (src\user.js:13:20)
    at set firstName [as firstName] (src\user.js:13:20)
    at set firstName [as firstName] (src\user.js:13:20)
    at set firstName [as firstName] (src\user.js:13:20)
    at set firstName [as firstName] (src\user.js:13:20)
    at set firstName [as firstName] (src\user.js:13:20)
    at set firstName [as firstName] (src\user.js:13:20)
    at set firstName [as firstName] (src\user.js:13:20)
    at set firstName [as firstName] (src\user.js:13:20)
    at set firstName [as firstName] (src\user.js:13:20)
    at set firstName [as firstName] (src\user.js:13:20)
    at set firstName [as firstName] (src\user.js:13:20)
    at set firstName [as firstName] (src\user.js:13:20)
    at set firstName [as firstName] (src\user.js:13:20)
    at set firstName [as firstName] (src\user.js:13:20)
    at set firstName [as firstName] (src\user.js:13:20)
    at set firstName [as firstName] (src\user.js:13:20)
    at set firstName [as firstName] (src\user.js:13:20)
    at set firstName [as firstName] (src\user.js:13:20)
    at set firstName [as firstName] (src\user.js:13:20)
    at set firstName [as firstName] (src\user.js:13:20)
    at set firstName [as firstName] (src\user.js:13:20)
    at set firstName [as firstName] (src\user.js:13:20)
    at set firstName [as firstName] (src\user.js:13:20)
    at set firstName [as firstName] (src\user.js:13:20)
    at set firstName [as firstName] (src\user.js:13:20)
    at set firstName [as firstName] (src\user.js:13:20)
    at set firstName [as firstName] (src\user.js:13:20)
    at set firstName [as firstName] (src\user.js:13:20)
    at set firstName [as firstName] (src\user.js:13:20)
    at set firstName [as firstName] (src\user.js:13:20)
    at set firstName [as firstName] (src\user.js:13:20)
    at set firstName [as firstName] (src\user.js:13:20)
    at set firstName [as firstName] (src\user.js:13:20)
    at set firstName [as firstName] (src\user.js:13:20)
    at set firstName [as firstName] (src\user.js:13:20)
    at set firstName [as firstName] (src\user.js:13:20)
    at set firstName [as firstName] (src\user.js:13:20)
    at set firstName [as firstName] (src\user.js:13:20)
    at set firstName [as firstName] (src\user.js:13:20)
    at set firstName [as firstName] (src\user.js:13:20)
    at set firstName [as firstName] (src\user.js:13:20)
    at set firstName [as firstName] (src\user.js:13:20)
    at set firstName [as firstName] (src\user.js:13:20)
    at set firstName [as firstName] (src\user.js:13:20)
    at set firstName [as firstName] (src\user.js:13:20)
    at set firstName [as firstName] (src\user.js:13:20)
    at set firstName [as firstName] (src\user.js:13:20)
    at set firstName [as firstName] (src\user.js:13:20)
    at set firstName [as firstName] (src\user.js:13:20)
    at set firstName [as firstName] (src\user.js:13:20)
    at set firstName [as firstName] (src\user.js:13:20)
    at set firstName [as firstName] (src\user.js:13:20)
    at set firstName [as firstName] (src\user.js:13:20)
    at set firstName [as firstName] (src\user.js:13:20)
    at set firstName [as firstName] (src\user.js:13:20)
    at set firstName [as firstName] (src\user.js:13:20)
    at set firstName [as firstName] (src\user.js:13:20)
    at set firstName [as firstName] (src\user.js:13:20)
    at set firstName [as firstName] (src\user.js:13:20)
    at set firstName [as firstName] (src\user.js:13:20)
    at set firstName [as firstName] (src\user.js:13:20)
    at set firstName [as firstName] (src\user.js:13:20)
    at set firstName [as firstName] (src\user.js:13:20)
    at set firstName [as firstName] (src\user.js:13:20)
    at set firstName [as firstName] (src\user.js:13:20)
    at set firstName [as firstName] (src\user.js:13:20)
    at set firstName [as firstName] (src\user.js:13:20)
    at set firstName [as firstName] (src\user.js:13:20)
    at set firstName [as firstName] (src\user.js:13:20)
    at set firstName [as firstName] (src\user.js:13:20)
    at set firstName [as firstName] (src\user.js:13:20)
    at set firstName [as firstName] (src\user.js:13:20)
    at set firstName [as firstName] (src\user.js:13:20)
    at set firstName [as firstName] (src\user.js:13:20)
    at set firstName [as firstName] (src\user.js:13:20)
    at set firstName [as firstName] (src\user.js:13:20)
    at set firstName [as firstName] (src\user.js:13:20)
    at set firstName [as firstName] (src\user.js:13:20)
    at set firstName [as firstName] (src\user.js:13:20)
    at set firstName [as firstName] (src\user.js:13:20)
    at set firstName [as firstName] (src\user.js:13:20)
    at set firstName [as firstName] (src\user.js:13:20)
    at set firstName [as firstName] (src\user.js:13:20)
    at set firstName [as firstName] (src\user.js:13:20)
    at set firstName [as firstName] (src\user.js:13:20)
    at set firstName [as firstName] (src\user.js:13:20)
    at set firstName [as firstName] (src\user.js:13:20)
    at set firstName [as firstName] (src\user.js:13:20)
    at set firstName [as firstName] (src\user.js:13:20)
    at set firstName [as firstName] (src\user.js:13:20)
    at set firstName [as firstName] (src\user.js:13:20)
    at set firstName [as firstName] (src\user.js:13:20)
    at set firstName [as firstName] (src\user.js:13:20)
    at set firstName [as firstName] (src\user.js:13:20)
    at set firstName [as firstName] (src\user.js:13:20)
    at set firstName [as firstName] (src\user.js:13:20)
    at set firstName [as firstName] (src\user.js:13:20)
    at set firstName [as firstName] (src\user.js:13:20)
    at set firstName [as firstName] (src\user.js:13:20)
    at set firstName [as firstName] (src\user.js:13:20)
    at set firstName [as firstName] (src\user.js:13:20)
    at set firstName [as firstName] (src\user.js:13:20)
    at set firstName [as firstName] (src\user.js:13:20)
    at set firstName [as firstName] (src\user.js:13:20)
    at set firstName [as firstName] (src\user.js:13:20)
    at set firstName [as firstName] (src\user.js:13:20)
    at set firstName [as firstName] (src\user.js:13:20)
    at set firstName [as firstName] (src\user.js:13:20)
    at set firstName [as firstName] (src\user.js:13:20)
    at set firstName [as firstName] (src\user.js:13:20)
    at set firstName [as firstName] (src\user.js:13:20)
    at set firstName [as firstName] (src\user.js:13:20)
    at set firstName [as firstName] (src\user.js:13:20)
    at set firstName [as firstName] (src\user.js:13:20)
    at set firstName [as firstName] (src\user.js:13:20)
    at set firstName [as firstName] (src\user.js:13:20)
    at set firstName [as firstName] (src\user.js:13:20)
    at set firstName [as firstName] (src\user.js:13:20)
    at set firstName [as firstName] (src\user.js:13:20)
    at set firstName [as firstName] (src\user.js:13:20)
    at set firstName [as firstName] (src\user.js:13:20)
    at set firstName [as firstName] (src\user.js:13:20)
    at set firstName [as firstName] (src\user.js:13:20)
    at set firstName [as firstName] (src\user.js:13:20)
    at set firstName [as firstName] (src\user.js:13:20)
    at set firstName [as firstName] (src\user.js:13:20)
    at set firstName [as firstName] (src\user.js:13:20)
    at set firstName [as firstName] (src\user.js:13:20)
    at set firstName [as firstName] (src\user.js:13:20)
    at set firstName [as firstName] (src\user.js:13:20)
    at set firstName [as firstName] (src\user.js:13:20)
    at set firstName [as firstName] (src\user.js:13:20)
    at set firstName [as firstName] (src\user.js:13:20)
    at set firstName [as firstName] (src\user.js:13:20)
    at set firstName [as firstName] (src\user.js:13:20)
    at set firstName [as firstName] (src\user.js:13:20)
    at set firstName [as firstName] (src\user.js:13:20)
    at set firstName [as firstName] (src\user.js:13:20)
    at set firstName [as firstName] (src\user.js:13:20)
    at set firstName [as firstName] (src\user.js:13:20)
    at set firstName [as firstName] (src\user.js:13:20)
    at set firstName [as firstName] (src\user.js:13:20)
    at set firstName [as firstName] (src\user.js:13:20)
    at set firstName [as firstName] (src\user.js:13:20)
    at set firstName [as firstName] (src\user.js:13:20)
    at set firstName [as firstName] (src\user.js:13:20)
    at set firstName [as firstName] (src\user.js:13:20)
    at set firstName [as firstName] (src\user.js:13:20)
    at set firstName [as firstName] (src\user.js:13:20)
    at set firstName [as firstName] (src\user.js:13:20)
    at set firstName [as firstName] (src\user.js:13:20)
    at set firstName [as firstName] (src\user.js:13:20)
    at set firstName [as firstName] (src\user.js:13:20)
    at set firstName [as firstName] (src\user.js:13:20)
    at set firstName [as firstName] (src\user.js:13:20)
    at set firstName [as firstName] (src\user.js:13:20)
    at set firstName [as firstName] (src\user.js:13:20)
    at set firstName [as firstName] (src\user.js:13:20)
    at set firstName [as firstName] (src\user.js:13:20)
    at set firstName [as firstName] (src\user.js:13:20)
    at set firstName [as firstName] (src\user.js:13:20)
    at set firstName [as firstName] (src\user.js:13:20)
    at set firstName [as firstName] (src\user.js:13:20)
    at set firstName [as firstName] (src\user.js:13:20)
    at set firstName [as firstName] (src\user.js:13:20)
    at set firstName [as firstName] (src\user.js:13:20)
    at set firstName [as firstName] (src\user.js:13:20)
    at set firstName [as firstName] (src\user.js:13:20)
    at set firstName [as firstName] (src\user.js:13:20)
    at set firstName [as firstName] (src\user.js:13:20)
    at set firstName [as firstName] (src\user.js:13:20)
    at set firstName [as firstName] (src\user.js:13:20)
    at set firstName [as firstName] (src\user.js:13:20)
    at set firstName [as firstName] (src\user.js:13:20)
    at set firstName [as firstName] (src\user.js:13:20)
    at set firstName [as firstName] (src\user.js:13:20)
    at set firstName [as firstName] (src\user.js:13:20)
    at set firstName [as firstName] (src\user.js:13:20)
    at set firstName [as firstName] (src\user.js:13:20)
    at set firstName [as firstName] (src\user.js:13:20)
    at set firstName [as firstName] (src\user.js:13:20)
    at set firstName [as firstName] (src\user.js:13:20)
    at set firstName [as firstName] (src\user.js:13:20)
    at set firstName [as firstName] (src\user.js:13:20)
    at set firstName [as firstName] (src\user.js:13:20)
    at set firstName [as firstName] (src\user.js:13:20)
    at set firstName [as firstName] (src\user.js:13:20)
    at set firstName [as firstName] (src\user.js:13:20)
    at set firstName [as firstName] (src\user.js:13:20)
    at set firstName [as firstName] (src\user.js:13:20)
    at set firstName [as firstName] (src\user.js:13:20)
    at set firstName [as firstName] (src\user.js:13:20)
    at set firstName [as firstName] (src\user.js:13:20)
    at set firstName [as firstName] (src\user.js:13:20)
    at set firstName [as firstName] (src\user.js:13:20)
    at set firstName [as firstName] (src\user.js:13:20)
    at set firstName [as firstName] (src\user.js:13:20)
    at set firstName [as firstName] (src\user.js:13:20)
    at set firstName [as firstName] (src\user.js:13:20)
    at set firstName [as firstName] (src\user.js:13:20)
    at set firstName [as firstName] (src\user.js:13:20)
    at set firstName [as firstName] (src\user.js:13:20)
    at set firstName [as firstName] (src\user.js:13:20)
    at set firstName [as firstName] (src\user.js:13:20)
    at set firstName [as firstName] (src\user.js:13:20)
    at set firstName [as firstName] (src\user.js:13:20)
    at set firstName [as firstName] (src\user.js:13:20)
    at set firstName [as firstName] (src\user.js:13:20)
    at set firstName [as firstName] (src\user.js:13:20)
    at set firstName [as firstName] (src\user.js:13:20)
    at set firstName [as firstName] (src\user.js:13:20)
    at set firstName [as firstName] (src\user.js:13:20)
    at set firstName [as firstName] (src\user.js:13:20)
    at set firstName [as firstName] (src\user.js:13:20)
    at set firstName [as firstName] (src\user.js:13:20)
    at set firstName [as firstName] (src\user.js:13:20)
    at set firstName [as firstName] (src\user.js:13:20)
    at set firstName [as firstName] (src\user.js:13:20)
    at set firstName [as firstName] (src\user.js:13:20)
    at set firstName [as firstName] (src\user.js:13:20)
    at set firstName [as firstName] (src\user.js:13:20)
    at set firstName [as firstName] (src\user.js:13:20)
    at set firstName [as firstName] (src\user.js:13:20)
    at set firstName [as firstName] (src\user.js:13:20)
    at set firstName [as firstName] (src\user.js:13:20)
    at set firstName [as firstName] (src\user.js:13:20)
    at set firstName [as firstName] (src\user.js:13:20)
    at set firstName [as firstName] (src\user.js:13:20)
    at set firstName [as firstName] (src\user.js:13:20)
    at set firstName [as firstName] (src\user.js:13:20)
    at set firstName [as firstName] (src\user.js:13:20)
    at set firstName [as firstName] (src\user.js:13:20)
    at set firstName [as firstName] (src\user.js:13:20)
    at set firstName [as firstName] (src\user.js:13:20)
    at set firstName [as firstName] (src\user.js:13:20)
    at set firstName [as firstName] (src\user.js:13:20)
    at set firstName [as firstName] (src\user.js:13:20)
    at set firstName [as firstName] (src\user.js:13:20)
    at set firstName [as firstName] (src\user.js:13:20)
    at set firstName [as firstName] (src\user.js:13:20)
    at set firstName [as firstName] (src\user.js:13:20)
    at set firstName [as firstName] (src\user.js:13:20)
    at set firstName [as firstName] (src\user.js:13:20)
    at set firstName [as firstName] (src\user.js:13:20)
    at set firstName [as firstName] (src\user.js:13:20)
    at set firstName [as firstName] (src\user.js:13:20)
    at set firstName [as firstName] (src\user.js:13:20)
    at set firstName [as firstName] (src\user.js:13:20)
    at set firstName [as firstName] (src\user.js:13:20)
    at set firstName [as firstName] (src\user.js:13:20)
    at set firstName [as firstName] (src\user.js:13:20)
    at set firstName [as firstName] (src\user.js:13:20)
    at set firstName [as firstName] (src\user.js:13:20)
    at set firstName [as firstName] (src\user.js:13:20)
    at set firstName [as firstName] (src\user.js:13:20)
    at set firstName [as firstName] (src\user.js:13:20)
    at set firstName [as firstName] (src\user.js:13:20)
    at set firstName [as firstName] (src\user.js:13:20)
    at set firstName [as firstName] (src\user.js:13:20)
    at set firstName [as firstName] (src\user.js:13:20)
    at set firstName [as firstName] (src\user.js:13:20)
    at set firstName [as firstName] (src\user.js:13:20)
    at set firstName [as firstName] (src\user.js:13:20)
    at set firstName [as firstName] (src\user.js:13:20)
    at set firstName [as firstName] (src\user.js:13:20)
    at set firstName [as firstName] (src\user.js:13:20)
    at set firstName [as firstName] (src\user.js:13:20)
    at set firstName [as firstName] (src\user.js:13:20)
    at set firstName [as firstName] (src\user.js:13:20)
    at set firstName [as firstName] (src\user.js:13:20)
    at set firstName [as firstName] (src\user.js:13:20)
    at set firstName [as firstName] (src\user.js:13:20)
    at set firstName [as firstName] (src\user.js:13:20)
    at set firstName [as firstName] (src\user.js:13:20)
    at set firstName [as firstName] (src\user.js:13:20)
    at set firstName [as firstName] (src\user.js:13:20)
    at set firstName [as firstName] (src\user.js:13:20)
    at set firstName [as firstName] (src\user.js:13:20)
    at set firstName [as firstName] (src\user.js:13:20)
    at set firstName [as firstName] (src\user.js:13:20)
    at set firstName [as firstName] (src\user.js:13:20)
    at set firstName [as firstName] (src\user.js:13:20)
    at set firstName [as firstName] (src\user.js:13:20)
    at set firstName [as firstName] (src\user.js:13:20)
    at set firstName [as firstName] (src\user.js:13:20)
    at set firstName [as firstName] (src\user.js:13:20)
    at set firstName [as firstName] (src\user.js:13:20)
    at set firstName [as firstName] (src\user.js:13:20)
    at set firstName [as firstName] (src\user.js:13:20)
    at set firstName [as firstName] (src\user.js:13:20)
    at set firstName [as firstName] (src\user.js:13:20)
    at set firstName [as firstName] (src\user.js:13:20)
    at set firstName [as firstName] (src\user.js:13:20)
    at set firstName [as firstName] (src\user.js:13:20)
    at set firstName [as firstName] (src\user.js:13:20)
    at set firstName [as firstName] (src\user.js:13:20)
    at set firstName [as firstName] (src\user.js:13:20)
    at set firstName [as firstName] (src\user.js:13:20)
    at set firstName [as firstName] (src\user.js:13:20)
    at set firstName [as firstName] (src\user.js:13:20)
    at set firstName [as firstName] (src\user.js:13:20)
    at set firstName [as firstName] (src\user.js:13:20)
    at set firstName [as firstName] (src\user.js:13:20)
    at set firstName [as firstName] (src\user.js:13:20)
    at set firstName [as firstName] (src\user.js:13:20)
    at set firstName [as firstName] (src\user.js:13:20)
    at set firstName [as firstName] (src\user.js:13:20)
    at set firstName [as firstName] (src\user.js:13:20)
    at set firstName [as firstName] (src\user.js:13:20)
    at set firstName [as firstName] (src\user.js:13:20)
    at set firstName [as firstName] (src\user.js:13:20)
    at set firstName [as firstName] (src\user.js:13:20)
    at set firstName [as firstName] (src\user.js:13:20)
    at set firstName [as firstName] (src\user.js:13:20)
    at set firstName [as firstName] (src\user.js:13:20)
    at set firstName [as firstName] (src\user.js:13:20)
    at set firstName [as firstName] (src\user.js:13:20)
    at set firstName [as firstName] (src\user.js:13:20)
    at set firstName [as firstName] (src\user.js:13:20)
    at set firstName [as firstName] (src\user.js:13:20)
    at set firstName [as firstName] (src\user.js:13:20)
    at set firstName [as firstName] (src\user.js:13:20)
    at set firstName [as firstName] (src\user.js:13:20)
    at set firstName [as firstName] (src\user.js:13:20)
    at set firstName [as firstName] (src\user.js:13:20)
    at set firstName [as firstName] (src\user.js:13:20)
    at set firstName [as firstName] (src\user.js:13:20)
    at set firstName [as firstName] (src\user.js:13:20)
    at set firstName [as firstName] (src\user.js:13:20)
    at set firstName [as firstName] (src\user.js:13:20)
    at set firstName [as firstName] (src\user.js:13:20)
    at set firstName [as firstName] (src\user.js:13:20)
    at set firstName [as firstName] (src\user.js:13:20)
    at set firstName [as firstName] (src\user.js:13:20)
    at set firstName [as firstName] (src\user.js:13:20)
    at set firstName [as firstName] (src\user.js:13:20)
    at set firstName [as firstName] (src\user.js:13:20)
    at set firstName [as firstName] (src\user.js:13:20)
    at set firstName [as firstName] (src\user.js:13:20)
    at set firstName [as firstName] (src\user.js:13:20)
    at set firstName [as firstName] (src\user.js:13:20)
    at set firstName [as firstName] (src\user.js:13:20)
    at set firstName [as firstName] (src\user.js:13:20)
    at set firstName [as firstName] (src\user.js:13:20)
    at set firstName [as firstName] (src\user.js:13:20)
    at set firstName [as firstName] (src\user.js:13:20)
    at set firstName [as firstName] (src\user.js:13:20)
    at set firstName [as firstName] (src\user.js:13:20)
    at set firstName [as firstName] (src\user.js:13:20)
    at set firstName [as firstName] (src\user.js:13:20)
    at set firstName [as firstName] (src\user.js:13:20)
    at set firstName [as firstName] (src\user.js:13:20)
    at set firstName [as firstName] (src\user.js:13:20)
    at set firstName [as firstName] (src\user.js:13:20)
    at set firstName [as firstName] (src\user.js:13:20)
    at set firstName [as firstName] (src\user.js:13:20)
    at set firstName [as firstName] (src\user.js:13:20)
    at set firstName [as firstName] (src\user.js:13:20)
    at set firstName [as firstName] (src\user.js:13:20)
    at set firstName [as firstName] (src\user.js:13:20)
    at set firstName [as firstName] (src\user.js:13:20)
    at set firstName [as firstName] (src\user.js:13:20)
    at set firstName [as firstName] (src\user.js:13:20)
    at set firstName [as firstName] (src\user.js:13:20)
    at set firstName [as firstName] (src\user.js:13:20)
    at set firstName [as firstName] (src\user.js:13:20)
    at set firstName [as firstName] (src\user.js:13:20)
    at set firstName [as firstName] (src\user.js:13:20)
    at set firstName [as firstName] (src\user.js:13:20)
    at set firstName [as firstName] (src\user.js:13:20)
    at set firstName [as firstName] (src\user.js:13:20)
    at set firstName [as firstName] (src\user.js:13:20)
    at set firstName [as firstName] (src\user.js:13:20)
    at set firstName [as firstName] (src\user.js:13:20)
    at set firstName [as firstName] (src\user.js:13:20)
    at set firstName [as firstName] (src\user.js:13:20)
    at set firstName [as firstName] (src\user.js:13:20)
    at set firstName [as firstName] (src\user.js:13:20)
    at set firstName [as firstName] (src\user.js:13:20)
    at set firstName [as firstName] (src\user.js:13:20)
    at set firstName [as firstName] (src\user.js:13:20)
    at set firstName [as firstName] (src\user.js:13:20)
    at set firstName [as firstName] (src\user.js:13:20)
    at set firstName [as firstName] (src\user.js:13:20)
    at set firstName [as firstName] (src\user.js:13:20)
    at set firstName [as firstName] (src\user.js:13:20)
    at set firstName [as firstName] (src\user.js:13:20)
    at set firstName [as firstName] (src\user.js:13:20)
    at set firstName [as firstName] (src\user.js:13:20)
    at set firstName [as firstName] (src\user.js:13:20)
    at set firstName [as firstName] (src\user.js:13:20)
    at set firstName [as firstName] (src\user.js:13:20)
    at set firstName [as firstName] (src\user.js:13:20)
    at set firstName [as firstName] (src\user.js:13:20)
    at set firstName [as firstName] (src\user.js:13:20)
    at set firstName [as firstName] (src\user.js:13:20)
    at set firstName [as firstName] (src\user.js:13:20)
    at set firstName [as firstName] (src\user.js:13:20)
    at set firstName [as firstName] (src\user.js:13:20)
    at set firstName [as firstName] (src\user.js:13:20)
    at set firstName [as firstName] (src\user.js:13:20)
    at set firstName [as firstName] (src\user.js:13:20)
    at set firstName [as firstName] (src\user.js:13:20)
    at set firstName [as firstName] (src\user.js:13:20)
    at set firstName [as firstName] (src\user.js:13:20)
    at set firstName [as firstName] (src\user.js:13:20)
    at set firstName [as firstName] (src\user.js:13:20)
    at set firstName [as firstName] (src\user.js:13:20)
    at set firstName [as firstName] (src\user.js:13:20)
    at set firstName [as firstName] (src\user.js:13:20)
    at set firstName [as firstName] (src\user.js:13:20)
    at set firstName [as firstName] (src\user.js:13:20)
    at set firstName [as firstName] (src\user.js:13:20)
    at set firstName [as firstName] (src\user.js:13:20)
    at set firstName [as firstName] (src\user.js:13:20)
    at new User (src\user.js:4:18)
    at Context.<anonymous> (test\user.test.js:43:18)
    at process.processImmediate (node:internal/timers:483:21)]]></failure>
    </testcase>
    <testcase name="User class should have getter for name (firstName + lastName with a space between)" time="0.001" classname="should have getter for name (firstName + lastName with a space between)">
      <failure message="Maximum call stack size exceeded" type="RangeError"><![CDATA[RangeError: Maximum call stack size exceeded
    at set firstName [as firstName] (src\user.js:13:20)
    at set firstName [as firstName] (src\user.js:13:20)
    at set firstName [as firstName] (src\user.js:13:20)
    at set firstName [as firstName] (src\user.js:13:20)
    at set firstName [as firstName] (src\user.js:13:20)
    at set firstName [as firstName] (src\user.js:13:20)
    at set firstName [as firstName] (src\user.js:13:20)
    at set firstName [as firstName] (src\user.js:13:20)
    at set firstName [as firstName] (src\user.js:13:20)
    at set firstName [as firstName] (src\user.js:13:20)
    at set firstName [as firstName] (src\user.js:13:20)
    at set firstName [as firstName] (src\user.js:13:20)
    at set firstName [as firstName] (src\user.js:13:20)
    at set firstName [as firstName] (src\user.js:13:20)
    at set firstName [as firstName] (src\user.js:13:20)
    at set firstName [as firstName] (src\user.js:13:20)
    at set firstName [as firstName] (src\user.js:13:20)
    at set firstName [as firstName] (src\user.js:13:20)
    at set firstName [as firstName] (src\user.js:13:20)
    at set firstName [as firstName] (src\user.js:13:20)
    at set firstName [as firstName] (src\user.js:13:20)
    at set firstName [as firstName] (src\user.js:13:20)
    at set firstName [as firstName] (src\user.js:13:20)
    at set firstName [as firstName] (src\user.js:13:20)
    at set firstName [as firstName] (src\user.js:13:20)
    at set firstName [as firstName] (src\user.js:13:20)
    at set firstName [as firstName] (src\user.js:13:20)
    at set firstName [as firstName] (src\user.js:13:20)
    at set firstName [as firstName] (src\user.js:13:20)
    at set firstName [as firstName] (src\user.js:13:20)
    at set firstName [as firstName] (src\user.js:13:20)
    at set firstName [as firstName] (src\user.js:13:20)
    at set firstName [as firstName] (src\user.js:13:20)
    at set firstName [as firstName] (src\user.js:13:20)
    at set firstName [as firstName] (src\user.js:13:20)
    at set firstName [as firstName] (src\user.js:13:20)
    at set firstName [as firstName] (src\user.js:13:20)
    at set firstName [as firstName] (src\user.js:13:20)
    at set firstName [as firstName] (src\user.js:13:20)
    at set firstName [as firstName] (src\user.js:13:20)
    at set firstName [as firstName] (src\user.js:13:20)
    at set firstName [as firstName] (src\user.js:13:20)
    at set firstName [as firstName] (src\user.js:13:20)
    at set firstName [as firstName] (src\user.js:13:20)
    at set firstName [as firstName] (src\user.js:13:20)
    at set firstName [as firstName] (src\user.js:13:20)
    at set firstName [as firstName] (src\user.js:13:20)
    at set firstName [as firstName] (src\user.js:13:20)
    at set firstName [as firstName] (src\user.js:13:20)
    at set firstName [as firstName] (src\user.js:13:20)
    at set firstName [as firstName] (src\user.js:13:20)
    at set firstName [as firstName] (src\user.js:13:20)
    at set firstName [as firstName] (src\user.js:13:20)
    at set firstName [as firstName] (src\user.js:13:20)
    at set firstName [as firstName] (src\user.js:13:20)
    at set firstName [as firstName] (src\user.js:13:20)
    at set firstName [as firstName] (src\user.js:13:20)
    at set firstName [as firstName] (src\user.js:13:20)
    at set firstName [as firstName] (src\user.js:13:20)
    at set firstName [as firstName] (src\user.js:13:20)
    at set firstName [as firstName] (src\user.js:13:20)
    at set firstName [as firstName] (src\user.js:13:20)
    at set firstName [as firstName] (src\user.js:13:20)
    at set firstName [as firstName] (src\user.js:13:20)
    at set firstName [as firstName] (src\user.js:13:20)
    at set firstName [as firstName] (src\user.js:13:20)
    at set firstName [as firstName] (src\user.js:13:20)
    at set firstName [as firstName] (src\user.js:13:20)
    at set firstName [as firstName] (src\user.js:13:20)
    at set firstName [as firstName] (src\user.js:13:20)
    at set firstName [as firstName] (src\user.js:13:20)
    at set firstName [as firstName] (src\user.js:13:20)
    at set firstName [as firstName] (src\user.js:13:20)
    at set firstName [as firstName] (src\user.js:13:20)
    at set firstName [as firstName] (src\user.js:13:20)
    at set firstName [as firstName] (src\user.js:13:20)
    at set firstName [as firstName] (src\user.js:13:20)
    at set firstName [as firstName] (src\user.js:13:20)
    at set firstName [as firstName] (src\user.js:13:20)
    at set firstName [as firstName] (src\user.js:13:20)
    at set firstName [as firstName] (src\user.js:13:20)
    at set firstName [as firstName] (src\user.js:13:20)
    at set firstName [as firstName] (src\user.js:13:20)
    at set firstName [as firstName] (src\user.js:13:20)
    at set firstName [as firstName] (src\user.js:13:20)
    at set firstName [as firstName] (src\user.js:13:20)
    at set firstName [as firstName] (src\user.js:13:20)
    at set firstName [as firstName] (src\user.js:13:20)
    at set firstName [as firstName] (src\user.js:13:20)
    at set firstName [as firstName] (src\user.js:13:20)
    at set firstName [as firstName] (src\user.js:13:20)
    at set firstName [as firstName] (src\user.js:13:20)
    at set firstName [as firstName] (src\user.js:13:20)
    at set firstName [as firstName] (src\user.js:13:20)
    at set firstName [as firstName] (src\user.js:13:20)
    at set firstName [as firstName] (src\user.js:13:20)
    at set firstName [as firstName] (src\user.js:13:20)
    at set firstName [as firstName] (src\user.js:13:20)
    at set firstName [as firstName] (src\user.js:13:20)
    at set firstName [as firstName] (src\user.js:13:20)
    at set firstName [as firstName] (src\user.js:13:20)
    at set firstName [as firstName] (src\user.js:13:20)
    at set firstName [as firstName] (src\user.js:13:20)
    at set firstName [as firstName] (src\user.js:13:20)
    at set firstName [as firstName] (src\user.js:13:20)
    at set firstName [as firstName] (src\user.js:13:20)
    at set firstName [as firstName] (src\user.js:13:20)
    at set firstName [as firstName] (src\user.js:13:20)
    at set firstName [as firstName] (src\user.js:13:20)
    at set firstName [as firstName] (src\user.js:13:20)
    at set firstName [as firstName] (src\user.js:13:20)
    at set firstName [as firstName] (src\user.js:13:20)
    at set firstName [as firstName] (src\user.js:13:20)
    at set firstName [as firstName] (src\user.js:13:20)
    at set firstName [as firstName] (src\user.js:13:20)
    at set firstName [as firstName] (src\user.js:13:20)
    at set firstName [as firstName] (src\user.js:13:20)
    at set firstName [as firstName] (src\user.js:13:20)
    at set firstName [as firstName] (src\user.js:13:20)
    at set firstName [as firstName] (src\user.js:13:20)
    at set firstName [as firstName] (src\user.js:13:20)
    at set firstName [as firstName] (src\user.js:13:20)
    at set firstName [as firstName] (src\user.js:13:20)
    at set firstName [as firstName] (src\user.js:13:20)
    at set firstName [as firstName] (src\user.js:13:20)
    at set firstName [as firstName] (src\user.js:13:20)
    at set firstName [as firstName] (src\user.js:13:20)
    at set firstName [as firstName] (src\user.js:13:20)
    at set firstName [as firstName] (src\user.js:13:20)
    at set firstName [as firstName] (src\user.js:13:20)
    at set firstName [as firstName] (src\user.js:13:20)
    at set firstName [as firstName] (src\user.js:13:20)
    at set firstName [as firstName] (src\user.js:13:20)
    at set firstName [as firstName] (src\user.js:13:20)
    at set firstName [as firstName] (src\user.js:13:20)
    at set firstName [as firstName] (src\user.js:13:20)
    at set firstName [as firstName] (src\user.js:13:20)
    at set firstName [as firstName] (src\user.js:13:20)
    at set firstName [as firstName] (src\user.js:13:20)
    at set firstName [as firstName] (src\user.js:13:20)
    at set firstName [as firstName] (src\user.js:13:20)
    at set firstName [as firstName] (src\user.js:13:20)
    at set firstName [as firstName] (src\user.js:13:20)
    at set firstName [as firstName] (src\user.js:13:20)
    at set firstName [as firstName] (src\user.js:13:20)
    at set firstName [as firstName] (src\user.js:13:20)
    at set firstName [as firstName] (src\user.js:13:20)
    at set firstName [as firstName] (src\user.js:13:20)
    at set firstName [as firstName] (src\user.js:13:20)
    at set firstName [as firstName] (src\user.js:13:20)
    at set firstName [as firstName] (src\user.js:13:20)
    at set firstName [as firstName] (src\user.js:13:20)
    at set firstName [as firstName] (src\user.js:13:20)
    at set firstName [as firstName] (src\user.js:13:20)
    at set firstName [as firstName] (src\user.js:13:20)
    at set firstName [as firstName] (src\user.js:13:20)
    at set firstName [as firstName] (src\user.js:13:20)
    at set firstName [as firstName] (src\user.js:13:20)
    at set firstName [as firstName] (src\user.js:13:20)
    at set firstName [as firstName] (src\user.js:13:20)
    at set firstName [as firstName] (src\user.js:13:20)
    at set firstName [as firstName] (src\user.js:13:20)
    at set firstName [as firstName] (src\user.js:13:20)
    at set firstName [as firstName] (src\user.js:13:20)
    at set firstName [as firstName] (src\user.js:13:20)
    at set firstName [as firstName] (src\user.js:13:20)
    at set firstName [as firstName] (src\user.js:13:20)
    at set firstName [as firstName] (src\user.js:13:20)
    at set firstName [as firstName] (src\user.js:13:20)
    at set firstName [as firstName] (src\user.js:13:20)
    at set firstName [as firstName] (src\user.js:13:20)
    at set firstName [as firstName] (src\user.js:13:20)
    at set firstName [as firstName] (src\user.js:13:20)
    at set firstName [as firstName] (src\user.js:13:20)
    at set firstName [as firstName] (src\user.js:13:20)
    at set firstName [as firstName] (src\user.js:13:20)
    at set firstName [as firstName] (src\user.js:13:20)
    at set firstName [as firstName] (src\user.js:13:20)
    at set firstName [as firstName] (src\user.js:13:20)
    at set firstName [as firstName] (src\user.js:13:20)
    at set firstName [as firstName] (src\user.js:13:20)
    at set firstName [as firstName] (src\user.js:13:20)
    at set firstName [as firstName] (src\user.js:13:20)
    at set firstName [as firstName] (src\user.js:13:20)
    at set firstName [as firstName] (src\user.js:13:20)
    at set firstName [as firstName] (src\user.js:13:20)
    at set firstName [as firstName] (src\user.js:13:20)
    at set firstName [as firstName] (src\user.js:13:20)
    at set firstName [as firstName] (src\user.js:13:20)
    at set firstName [as firstName] (src\user.js:13:20)
    at set firstName [as firstName] (src\user.js:13:20)
    at set firstName [as firstName] (src\user.js:13:20)
    at set firstName [as firstName] (src\user.js:13:20)
    at set firstName [as firstName] (src\user.js:13:20)
    at set firstName [as firstName] (src\user.js:13:20)
    at set firstName [as firstName] (src\user.js:13:20)
    at set firstName [as firstName] (src\user.js:13:20)
    at set firstName [as firstName] (src\user.js:13:20)
    at set firstName [as firstName] (src\user.js:13:20)
    at set firstName [as firstName] (src\user.js:13:20)
    at set firstName [as firstName] (src\user.js:13:20)
    at set firstName [as firstName] (src\user.js:13:20)
    at set firstName [as firstName] (src\user.js:13:20)
    at set firstName [as firstName] (src\user.js:13:20)
    at set firstName [as firstName] (src\user.js:13:20)
    at set firstName [as firstName] (src\user.js:13:20)
    at set firstName [as firstName] (src\user.js:13:20)
    at set firstName [as firstName] (src\user.js:13:20)
    at set firstName [as firstName] (src\user.js:13:20)
    at set firstName [as firstName] (src\user.js:13:20)
    at set firstName [as firstName] (src\user.js:13:20)
    at set firstName [as firstName] (src\user.js:13:20)
    at set firstName [as firstName] (src\user.js:13:20)
    at set firstName [as firstName] (src\user.js:13:20)
    at set firstName [as firstName] (src\user.js:13:20)
    at set firstName [as firstName] (src\user.js:13:20)
    at set firstName [as firstName] (src\user.js:13:20)
    at set firstName [as firstName] (src\user.js:13:20)
    at set firstName [as firstName] (src\user.js:13:20)
    at set firstName [as firstName] (src\user.js:13:20)
    at set firstName [as firstName] (src\user.js:13:20)
    at set firstName [as firstName] (src\user.js:13:20)
    at set firstName [as firstName] (src\user.js:13:20)
    at set firstName [as firstName] (src\user.js:13:20)
    at set firstName [as firstName] (src\user.js:13:20)
    at set firstName [as firstName] (src\user.js:13:20)
    at set firstName [as firstName] (src\user.js:13:20)
    at set firstName [as firstName] (src\user.js:13:20)
    at set firstName [as firstName] (src\user.js:13:20)
    at set firstName [as firstName] (src\user.js:13:20)
    at set firstName [as firstName] (src\user.js:13:20)
    at set firstName [as firstName] (src\user.js:13:20)
    at set firstName [as firstName] (src\user.js:13:20)
    at set firstName [as firstName] (src\user.js:13:20)
    at set firstName [as firstName] (src\user.js:13:20)
    at set firstName [as firstName] (src\user.js:13:20)
    at set firstName [as firstName] (src\user.js:13:20)
    at set firstName [as firstName] (src\user.js:13:20)
    at set firstName [as firstName] (src\user.js:13:20)
    at set firstName [as firstName] (src\user.js:13:20)
    at set firstName [as firstName] (src\user.js:13:20)
    at set firstName [as firstName] (src\user.js:13:20)
    at set firstName [as firstName] (src\user.js:13:20)
    at set firstName [as firstName] (src\user.js:13:20)
    at set firstName [as firstName] (src\user.js:13:20)
    at set firstName [as firstName] (src\user.js:13:20)
    at set firstName [as firstName] (src\user.js:13:20)
    at set firstName [as firstName] (src\user.js:13:20)
    at set firstName [as firstName] (src\user.js:13:20)
    at set firstName [as firstName] (src\user.js:13:20)
    at set firstName [as firstName] (src\user.js:13:20)
    at set firstName [as firstName] (src\user.js:13:20)
    at set firstName [as firstName] (src\user.js:13:20)
    at set firstName [as firstName] (src\user.js:13:20)
    at set firstName [as firstName] (src\user.js:13:20)
    at set firstName [as firstName] (src\user.js:13:20)
    at set firstName [as firstName] (src\user.js:13:20)
    at set firstName [as firstName] (src\user.js:13:20)
    at set firstName [as firstName] (src\user.js:13:20)
    at set firstName [as firstName] (src\user.js:13:20)
    at set firstName [as firstName] (src\user.js:13:20)
    at set firstName [as firstName] (src\user.js:13:20)
    at set firstName [as firstName] (src\user.js:13:20)
    at set firstName [as firstName] (src\user.js:13:20)
    at set firstName [as firstName] (src\user.js:13:20)
    at set firstName [as firstName] (src\user.js:13:20)
    at set firstName [as firstName] (src\user.js:13:20)
    at set firstName [as firstName] (src\user.js:13:20)
    at set firstName [as firstName] (src\user.js:13:20)
    at set firstName [as firstName] (src\user.js:13:20)
    at set firstName [as firstName] (src\user.js:13:20)
    at set firstName [as firstName] (src\user.js:13:20)
    at set firstName [as firstName] (src\user.js:13:20)
    at set firstName [as firstName] (src\user.js:13:20)
    at set firstName [as firstName] (src\user.js:13:20)
    at set firstName [as firstName] (src\user.js:13:20)
    at set firstName [as firstName] (src\user.js:13:20)
    at set firstName [as firstName] (src\user.js:13:20)
    at set firstName [as firstName] (src\user.js:13:20)
    at set firstName [as firstName] (src\user.js:13:20)
    at set firstName [as firstName] (src\user.js:13:20)
    at set firstName [as firstName] (src\user.js:13:20)
    at set firstName [as firstName] (src\user.js:13:20)
    at set firstName [as firstName] (src\user.js:13:20)
    at set firstName [as firstName] (src\user.js:13:20)
    at set firstName [as firstName] (src\user.js:13:20)
    at set firstName [as firstName] (src\user.js:13:20)
    at set firstName [as firstName] (src\user.js:13:20)
    at set firstName [as firstName] (src\user.js:13:20)
    at set firstName [as firstName] (src\user.js:13:20)
    at set firstName [as firstName] (src\user.js:13:20)
    at set firstName [as firstName] (src\user.js:13:20)
    at set firstName [as firstName] (src\user.js:13:20)
    at set firstName [as firstName] (src\user.js:13:20)
    at set firstName [as firstName] (src\user.js:13:20)
    at set firstName [as firstName] (src\user.js:13:20)
    at set firstName [as firstName] (src\user.js:13:20)
    at set firstName [as firstName] (src\user.js:13:20)
    at set firstName [as firstName] (src\user.js:13:20)
    at set firstName [as firstName] (src\user.js:13:20)
    at set firstName [as firstName] (src\user.js:13:20)
    at set firstName [as firstName] (src\user.js:13:20)
    at set firstName [as firstName] (src\user.js:13:20)
    at set firstName [as firstName] (src\user.js:13:20)
    at set firstName [as firstName] (src\user.js:13:20)
    at set firstName [as firstName] (src\user.js:13:20)
    at set firstName [as firstName] (src\user.js:13:20)
    at set firstName [as firstName] (src\user.js:13:20)
    at set firstName [as firstName] (src\user.js:13:20)
    at set firstName [as firstName] (src\user.js:13:20)
    at set firstName [as firstName] (src\user.js:13:20)
    at set firstName [as firstName] (src\user.js:13:20)
    at set firstName [as firstName] (src\user.js:13:20)
    at set firstName [as firstName] (src\user.js:13:20)
    at set firstName [as firstName] (src\user.js:13:20)
    at set firstName [as firstName] (src\user.js:13:20)
    at set firstName [as firstName] (src\user.js:13:20)
    at set firstName [as firstName] (src\user.js:13:20)
    at set firstName [as firstName] (src\user.js:13:20)
    at set firstName [as firstName] (src\user.js:13:20)
    at set firstName [as firstName] (src\user.js:13:20)
    at set firstName [as firstName] (src\user.js:13:20)
    at set firstName [as firstName] (src\user.js:13:20)
    at set firstName [as firstName] (src\user.js:13:20)
    at set firstName [as firstName] (src\user.js:13:20)
    at set firstName [as firstName] (src\user.js:13:20)
    at set firstName [as firstName] (src\user.js:13:20)
    at set firstName [as firstName] (src\user.js:13:20)
    at set firstName [as firstName] (src\user.js:13:20)
    at set firstName [as firstName] (src\user.js:13:20)
    at set firstName [as firstName] (src\user.js:13:20)
    at set firstName [as firstName] (src\user.js:13:20)
    at set firstName [as firstName] (src\user.js:13:20)
    at set firstName [as firstName] (src\user.js:13:20)
    at set firstName [as firstName] (src\user.js:13:20)
    at set firstName [as firstName] (src\user.js:13:20)
    at set firstName [as firstName] (src\user.js:13:20)
    at set firstName [as firstName] (src\user.js:13:20)
    at set firstName [as firstName] (src\user.js:13:20)
    at set firstName [as firstName] (src\user.js:13:20)
    at set firstName [as firstName] (src\user.js:13:20)
    at set firstName [as firstName] (src\user.js:13:20)
    at set firstName [as firstName] (src\user.js:13:20)
    at set firstName [as firstName] (src\user.js:13:20)
    at set firstName [as firstName] (src\user.js:13:20)
    at set firstName [as firstName] (src\user.js:13:20)
    at set firstName [as firstName] (src\user.js:13:20)
    at set firstName [as firstName] (src\user.js:13:20)
    at set firstName [as firstName] (src\user.js:13:20)
    at set firstName [as firstName] (src\user.js:13:20)
    at set firstName [as firstName] (src\user.js:13:20)
    at set firstName [as firstName] (src\user.js:13:20)
    at set firstName [as firstName] (src\user.js:13:20)
    at set firstName [as firstName] (src\user.js:13:20)
    at set firstName [as firstName] (src\user.js:13:20)
    at set firstName [as firstName] (src\user.js:13:20)
    at set firstName [as firstName] (src\user.js:13:20)
    at set firstName [as firstName] (src\user.js:13:20)
    at set firstName [as firstName] (src\user.js:13:20)
    at set firstName [as firstName] (src\user.js:13:20)
    at set firstName [as firstName] (src\user.js:13:20)
    at set firstName [as firstName] (src\user.js:13:20)
    at set firstName [as firstName] (src\user.js:13:20)
    at set firstName [as firstName] (src\user.js:13:20)
    at set firstName [as firstName] (src\user.js:13:20)
    at set firstName [as firstName] (src\user.js:13:20)
    at set firstName [as firstName] (src\user.js:13:20)
    at set firstName [as firstName] (src\user.js:13:20)
    at set firstName [as firstName] (src\user.js:13:20)
    at set firstName [as firstName] (src\user.js:13:20)
    at set firstName [as firstName] (src\user.js:13:20)
    at set firstName [as firstName] (src\user.js:13:20)
    at set firstName [as firstName] (src\user.js:13:20)
    at set firstName [as firstName] (src\user.js:13:20)
    at set firstName [as firstName] (src\user.js:13:20)
    at set firstName [as firstName] (src\user.js:13:20)
    at set firstName [as firstName] (src\user.js:13:20)
    at set firstName [as firstName] (src\user.js:13:20)
    at set firstName [as firstName] (src\user.js:13:20)
    at set firstName [as firstName] (src\user.js:13:20)
    at set firstName [as firstName] (src\user.js:13:20)
    at set firstName [as firstName] (src\user.js:13:20)
    at set firstName [as firstName] (src\user.js:13:20)
    at set firstName [as firstName] (src\user.js:13:20)
    at set firstName [as firstName] (src\user.js:13:20)
    at set firstName [as firstName] (src\user.js:13:20)
    at set firstName [as firstName] (src\user.js:13:20)
    at set firstName [as firstName] (src\user.js:13:20)
    at set firstName [as firstName] (src\user.js:13:20)
    at set firstName [as firstName] (src\user.js:13:20)
    at set firstName [as firstName] (src\user.js:13:20)
    at set firstName [as firstName] (src\user.js:13:20)
    at set firstName [as firstName] (src\user.js:13:20)
    at set firstName [as firstName] (src\user.js:13:20)
    at set firstName [as firstName] (src\user.js:13:20)
    at set firstName [as firstName] (src\user.js:13:20)
    at set firstName [as firstName] (src\user.js:13:20)
    at set firstName [as firstName] (src\user.js:13:20)
    at set firstName [as firstName] (src\user.js:13:20)
    at set firstName [as firstName] (src\user.js:13:20)
    at set firstName [as firstName] (src\user.js:13:20)
    at set firstName [as firstName] (src\user.js:13:20)
    at set firstName [as firstName] (src\user.js:13:20)
    at set firstName [as firstName] (src\user.js:13:20)
    at set firstName [as firstName] (src\user.js:13:20)
    at set firstName [as firstName] (src\user.js:13:20)
    at set firstName [as firstName] (src\user.js:13:20)
    at set firstName [as firstName] (src\user.js:13:20)
    at set firstName [as firstName] (src\user.js:13:20)
    at set firstName [as firstName] (src\user.js:13:20)
    at set firstName [as firstName] (src\user.js:13:20)
    at set firstName [as firstName] (src\user.js:13:20)
    at set firstName [as firstName] (src\user.js:13:20)
    at set firstName [as firstName] (src\user.js:13:20)
    at set firstName [as firstName] (src\user.js:13:20)
    at set firstName [as firstName] (src\user.js:13:20)
    at set firstName [as firstName] (src\user.js:13:20)
    at set firstName [as firstName] (src\user.js:13:20)
    at set firstName [as firstName] (src\user.js:13:20)
    at set firstName [as firstName] (src\user.js:13:20)
    at set firstName [as firstName] (src\user.js:13:20)
    at set firstName [as firstName] (src\user.js:13:20)
    at set firstName [as firstName] (src\user.js:13:20)
    at set firstName [as firstName] (src\user.js:13:20)
    at set firstName [as firstName] (src\user.js:13:20)
    at set firstName [as firstName] (src\user.js:13:20)
    at set firstName [as firstName] (src\user.js:13:20)
    at set firstName [as firstName] (src\user.js:13:20)
    at set firstName [as firstName] (src\user.js:13:20)
    at set firstName [as firstName] (src\user.js:13:20)
    at set firstName [as firstName] (src\user.js:13:20)
    at set firstName [as firstName] (src\user.js:13:20)
    at set firstName [as firstName] (src\user.js:13:20)
    at set firstName [as firstName] (src\user.js:13:20)
    at set firstName [as firstName] (src\user.js:13:20)
    at set firstName [as firstName] (src\user.js:13:20)
    at set firstName [as firstName] (src\user.js:13:20)
    at set firstName [as firstName] (src\user.js:13:20)
    at new User (src\user.js:4:18)
    at Context.<anonymous> (test\user.test.js:56:18)
    at process.processImmediate (node:internal/timers:483:21)]]></failure>
    </testcase>
    <testcase name="User class should introduce User" time="0.001" classname="should introduce User">
      <failure message="Maximum call stack size exceeded" type="RangeError"><![CDATA[RangeError: Maximum call stack size exceeded
    at set firstName [as firstName] (src\user.js:13:20)
    at set firstName [as firstName] (src\user.js:13:20)
    at set firstName [as firstName] (src\user.js:13:20)
    at set firstName [as firstName] (src\user.js:13:20)
    at set firstName [as firstName] (src\user.js:13:20)
    at set firstName [as firstName] (src\user.js:13:20)
    at set firstName [as firstName] (src\user.js:13:20)
    at set firstName [as firstName] (src\user.js:13:20)
    at set firstName [as firstName] (src\user.js:13:20)
    at set firstName [as firstName] (src\user.js:13:20)
    at set firstName [as firstName] (src\user.js:13:20)
    at set firstName [as firstName] (src\user.js:13:20)
    at set firstName [as firstName] (src\user.js:13:20)
    at set firstName [as firstName] (src\user.js:13:20)
    at set firstName [as firstName] (src\user.js:13:20)
    at set firstName [as firstName] (src\user.js:13:20)
    at set firstName [as firstName] (src\user.js:13:20)
    at set firstName [as firstName] (src\user.js:13:20)
    at set firstName [as firstName] (src\user.js:13:20)
    at set firstName [as firstName] (src\user.js:13:20)
    at set firstName [as firstName] (src\user.js:13:20)
    at set firstName [as firstName] (src\user.js:13:20)
    at set firstName [as firstName] (src\user.js:13:20)
    at set firstName [as firstName] (src\user.js:13:20)
    at set firstName [as firstName] (src\user.js:13:20)
    at set firstName [as firstName] (src\user.js:13:20)
    at set firstName [as firstName] (src\user.js:13:20)
    at set firstName [as firstName] (src\user.js:13:20)
    at set firstName [as firstName] (src\user.js:13:20)
    at set firstName [as firstName] (src\user.js:13:20)
    at set firstName [as firstName] (src\user.js:13:20)
    at set firstName [as firstName] (src\user.js:13:20)
    at set firstName [as firstName] (src\user.js:13:20)
    at set firstName [as firstName] (src\user.js:13:20)
    at set firstName [as firstName] (src\user.js:13:20)
    at set firstName [as firstName] (src\user.js:13:20)
    at set firstName [as firstName] (src\user.js:13:20)
    at set firstName [as firstName] (src\user.js:13:20)
    at set firstName [as firstName] (src\user.js:13:20)
    at set firstName [as firstName] (src\user.js:13:20)
    at set firstName [as firstName] (src\user.js:13:20)
    at set firstName [as firstName] (src\user.js:13:20)
    at set firstName [as firstName] (src\user.js:13:20)
    at set firstName [as firstName] (src\user.js:13:20)
    at set firstName [as firstName] (src\user.js:13:20)
    at set firstName [as firstName] (src\user.js:13:20)
    at set firstName [as firstName] (src\user.js:13:20)
    at set firstName [as firstName] (src\user.js:13:20)
    at set firstName [as firstName] (src\user.js:13:20)
    at set firstName [as firstName] (src\user.js:13:20)
    at set firstName [as firstName] (src\user.js:13:20)
    at set firstName [as firstName] (src\user.js:13:20)
    at set firstName [as firstName] (src\user.js:13:20)
    at set firstName [as firstName] (src\user.js:13:20)
    at set firstName [as firstName] (src\user.js:13:20)
    at set firstName [as firstName] (src\user.js:13:20)
    at set firstName [as firstName] (src\user.js:13:20)
    at set firstName [as firstName] (src\user.js:13:20)
    at set firstName [as firstName] (src\user.js:13:20)
    at set firstName [as firstName] (src\user.js:13:20)
    at set firstName [as firstName] (src\user.js:13:20)
    at set firstName [as firstName] (src\user.js:13:20)
    at set firstName [as firstName] (src\user.js:13:20)
    at set firstName [as firstName] (src\user.js:13:20)
    at set firstName [as firstName] (src\user.js:13:20)
    at set firstName [as firstName] (src\user.js:13:20)
    at set firstName [as firstName] (src\user.js:13:20)
    at set firstName [as firstName] (src\user.js:13:20)
    at set firstName [as firstName] (src\user.js:13:20)
    at set firstName [as firstName] (src\user.js:13:20)
    at set firstName [as firstName] (src\user.js:13:20)
    at set firstName [as firstName] (src\user.js:13:20)
    at set firstName [as firstName] (src\user.js:13:20)
    at set firstName [as firstName] (src\user.js:13:20)
    at set firstName [as firstName] (src\user.js:13:20)
    at set firstName [as firstName] (src\user.js:13:20)
    at set firstName [as firstName] (src\user.js:13:20)
    at set firstName [as firstName] (src\user.js:13:20)
    at set firstName [as firstName] (src\user.js:13:20)
    at set firstName [as firstName] (src\user.js:13:20)
    at set firstName [as firstName] (src\user.js:13:20)
    at set firstName [as firstName] (src\user.js:13:20)
    at set firstName [as firstName] (src\user.js:13:20)
    at set firstName [as firstName] (src\user.js:13:20)
    at set firstName [as firstName] (src\user.js:13:20)
    at set firstName [as firstName] (src\user.js:13:20)
    at set firstName [as firstName] (src\user.js:13:20)
    at set firstName [as firstName] (src\user.js:13:20)
    at set firstName [as firstName] (src\user.js:13:20)
    at set firstName [as firstName] (src\user.js:13:20)
    at set firstName [as firstName] (src\user.js:13:20)
    at set firstName [as firstName] (src\user.js:13:20)
    at set firstName [as firstName] (src\user.js:13:20)
    at set firstName [as firstName] (src\user.js:13:20)
    at set firstName [as firstName] (src\user.js:13:20)
    at set firstName [as firstName] (src\user.js:13:20)
    at set firstName [as firstName] (src\user.js:13:20)
    at set firstName [as firstName] (src\user.js:13:20)
    at set firstName [as firstName] (src\user.js:13:20)
    at set firstName [as firstName] (src\user.js:13:20)
    at set firstName [as firstName] (src\user.js:13:20)
    at set firstName [as firstName] (src\user.js:13:20)
    at set firstName [as firstName] (src\user.js:13:20)
    at set firstName [as firstName] (src\user.js:13:20)
    at set firstName [as firstName] (src\user.js:13:20)
    at set firstName [as firstName] (src\user.js:13:20)
    at set firstName [as firstName] (src\user.js:13:20)
    at set firstName [as firstName] (src\user.js:13:20)
    at set firstName [as firstName] (src\user.js:13:20)
    at set firstName [as firstName] (src\user.js:13:20)
    at set firstName [as firstName] (src\user.js:13:20)
    at set firstName [as firstName] (src\user.js:13:20)
    at set firstName [as firstName] (src\user.js:13:20)
    at set firstName [as firstName] (src\user.js:13:20)
    at set firstName [as firstName] (src\user.js:13:20)
    at set firstName [as firstName] (src\user.js:13:20)
    at set firstName [as firstName] (src\user.js:13:20)
    at set firstName [as firstName] (src\user.js:13:20)
    at set firstName [as firstName] (src\user.js:13:20)
    at set firstName [as firstName] (src\user.js:13:20)
    at set firstName [as firstName] (src\user.js:13:20)
    at set firstName [as firstName] (src\user.js:13:20)
    at set firstName [as firstName] (src\user.js:13:20)
    at set firstName [as firstName] (src\user.js:13:20)
    at set firstName [as firstName] (src\user.js:13:20)
    at set firstName [as firstName] (src\user.js:13:20)
    at set firstName [as firstName] (src\user.js:13:20)
    at set firstName [as firstName] (src\user.js:13:20)
    at set firstName [as firstName] (src\user.js:13:20)
    at set firstName [as firstName] (src\user.js:13:20)
    at set firstName [as firstName] (src\user.js:13:20)
    at set firstName [as firstName] (src\user.js:13:20)
    at set firstName [as firstName] (src\user.js:13:20)
    at set firstName [as firstName] (src\user.js:13:20)
    at set firstName [as firstName] (src\user.js:13:20)
    at set firstName [as firstName] (src\user.js:13:20)
    at set firstName [as firstName] (src\user.js:13:20)
    at set firstName [as firstName] (src\user.js:13:20)
    at set firstName [as firstName] (src\user.js:13:20)
    at set firstName [as firstName] (src\user.js:13:20)
    at set firstName [as firstName] (src\user.js:13:20)
    at set firstName [as firstName] (src\user.js:13:20)
    at set firstName [as firstName] (src\user.js:13:20)
    at set firstName [as firstName] (src\user.js:13:20)
    at set firstName [as firstName] (src\user.js:13:20)
    at set firstName [as firstName] (src\user.js:13:20)
    at set firstName [as firstName] (src\user.js:13:20)
    at set firstName [as firstName] (src\user.js:13:20)
    at set firstName [as firstName] (src\user.js:13:20)
    at set firstName [as firstName] (src\user.js:13:20)
    at set firstName [as firstName] (src\user.js:13:20)
    at set firstName [as firstName] (src\user.js:13:20)
    at set firstName [as firstName] (src\user.js:13:20)
    at set firstName [as firstName] (src\user.js:13:20)
    at set firstName [as firstName] (src\user.js:13:20)
    at set firstName [as firstName] (src\user.js:13:20)
    at set firstName [as firstName] (src\user.js:13:20)
    at set firstName [as firstName] (src\user.js:13:20)
    at set firstName [as firstName] (src\user.js:13:20)
    at set firstName [as firstName] (src\user.js:13:20)
    at set firstName [as firstName] (src\user.js:13:20)
    at set firstName [as firstName] (src\user.js:13:20)
    at set firstName [as firstName] (src\user.js:13:20)
    at set firstName [as firstName] (src\user.js:13:20)
    at set firstName [as firstName] (src\user.js:13:20)
    at set firstName [as firstName] (src\user.js:13:20)
    at set firstName [as firstName] (src\user.js:13:20)
    at set firstName [as firstName] (src\user.js:13:20)
    at set firstName [as firstName] (src\user.js:13:20)
    at set firstName [as firstName] (src\user.js:13:20)
    at set firstName [as firstName] (src\user.js:13:20)
    at set firstName [as firstName] (src\user.js:13:20)
    at set firstName [as firstName] (src\user.js:13:20)
    at set firstName [as firstName] (src\user.js:13:20)
    at set firstName [as firstName] (src\user.js:13:20)
    at set firstName [as firstName] (src\user.js:13:20)
    at set firstName [as firstName] (src\user.js:13:20)
    at set firstName [as firstName] (src\user.js:13:20)
    at set firstName [as firstName] (src\user.js:13:20)
    at set firstName [as firstName] (src\user.js:13:20)
    at set firstName [as firstName] (src\user.js:13:20)
    at set firstName [as firstName] (src\user.js:13:20)
    at set firstName [as firstName] (src\user.js:13:20)
    at set firstName [as firstName] (src\user.js:13:20)
    at set firstName [as firstName] (src\user.js:13:20)
    at set firstName [as firstName] (src\user.js:13:20)
    at set firstName [as firstName] (src\user.js:13:20)
    at set firstName [as firstName] (src\user.js:13:20)
    at set firstName [as firstName] (src\user.js:13:20)
    at set firstName [as firstName] (src\user.js:13:20)
    at set firstName [as firstName] (src\user.js:13:20)
    at set firstName [as firstName] (src\user.js:13:20)
    at set firstName [as firstName] (src\user.js:13:20)
    at set firstName [as firstName] (src\user.js:13:20)
    at set firstName [as firstName] (src\user.js:13:20)
    at set firstName [as firstName] (src\user.js:13:20)
    at set firstName [as firstName] (src\user.js:13:20)
    at set firstName [as firstName] (src\user.js:13:20)
    at set firstName [as firstName] (src\user.js:13:20)
    at set firstName [as firstName] (src\user.js:13:20)
    at set firstName [as firstName] (src\user.js:13:20)
    at set firstName [as firstName] (src\user.js:13:20)
    at set firstName [as firstName] (src\user.js:13:20)
    at set firstName [as firstName] (src\user.js:13:20)
    at set firstName [as firstName] (src\user.js:13:20)
    at set firstName [as firstName] (src\user.js:13:20)
    at set firstName [as firstName] (src\user.js:13:20)
    at set firstName [as firstName] (src\user.js:13:20)
    at set firstName [as firstName] (src\user.js:13:20)
    at set firstName [as firstName] (src\user.js:13:20)
    at set firstName [as firstName] (src\user.js:13:20)
    at set firstName [as firstName] (src\user.js:13:20)
    at set firstName [as firstName] (src\user.js:13:20)
    at set firstName [as firstName] (src\user.js:13:20)
    at set firstName [as firstName] (src\user.js:13:20)
    at set firstName [as firstName] (src\user.js:13:20)
    at set firstName [as firstName] (src\user.js:13:20)
    at set firstName [as firstName] (src\user.js:13:20)
    at set firstName [as firstName] (src\user.js:13:20)
    at set firstName [as firstName] (src\user.js:13:20)
    at set firstName [as firstName] (src\user.js:13:20)
    at set firstName [as firstName] (src\user.js:13:20)
    at set firstName [as firstName] (src\user.js:13:20)
    at set firstName [as firstName] (src\user.js:13:20)
    at set firstName [as firstName] (src\user.js:13:20)
    at set firstName [as firstName] (src\user.js:13:20)
    at set firstName [as firstName] (src\user.js:13:20)
    at set firstName [as firstName] (src\user.js:13:20)
    at set firstName [as firstName] (src\user.js:13:20)
    at set firstName [as firstName] (src\user.js:13:20)
    at set firstName [as firstName] (src\user.js:13:20)
    at set firstName [as firstName] (src\user.js:13:20)
    at set firstName [as firstName] (src\user.js:13:20)
    at set firstName [as firstName] (src\user.js:13:20)
    at set firstName [as firstName] (src\user.js:13:20)
    at set firstName [as firstName] (src\user.js:13:20)
    at set firstName [as firstName] (src\user.js:13:20)
    at set firstName [as firstName] (src\user.js:13:20)
    at set firstName [as firstName] (src\user.js:13:20)
    at set firstName [as firstName] (src\user.js:13:20)
    at set firstName [as firstName] (src\user.js:13:20)
    at set firstName [as firstName] (src\user.js:13:20)
    at set firstName [as firstName] (src\user.js:13:20)
    at set firstName [as firstName] (src\user.js:13:20)
    at set firstName [as firstName] (src\user.js:13:20)
    at set firstName [as firstName] (src\user.js:13:20)
    at set firstName [as firstName] (src\user.js:13:20)
    at set firstName [as firstName] (src\user.js:13:20)
    at set firstName [as firstName] (src\user.js:13:20)
    at set firstName [as firstName] (src\user.js:13:20)
    at set firstName [as firstName] (src\user.js:13:20)
    at set firstName [as firstName] (src\user.js:13:20)
    at set firstName [as firstName] (src\user.js:13:20)
    at set firstName [as firstName] (src\user.js:13:20)
    at set firstName [as firstName] (src\user.js:13:20)
    at set firstName [as firstName] (src\user.js:13:20)
    at set firstName [as firstName] (src\user.js:13:20)
    at set firstName [as firstName] (src\user.js:13:20)
    at set firstName [as firstName] (src\user.js:13:20)
    at set firstName [as firstName] (src\user.js:13:20)
    at set firstName [as firstName] (src\user.js:13:20)
    at set firstName [as firstName] (src\user.js:13:20)
    at set firstName [as firstName] (src\user.js:13:20)
    at set firstName [as firstName] (src\user.js:13:20)
    at set firstName [as firstName] (src\user.js:13:20)
    at set firstName [as firstName] (src\user.js:13:20)
    at set firstName [as firstName] (src\user.js:13:20)
    at set firstName [as firstName] (src\user.js:13:20)
    at set firstName [as firstName] (src\user.js:13:20)
    at set firstName [as firstName] (src\user.js:13:20)
    at set firstName [as firstName] (src\user.js:13:20)
    at set firstName [as firstName] (src\user.js:13:20)
    at set firstName [as firstName] (src\user.js:13:20)
    at set firstName [as firstName] (src\user.js:13:20)
    at set firstName [as firstName] (src\user.js:13:20)
    at set firstName [as firstName] (src\user.js:13:20)
    at set firstName [as firstName] (src\user.js:13:20)
    at set firstName [as firstName] (src\user.js:13:20)
    at set firstName [as firstName] (src\user.js:13:20)
    at set firstName [as firstName] (src\user.js:13:20)
    at set firstName [as firstName] (src\user.js:13:20)
    at set firstName [as firstName] (src\user.js:13:20)
    at set firstName [as firstName] (src\user.js:13:20)
    at set firstName [as firstName] (src\user.js:13:20)
    at set firstName [as firstName] (src\user.js:13:20)
    at set firstName [as firstName] (src\user.js:13:20)
    at set firstName [as firstName] (src\user.js:13:20)
    at set firstName [as firstName] (src\user.js:13:20)
    at set firstName [as firstName] (src\user.js:13:20)
    at set firstName [as firstName] (src\user.js:13:20)
    at set firstName [as firstName] (src\user.js:13:20)
    at set firstName [as firstName] (src\user.js:13:20)
    at set firstName [as firstName] (src\user.js:13:20)
    at set firstName [as firstName] (src\user.js:13:20)
    at set firstName [as firstName] (src\user.js:13:20)
    at set firstName [as firstName] (src\user.js:13:20)
    at set firstName [as firstName] (src\user.js:13:20)
    at set firstName [as firstName] (src\user.js:13:20)
    at set firstName [as firstName] (src\user.js:13:20)
    at set firstName [as firstName] (src\user.js:13:20)
    at set firstName [as firstName] (src\user.js:13:20)
    at set firstName [as firstName] (src\user.js:13:20)
    at set firstName [as firstName] (src\user.js:13:20)
    at set firstName [as firstName] (src\user.js:13:20)
    at set firstName [as firstName] (src\user.js:13:20)
    at set firstName [as firstName] (src\user.js:13:20)
    at set firstName [as firstName] (src\user.js:13:20)
    at set firstName [as firstName] (src\user.js:13:20)
    at set firstName [as firstName] (src\user.js:13:20)
    at set firstName [as firstName] (src\user.js:13:20)
    at set firstName [as firstName] (src\user.js:13:20)
    at set firstName [as firstName] (src\user.js:13:20)
    at set firstName [as firstName] (src\user.js:13:20)
    at set firstName [as firstName] (src\user.js:13:20)
    at set firstName [as firstName] (src\user.js:13:20)
    at set firstName [as firstName] (src\user.js:13:20)
    at set firstName [as firstName] (src\user.js:13:20)
    at set firstName [as firstName] (src\user.js:13:20)
    at set firstName [as firstName] (src\user.js:13:20)
    at set firstName [as firstName] (src\user.js:13:20)
    at set firstName [as firstName] (src\user.js:13:20)
    at set firstName [as firstName] (src\user.js:13:20)
    at set firstName [as firstName] (src\user.js:13:20)
    at set firstName [as firstName] (src\user.js:13:20)
    at set firstName [as firstName] (src\user.js:13:20)
    at set firstName [as firstName] (src\user.js:13:20)
    at set firstName [as firstName] (src\user.js:13:20)
    at set firstName [as firstName] (src\user.js:13:20)
    at set firstName [as firstName] (src\user.js:13:20)
    at set firstName [as firstName] (src\user.js:13:20)
    at set firstName [as firstName] (src\user.js:13:20)
    at set firstName [as firstName] (src\user.js:13:20)
    at set firstName [as firstName] (src\user.js:13:20)
    at set firstName [as firstName] (src\user.js:13:20)
    at set firstName [as firstName] (src\user.js:13:20)
    at set firstName [as firstName] (src\user.js:13:20)
    at set firstName [as firstName] (src\user.js:13:20)
    at set firstName [as firstName] (src\user.js:13:20)
    at set firstName [as firstName] (src\user.js:13:20)
    at set firstName [as firstName] (src\user.js:13:20)
    at set firstName [as firstName] (src\user.js:13:20)
    at set firstName [as firstName] (src\user.js:13:20)
    at set firstName [as firstName] (src\user.js:13:20)
    at set firstName [as firstName] (src\user.js:13:20)
    at set firstName [as firstName] (src\user.js:13:20)
    at set firstName [as firstName] (src\user.js:13:20)
    at set firstName [as firstName] (src\user.js:13:20)
    at set firstName [as firstName] (src\user.js:13:20)
    at set firstName [as firstName] (src\user.js:13:20)
    at set firstName [as firstName] (src\user.js:13:20)
    at set firstName [as firstName] (src\user.js:13:20)
    at set firstName [as firstName] (src\user.js:13:20)
    at set firstName [as firstName] (src\user.js:13:20)
    at set firstName [as firstName] (src\user.js:13:20)
    at set firstName [as firstName] (src\user.js:13:20)
    at set firstName [as firstName] (src\user.js:13:20)
    at set firstName [as firstName] (src\user.js:13:20)
    at set firstName [as firstName] (src\user.js:13:20)
    at set firstName [as firstName] (src\user.js:13:20)
    at set firstName [as firstName] (src\user.js:13:20)
    at set firstName [as firstName] (src\user.js:13:20)
    at set firstName [as firstName] (src\user.js:13:20)
    at set firstName [as firstName] (src\user.js:13:20)
    at set firstName [as firstName] (src\user.js:13:20)
    at set firstName [as firstName] (src\user.js:13:20)
    at set firstName [as firstName] (src\user.js:13:20)
    at set firstName [as firstName] (src\user.js:13:20)
    at set firstName [as firstName] (src\user.js:13:20)
    at set firstName [as firstName] (src\user.js:13:20)
    at set firstName [as firstName] (src\user.js:13:20)
    at set firstName [as firstName] (src\user.js:13:20)
    at set firstName [as firstName] (src\user.js:13:20)
    at set firstName [as firstName] (src\user.js:13:20)
    at set firstName [as firstName] (src\user.js:13:20)
    at set firstName [as firstName] (src\user.js:13:20)
    at set firstName [as firstName] (src\user.js:13:20)
    at set firstName [as firstName] (src\user.js:13:20)
    at set firstName [as firstName] (src\user.js:13:20)
    at set firstName [as firstName] (src\user.js:13:20)
    at set firstName [as firstName] (src\user.js:13:20)
    at set firstName [as firstName] (src\user.js:13:20)
    at set firstName [as firstName] (src\user.js:13:20)
    at set firstName [as firstName] (src\user.js:13:20)
    at set firstName [as firstName] (src\user.js:13:20)
    at set firstName [as firstName] (src\user.js:13:20)
    at set firstName [as firstName] (src\user.js:13:20)
    at set firstName [as firstName] (src\user.js:13:20)
    at set firstName [as firstName] (src\user.js:13:20)
    at set firstName [as firstName] (src\user.js:13:20)
    at set firstName [as firstName] (src\user.js:13:20)
    at set firstName [as firstName] (src\user.js:13:20)
    at set firstName [as firstName] (src\user.js:13:20)
    at set firstName [as firstName] (src\user.js:13:20)
    at set firstName [as firstName] (src\user.js:13:20)
    at set firstName [as firstName] (src\user.js:13:20)
    at set firstName [as firstName] (src\user.js:13:20)
    at set firstName [as firstName] (src\user.js:13:20)
    at set firstName [as firstName] (src\user.js:13:20)
    at set firstName [as firstName] (src\user.js:13:20)
    at set firstName [as firstName] (src\user.js:13:20)
    at set firstName [as firstName] (src\user.js:13:20)
    at set firstName [as firstName] (src\user.js:13:20)
    at set firstName [as firstName] (src\user.js:13:20)
    at set firstName [as firstName] (src\user.js:13:20)
    at set firstName [as firstName] (src\user.js:13:20)
    at set firstName [as firstName] (src\user.js:13:20)
    at set firstName [as firstName] (src\user.js:13:20)
    at set firstName [as firstName] (src\user.js:13:20)
    at set firstName [as firstName] (src\user.js:13:20)
    at set firstName [as firstName] (src\user.js:13:20)
    at set firstName [as firstName] (src\user.js:13:20)
    at set firstName [as firstName] (src\user.js:13:20)
    at set firstName [as firstName] (src\user.js:13:20)
    at set firstName [as firstName] (src\user.js:13:20)
    at set firstName [as firstName] (src\user.js:13:20)
    at set firstName [as firstName] (src\user.js:13:20)
    at set firstName [as firstName] (src\user.js:13:20)
    at set firstName [as firstName] (src\user.js:13:20)
    at set firstName [as firstName] (src\user.js:13:20)
    at set firstName [as firstName] (src\user.js:13:20)
    at set firstName [as firstName] (src\user.js:13:20)
    at set firstName [as firstName] (src\user.js:13:20)
    at set firstName [as firstName] (src\user.js:13:20)
    at set firstName [as firstName] (src\user.js:13:20)
    at set firstName [as firstName] (src\user.js:13:20)
    at set firstName [as firstName] (src\user.js:13:20)
    at set firstName [as firstName] (src\user.js:13:20)
    at set firstName [as firstName] (src\user.js:13:20)
    at set firstName [as firstName] (src\user.js:13:20)
    at set firstName [as firstName] (src\user.js:13:20)
    at set firstName [as firstName] (src\user.js:13:20)
    at set firstName [as firstName] (src\user.js:13:20)
    at set firstName [as firstName] (src\user.js:13:20)
    at set firstName [as firstName] (src\user.js:13:20)
    at set firstName [as firstName] (src\user.js:13:20)
    at set firstName [as firstName] (src\user.js:13:20)
    at set firstName [as firstName] (src\user.js:13:20)
    at set firstName [as firstName] (src\user.js:13:20)
    at new User (src\user.js:4:18)
    at Context.<anonymous> (test\user.test.js:68:18)
    at process.processImmediate (node:internal/timers:483:21)]]></failure>
    </testcase>
    <testcase name="User class should celebrate birthday" time="0.001" classname="should celebrate birthday">
      <failure message="Maximum call stack size exceeded" type="RangeError"><![CDATA[RangeError: Maximum call stack size exceeded
    at set firstName [as firstName] (src\user.js:13:20)
    at set firstName [as firstName] (src\user.js:13:20)
    at set firstName [as firstName] (src\user.js:13:20)
    at set firstName [as firstName] (src\user.js:13:20)
    at set firstName [as firstName] (src\user.js:13:20)
    at set firstName [as firstName] (src\user.js:13:20)
    at set firstName [as firstName] (src\user.js:13:20)
    at set firstName [as firstName] (src\user.js:13:20)
    at set firstName [as firstName] (src\user.js:13:20)
    at set firstName [as firstName] (src\user.js:13:20)
    at set firstName [as firstName] (src\user.js:13:20)
    at set firstName [as firstName] (src\user.js:13:20)
    at set firstName [as firstName] (src\user.js:13:20)
    at set firstName [as firstName] (src\user.js:13:20)
    at set firstName [as firstName] (src\user.js:13:20)
    at set firstName [as firstName] (src\user.js:13:20)
    at set firstName [as firstName] (src\user.js:13:20)
    at set firstName [as firstName] (src\user.js:13:20)
    at set firstName [as firstName] (src\user.js:13:20)
    at set firstName [as firstName] (src\user.js:13:20)
    at set firstName [as firstName] (src\user.js:13:20)
    at set firstName [as firstName] (src\user.js:13:20)
    at set firstName [as firstName] (src\user.js:13:20)
    at set firstName [as firstName] (src\user.js:13:20)
    at set firstName [as firstName] (src\user.js:13:20)
    at set firstName [as firstName] (src\user.js:13:20)
    at set firstName [as firstName] (src\user.js:13:20)
    at set firstName [as firstName] (src\user.js:13:20)
    at set firstName [as firstName] (src\user.js:13:20)
    at set firstName [as firstName] (src\user.js:13:20)
    at set firstName [as firstName] (src\user.js:13:20)
    at set firstName [as firstName] (src\user.js:13:20)
    at set firstName [as firstName] (src\user.js:13:20)
    at set firstName [as firstName] (src\user.js:13:20)
    at set firstName [as firstName] (src\user.js:13:20)
    at set firstName [as firstName] (src\user.js:13:20)
    at set firstName [as firstName] (src\user.js:13:20)
    at set firstName [as firstName] (src\user.js:13:20)
    at set firstName [as firstName] (src\user.js:13:20)
    at set firstName [as firstName] (src\user.js:13:20)
    at set firstName [as firstName] (src\user.js:13:20)
    at set firstName [as firstName] (src\user.js:13:20)
    at set firstName [as firstName] (src\user.js:13:20)
    at set firstName [as firstName] (src\user.js:13:20)
    at set firstName [as firstName] (src\user.js:13:20)
    at set firstName [as firstName] (src\user.js:13:20)
    at set firstName [as firstName] (src\user.js:13:20)
    at set firstName [as firstName] (src\user.js:13:20)
    at set firstName [as firstName] (src\user.js:13:20)
    at set firstName [as firstName] (src\user.js:13:20)
    at set firstName [as firstName] (src\user.js:13:20)
    at set firstName [as firstName] (src\user.js:13:20)
    at set firstName [as firstName] (src\user.js:13:20)
    at set firstName [as firstName] (src\user.js:13:20)
    at set firstName [as firstName] (src\user.js:13:20)
    at set firstName [as firstName] (src\user.js:13:20)
    at set firstName [as firstName] (src\user.js:13:20)
    at set firstName [as firstName] (src\user.js:13:20)
    at set firstName [as firstName] (src\user.js:13:20)
    at set firstName [as firstName] (src\user.js:13:20)
    at set firstName [as firstName] (src\user.js:13:20)
    at set firstName [as firstName] (src\user.js:13:20)
    at set firstName [as firstName] (src\user.js:13:20)
    at set firstName [as firstName] (src\user.js:13:20)
    at set firstName [as firstName] (src\user.js:13:20)
    at set firstName [as firstName] (src\user.js:13:20)
    at set firstName [as firstName] (src\user.js:13:20)
    at set firstName [as firstName] (src\user.js:13:20)
    at set firstName [as firstName] (src\user.js:13:20)
    at set firstName [as firstName] (src\user.js:13:20)
    at set firstName [as firstName] (src\user.js:13:20)
    at set firstName [as firstName] (src\user.js:13:20)
    at set firstName [as firstName] (src\user.js:13:20)
    at set firstName [as firstName] (src\user.js:13:20)
    at set firstName [as firstName] (src\user.js:13:20)
    at set firstName [as firstName] (src\user.js:13:20)
    at set firstName [as firstName] (src\user.js:13:20)
    at set firstName [as firstName] (src\user.js:13:20)
    at set firstName [as firstName] (src\user.js:13:20)
    at set firstName [as firstName] (src\user.js:13:20)
    at set firstName [as firstName] (src\user.js:13:20)
    at set firstName [as firstName] (src\user.js:13:20)
    at set firstName [as firstName] (src\user.js:13:20)
    at set firstName [as firstName] (src\user.js:13:20)
    at set firstName [as firstName] (src\user.js:13:20)
    at set firstName [as firstName] (src\user.js:13:20)
    at set firstName [as firstName] (src\user.js:13:20)
    at set firstName [as firstName] (src\user.js:13:20)
    at set firstName [as firstName] (src\user.js:13:20)
    at set firstName [as firstName] (src\user.js:13:20)
    at set firstName [as firstName] (src\user.js:13:20)
    at set firstName [as firstName] (src\user.js:13:20)
    at set firstName [as firstName] (src\user.js:13:20)
    at set firstName [as firstName] (src\user.js:13:20)
    at set firstName [as firstName] (src\user.js:13:20)
    at set firstName [as firstName] (src\user.js:13:20)
    at set firstName [as firstName] (src\user.js:13:20)
    at set firstName [as firstName] (src\user.js:13:20)
    at set firstName [as firstName] (src\user.js:13:20)
    at set firstName [as firstName] (src\user.js:13:20)
    at set firstName [as firstName] (src\user.js:13:20)
    at set firstName [as firstName] (src\user.js:13:20)
    at set firstName [as firstName] (src\user.js:13:20)
    at set firstName [as firstName] (src\user.js:13:20)
    at set firstName [as firstName] (src\user.js:13:20)
    at set firstName [as firstName] (src\user.js:13:20)
    at set firstName [as firstName] (src\user.js:13:20)
    at set firstName [as firstName] (src\user.js:13:20)
    at set firstName [as firstName] (src\user.js:13:20)
    at set firstName [as firstName] (src\user.js:13:20)
    at set firstName [as firstName] (src\user.js:13:20)
    at set firstName [as firstName] (src\user.js:13:20)
    at set firstName [as firstName] (src\user.js:13:20)
    at set firstName [as firstName] (src\user.js:13:20)
    at set firstName [as firstName] (src\user.js:13:20)
    at set firstName [as firstName] (src\user.js:13:20)
    at set firstName [as firstName] (src\user.js:13:20)
    at set firstName [as firstName] (src\user.js:13:20)
    at set firstName [as firstName] (src\user.js:13:20)
    at set firstName [as firstName] (src\user.js:13:20)
    at set firstName [as firstName] (src\user.js:13:20)
    at set firstName [as firstName] (src\user.js:13:20)
    at set firstName [as firstName] (src\user.js:13:20)
    at set firstName [as firstName] (src\user.js:13:20)
    at set firstName [as firstName] (src\user.js:13:20)
    at set firstName [as firstName] (src\user.js:13:20)
    at set firstName [as firstName] (src\user.js:13:20)
    at set firstName [as firstName] (src\user.js:13:20)
    at set firstName [as firstName] (src\user.js:13:20)
    at set firstName [as firstName] (src\user.js:13:20)
    at set firstName [as firstName] (src\user.js:13:20)
    at set firstName [as firstName] (src\user.js:13:20)
    at set firstName [as firstName] (src\user.js:13:20)
    at set firstName [as firstName] (src\user.js:13:20)
    at set firstName [as firstName] (src\user.js:13:20)
    at set firstName [as firstName] (src\user.js:13:20)
    at set firstName [as firstName] (src\user.js:13:20)
    at set firstName [as firstName] (src\user.js:13:20)
    at set firstName [as firstName] (src\user.js:13:20)
    at set firstName [as firstName] (src\user.js:13:20)
    at set firstName [as firstName] (src\user.js:13:20)
    at set firstName [as firstName] (src\user.js:13:20)
    at set firstName [as firstName] (src\user.js:13:20)
    at set firstName [as firstName] (src\user.js:13:20)
    at set firstName [as firstName] (src\user.js:13:20)
    at set firstName [as firstName] (src\user.js:13:20)
    at set firstName [as firstName] (src\user.js:13:20)
    at set firstName [as firstName] (src\user.js:13:20)
    at set firstName [as firstName] (src\user.js:13:20)
    at set firstName [as firstName] (src\user.js:13:20)
    at set firstName [as firstName] (src\user.js:13:20)
    at set firstName [as firstName] (src\user.js:13:20)
    at set firstName [as firstName] (src\user.js:13:20)
    at set firstName [as firstName] (src\user.js:13:20)
    at set firstName [as firstName] (src\user.js:13:20)
    at set firstName [as firstName] (src\user.js:13:20)
    at set firstName [as firstName] (src\user.js:13:20)
    at set firstName [as firstName] (src\user.js:13:20)
    at set firstName [as firstName] (src\user.js:13:20)
    at set firstName [as firstName] (src\user.js:13:20)
    at set firstName [as firstName] (src\user.js:13:20)
    at set firstName [as firstName] (src\user.js:13:20)
    at set firstName [as firstName] (src\user.js:13:20)
    at set firstName [as firstName] (src\user.js:13:20)
    at set firstName [as firstName] (src\user.js:13:20)
    at set firstName [as firstName] (src\user.js:13:20)
    at set firstName [as firstName] (src\user.js:13:20)
    at set firstName [as firstName] (src\user.js:13:20)
    at set firstName [as firstName] (src\user.js:13:20)
    at set firstName [as firstName] (src\user.js:13:20)
    at set firstName [as firstName] (src\user.js:13:20)
    at set firstName [as firstName] (src\user.js:13:20)
    at set firstName [as firstName] (src\user.js:13:20)
    at set firstName [as firstName] (src\user.js:13:20)
    at set firstName [as firstName] (src\user.js:13:20)
    at set firstName [as firstName] (src\user.js:13:20)
    at set firstName [as firstName] (src\user.js:13:20)
    at set firstName [as firstName] (src\user.js:13:20)
    at set firstName [as firstName] (src\user.js:13:20)
    at set firstName [as firstName] (src\user.js:13:20)
    at set firstName [as firstName] (src\user.js:13:20)
    at set firstName [as firstName] (src\user.js:13:20)
    at set firstName [as firstName] (src\user.js:13:20)
    at set firstName [as firstName] (src\user.js:13:20)
    at set firstName [as firstName] (src\user.js:13:20)
    at set firstName [as firstName] (src\user.js:13:20)
    at set firstName [as firstName] (src\user.js:13:20)
    at set firstName [as firstName] (src\user.js:13:20)
    at set firstName [as firstName] (src\user.js:13:20)
    at set firstName [as firstName] (src\user.js:13:20)
    at set firstName [as firstName] (src\user.js:13:20)
    at set firstName [as firstName] (src\user.js:13:20)
    at set firstName [as firstName] (src\user.js:13:20)
    at set firstName [as firstName] (src\user.js:13:20)
    at set firstName [as firstName] (src\user.js:13:20)
    at set firstName [as firstName] (src\user.js:13:20)
    at set firstName [as firstName] (src\user.js:13:20)
    at set firstName [as firstName] (src\user.js:13:20)
    at set firstName [as firstName] (src\user.js:13:20)
    at set firstName [as firstName] (src\user.js:13:20)
    at set firstName [as firstName] (src\user.js:13:20)
    at set firstName [as firstName] (src\user.js:13:20)
    at set firstName [as firstName] (src\user.js:13:20)
    at set firstName [as firstName] (src\user.js:13:20)
    at set firstName [as firstName] (src\user.js:13:20)
    at set firstName [as firstName] (src\user.js:13:20)
    at set firstName [as firstName] (src\user.js:13:20)
    at set firstName [as firstName] (src\user.js:13:20)
    at set firstName [as firstName] (src\user.js:13:20)
    at set firstName [as firstName] (src\user.js:13:20)
    at set firstName [as firstName] (src\user.js:13:20)
    at set firstName [as firstName] (src\user.js:13:20)
    at set firstName [as firstName] (src\user.js:13:20)
    at set firstName [as firstName] (src\user.js:13:20)
    at set firstName [as firstName] (src\user.js:13:20)
    at set firstName [as firstName] (src\user.js:13:20)
    at set firstName [as firstName] (src\user.js:13:20)
    at set firstName [as firstName] (src\user.js:13:20)
    at set firstName [as firstName] (src\user.js:13:20)
    at set firstName [as firstName] (src\user.js:13:20)
    at set firstName [as firstName] (src\user.js:13:20)
    at set firstName [as firstName] (src\user.js:13:20)
    at set firstName [as firstName] (src\user.js:13:20)
    at set firstName [as firstName] (src\user.js:13:20)
    at set firstName [as firstName] (src\user.js:13:20)
    at set firstName [as firstName] (src\user.js:13:20)
    at set firstName [as firstName] (src\user.js:13:20)
    at set firstName [as firstName] (src\user.js:13:20)
    at set firstName [as firstName] (src\user.js:13:20)
    at set firstName [as firstName] (src\user.js:13:20)
    at set firstName [as firstName] (src\user.js:13:20)
    at set firstName [as firstName] (src\user.js:13:20)
    at set firstName [as firstName] (src\user.js:13:20)
    at set firstName [as firstName] (src\user.js:13:20)
    at set firstName [as firstName] (src\user.js:13:20)
    at set firstName [as firstName] (src\user.js:13:20)
    at set firstName [as firstName] (src\user.js:13:20)
    at set firstName [as firstName] (src\user.js:13:20)
    at set firstName [as firstName] (src\user.js:13:20)
    at set firstName [as firstName] (src\user.js:13:20)
    at set firstName [as firstName] (src\user.js:13:20)
    at set firstName [as firstName] (src\user.js:13:20)
    at set firstName [as firstName] (src\user.js:13:20)
    at set firstName [as firstName] (src\user.js:13:20)
    at set firstName [as firstName] (src\user.js:13:20)
    at set firstName [as firstName] (src\user.js:13:20)
    at set firstName [as firstName] (src\user.js:13:20)
    at set firstName [as firstName] (src\user.js:13:20)
    at set firstName [as firstName] (src\user.js:13:20)
    at set firstName [as firstName] (src\user.js:13:20)
    at set firstName [as firstName] (src\user.js:13:20)
    at set firstName [as firstName] (src\user.js:13:20)
    at set firstName [as firstName] (src\user.js:13:20)
    at set firstName [as firstName] (src\user.js:13:20)
    at set firstName [as firstName] (src\user.js:13:20)
    at set firstName [as firstName] (src\user.js:13:20)
    at set firstName [as firstName] (src\user.js:13:20)
    at set firstName [as firstName] (src\user.js:13:20)
    at set firstName [as firstName] (src\user.js:13:20)
    at set firstName [as firstName] (src\user.js:13:20)
    at set firstName [as firstName] (src\user.js:13:20)
    at set firstName [as firstName] (src\user.js:13:20)
    at set firstName [as firstName] (src\user.js:13:20)
    at set firstName [as firstName] (src\user.js:13:20)
    at set firstName [as firstName] (src\user.js:13:20)
    at set firstName [as firstName] (src\user.js:13:20)
    at set firstName [as firstName] (src\user.js:13:20)
    at set firstName [as firstName] (src\user.js:13:20)
    at set firstName [as firstName] (src\user.js:13:20)
    at set firstName [as firstName] (src\user.js:13:20)
    at set firstName [as firstName] (src\user.js:13:20)
    at set firstName [as firstName] (src\user.js:13:20)
    at set firstName [as firstName] (src\user.js:13:20)
    at set firstName [as firstName] (src\user.js:13:20)
    at set firstName [as firstName] (src\user.js:13:20)
    at set firstName [as firstName] (src\user.js:13:20)
    at set firstName [as firstName] (src\user.js:13:20)
    at set firstName [as firstName] (src\user.js:13:20)
    at set firstName [as firstName] (src\user.js:13:20)
    at set firstName [as firstName] (src\user.js:13:20)
    at set firstName [as firstName] (src\user.js:13:20)
    at set firstName [as firstName] (src\user.js:13:20)
    at set firstName [as firstName] (src\user.js:13:20)
    at set firstName [as firstName] (src\user.js:13:20)
    at set firstName [as firstName] (src\user.js:13:20)
    at set firstName [as firstName] (src\user.js:13:20)
    at set firstName [as firstName] (src\user.js:13:20)
    at set firstName [as firstName] (src\user.js:13:20)
    at set firstName [as firstName] (src\user.js:13:20)
    at set firstName [as firstName] (src\user.js:13:20)
    at set firstName [as firstName] (src\user.js:13:20)
    at set firstName [as firstName] (src\user.js:13:20)
    at set firstName [as firstName] (src\user.js:13:20)
    at set firstName [as firstName] (src\user.js:13:20)
    at set firstName [as firstName] (src\user.js:13:20)
    at set firstName [as firstName] (src\user.js:13:20)
    at set firstName [as firstName] (src\user.js:13:20)
    at set firstName [as firstName] (src\user.js:13:20)
    at set firstName [as firstName] (src\user.js:13:20)
    at set firstName [as firstName] (src\user.js:13:20)
    at set firstName [as firstName] (src\user.js:13:20)
    at set firstName [as firstName] (src\user.js:13:20)
    at set firstName [as firstName] (src\user.js:13:20)
    at set firstName [as firstName] (src\user.js:13:20)
    at set firstName [as firstName] (src\user.js:13:20)
    at set firstName [as firstName] (src\user.js:13:20)
    at set firstName [as firstName] (src\user.js:13:20)
    at set firstName [as firstName] (src\user.js:13:20)
    at set firstName [as firstName] (src\user.js:13:20)
    at set firstName [as firstName] (src\user.js:13:20)
    at set firstName [as firstName] (src\user.js:13:20)
    at set firstName [as firstName] (src\user.js:13:20)
    at set firstName [as firstName] (src\user.js:13:20)
    at set firstName [as firstName] (src\user.js:13:20)
    at set firstName [as firstName] (src\user.js:13:20)
    at set firstName [as firstName] (src\user.js:13:20)
    at set firstName [as firstName] (src\user.js:13:20)
    at set firstName [as firstName] (src\user.js:13:20)
    at set firstName [as firstName] (src\user.js:13:20)
    at set firstName [as firstName] (src\user.js:13:20)
    at set firstName [as firstName] (src\user.js:13:20)
    at set firstName [as firstName] (src\user.js:13:20)
    at set firstName [as firstName] (src\user.js:13:20)
    at set firstName [as firstName] (src\user.js:13:20)
    at set firstName [as firstName] (src\user.js:13:20)
    at set firstName [as firstName] (src\user.js:13:20)
    at set firstName [as firstName] (src\user.js:13:20)
    at set firstName [as firstName] (src\user.js:13:20)
    at set firstName [as firstName] (src\user.js:13:20)
    at set firstName [as firstName] (src\user.js:13:20)
    at set firstName [as firstName] (src\user.js:13:20)
    at set firstName [as firstName] (src\user.js:13:20)
    at set firstName [as firstName] (src\user.js:13:20)
    at set firstName [as firstName] (src\user.js:13:20)
    at set firstName [as firstName] (src\user.js:13:20)
    at set firstName [as firstName] (src\user.js:13:20)
    at set firstName [as firstName] (src\user.js:13:20)
    at set firstName [as firstName] (src\user.js:13:20)
    at set firstName [as firstName] (src\user.js:13:20)
    at set firstName [as firstName] (src\user.js:13:20)
    at set firstName [as firstName] (src\user.js:13:20)
    at set firstName [as firstName] (src\user.js:13:20)
    at set firstName [as firstName] (src\user.js:13:20)
    at set firstName [as firstName] (src\user.js:13:20)
    at set firstName [as firstName] (src\user.js:13:20)
    at set firstName [as firstName] (src\user.js:13:20)
    at set firstName [as firstName] (src\user.js:13:20)
    at set firstName [as firstName] (src\user.js:13:20)
    at set firstName [as firstName] (src\user.js:13:20)
    at set firstName [as firstName] (src\user.js:13:20)
    at set firstName [as firstName] (src\user.js:13:20)
    at set firstName [as firstName] (src\user.js:13:20)
    at set firstName [as firstName] (src\user.js:13:20)
    at set firstName [as firstName] (src\user.js:13:20)
    at set firstName [as firstName] (src\user.js:13:20)
    at set firstName [as firstName] (src\user.js:13:20)
    at set firstName [as firstName] (src\user.js:13:20)
    at set firstName [as firstName] (src\user.js:13:20)
    at set firstName [as firstName] (src\user.js:13:20)
    at set firstName [as firstName] (src\user.js:13:20)
    at set firstName [as firstName] (src\user.js:13:20)
    at set firstName [as firstName] (src\user.js:13:20)
    at set firstName [as firstName] (src\user.js:13:20)
    at set firstName [as firstName] (src\user.js:13:20)
    at set firstName [as firstName] (src\user.js:13:20)
    at set firstName [as firstName] (src\user.js:13:20)
    at set firstName [as firstName] (src\user.js:13:20)
    at set firstName [as firstName] (src\user.js:13:20)
    at set firstName [as firstName] (src\user.js:13:20)
    at set firstName [as firstName] (src\user.js:13:20)
    at set firstName [as firstName] (src\user.js:13:20)
    at set firstName [as firstName] (src\user.js:13:20)
    at set firstName [as firstName] (src\user.js:13:20)
    at set firstName [as firstName] (src\user.js:13:20)
    at set firstName [as firstName] (src\user.js:13:20)
    at set firstName [as firstName] (src\user.js:13:20)
    at set firstName [as firstName] (src\user.js:13:20)
    at set firstName [as firstName] (src\user.js:13:20)
    at set firstName [as firstName] (src\user.js:13:20)
    at set firstName [as firstName] (src\user.js:13:20)
    at set firstName [as firstName] (src\user.js:13:20)
    at set firstName [as firstName] (src\user.js:13:20)
    at set firstName [as firstName] (src\user.js:13:20)
    at set firstName [as firstName] (src\user.js:13:20)
    at set firstName [as firstName] (src\user.js:13:20)
    at set firstName [as firstName] (src\user.js:13:20)
    at set firstName [as firstName] (src\user.js:13:20)
    at set firstName [as firstName] (src\user.js:13:20)
    at set firstName [as firstName] (src\user.js:13:20)
    at set firstName [as firstName] (src\user.js:13:20)
    at set firstName [as firstName] (src\user.js:13:20)
    at set firstName [as firstName] (src\user.js:13:20)
    at set firstName [as firstName] (src\user.js:13:20)
    at set firstName [as firstName] (src\user.js:13:20)
    at set firstName [as firstName] (src\user.js:13:20)
    at set firstName [as firstName] (src\user.js:13:20)
    at set firstName [as firstName] (src\user.js:13:20)
    at set firstName [as firstName] (src\user.js:13:20)
    at set firstName [as firstName] (src\user.js:13:20)
    at set firstName [as firstName] (src\user.js:13:20)
    at set firstName [as firstName] (src\user.js:13:20)
    at set firstName [as firstName] (src\user.js:13:20)
    at set firstName [as firstName] (src\user.js:13:20)
    at set firstName [as firstName] (src\user.js:13:20)
    at set firstName [as firstName] (src\user.js:13:20)
    at set firstName [as firstName] (src\user.js:13:20)
    at set firstName [as firstName] (src\user.js:13:20)
    at set firstName [as firstName] (src\user.js:13:20)
    at set firstName [as firstName] (src\user.js:13:20)
    at set firstName [as firstName] (src\user.js:13:20)
    at set firstName [as firstName] (src\user.js:13:20)
    at set firstName [as firstName] (src\user.js:13:20)
    at set firstName [as firstName] (src\user.js:13:20)
    at set firstName [as firstName] (src\user.js:13:20)
    at set firstName [as firstName] (src\user.js:13:20)
    at set firstName [as firstName] (src\user.js:13:20)
    at set firstName [as firstName] (src\user.js:13:20)
    at set firstName [as firstName] (src\user.js:13:20)
    at set firstName [as firstName] (src\user.js:13:20)
    at set firstName [as firstName] (src\user.js:13:20)
    at set firstName [as firstName] (src\user.js:13:20)
    at set firstName [as firstName] (src\user.js:13:20)
    at set firstName [as firstName] (src\user.js:13:20)
    at set firstName [as firstName] (src\user.js:13:20)
    at set firstName [as firstName] (src\user.js:13:20)
    at set firstName [as firstName] (src\user.js:13:20)
    at set firstName [as firstName] (src\user.js:13:20)
    at set firstName [as firstName] (src\user.js:13:20)
    at set firstName [as firstName] (src\user.js:13:20)
    at set firstName [as firstName] (src\user.js:13:20)
    at set firstName [as firstName] (src\user.js:13:20)
    at set firstName [as firstName] (src\user.js:13:20)
    at set firstName [as firstName] (src\user.js:13:20)
    at set firstName [as firstName] (src\user.js:13:20)
    at set firstName [as firstName] (src\user.js:13:20)
    at set firstName [as firstName] (src\user.js:13:20)
    at set firstName [as firstName] (src\user.js:13:20)
    at set firstName [as firstName] (src\user.js:13:20)
    at new User (src\user.js:4:18)
    at Context.<anonymous> (test\user.test.js:76:18)
    at process.processImmediate (node:internal/timers:483:21)]]></failure>
    </testcase>
  </testsuite>
  <testsuite name="User usage" timestamp="2024-12-09T23:31:45" tests="5" file="C:\Users\zurgh\lecture-git-test\js-ts-tasks\test\user.test.js" time="0.007" failures="4">
    <testcase name="User usage should create User" time="0.001" classname="should create User">
      <failure message="Maximum call stack size exceeded" type="RangeError"><![CDATA[RangeError: Maximum call stack size exceeded
    at set firstName [as firstName] (src\user.js:13:20)
    at set firstName [as firstName] (src\user.js:13:20)
    at set firstName [as firstName] (src\user.js:13:20)
    at set firstName [as firstName] (src\user.js:13:20)
    at set firstName [as firstName] (src\user.js:13:20)
    at set firstName [as firstName] (src\user.js:13:20)
    at set firstName [as firstName] (src\user.js:13:20)
    at set firstName [as firstName] (src\user.js:13:20)
    at set firstName [as firstName] (src\user.js:13:20)
    at set firstName [as firstName] (src\user.js:13:20)
    at set firstName [as firstName] (src\user.js:13:20)
    at set firstName [as firstName] (src\user.js:13:20)
    at set firstName [as firstName] (src\user.js:13:20)
    at set firstName [as firstName] (src\user.js:13:20)
    at set firstName [as firstName] (src\user.js:13:20)
    at set firstName [as firstName] (src\user.js:13:20)
    at set firstName [as firstName] (src\user.js:13:20)
    at set firstName [as firstName] (src\user.js:13:20)
    at set firstName [as firstName] (src\user.js:13:20)
    at set firstName [as firstName] (src\user.js:13:20)
    at set firstName [as firstName] (src\user.js:13:20)
    at set firstName [as firstName] (src\user.js:13:20)
    at set firstName [as firstName] (src\user.js:13:20)
    at set firstName [as firstName] (src\user.js:13:20)
    at set firstName [as firstName] (src\user.js:13:20)
    at set firstName [as firstName] (src\user.js:13:20)
    at set firstName [as firstName] (src\user.js:13:20)
    at set firstName [as firstName] (src\user.js:13:20)
    at set firstName [as firstName] (src\user.js:13:20)
    at set firstName [as firstName] (src\user.js:13:20)
    at set firstName [as firstName] (src\user.js:13:20)
    at set firstName [as firstName] (src\user.js:13:20)
    at set firstName [as firstName] (src\user.js:13:20)
    at set firstName [as firstName] (src\user.js:13:20)
    at set firstName [as firstName] (src\user.js:13:20)
    at set firstName [as firstName] (src\user.js:13:20)
    at set firstName [as firstName] (src\user.js:13:20)
    at set firstName [as firstName] (src\user.js:13:20)
    at set firstName [as firstName] (src\user.js:13:20)
    at set firstName [as firstName] (src\user.js:13:20)
    at set firstName [as firstName] (src\user.js:13:20)
    at set firstName [as firstName] (src\user.js:13:20)
    at set firstName [as firstName] (src\user.js:13:20)
    at set firstName [as firstName] (src\user.js:13:20)
    at set firstName [as firstName] (src\user.js:13:20)
    at set firstName [as firstName] (src\user.js:13:20)
    at set firstName [as firstName] (src\user.js:13:20)
    at set firstName [as firstName] (src\user.js:13:20)
    at set firstName [as firstName] (src\user.js:13:20)
    at set firstName [as firstName] (src\user.js:13:20)
    at set firstName [as firstName] (src\user.js:13:20)
    at set firstName [as firstName] (src\user.js:13:20)
    at set firstName [as firstName] (src\user.js:13:20)
    at set firstName [as firstName] (src\user.js:13:20)
    at set firstName [as firstName] (src\user.js:13:20)
    at set firstName [as firstName] (src\user.js:13:20)
    at set firstName [as firstName] (src\user.js:13:20)
    at set firstName [as firstName] (src\user.js:13:20)
    at set firstName [as firstName] (src\user.js:13:20)
    at set firstName [as firstName] (src\user.js:13:20)
    at set firstName [as firstName] (src\user.js:13:20)
    at set firstName [as firstName] (src\user.js:13:20)
    at set firstName [as firstName] (src\user.js:13:20)
    at set firstName [as firstName] (src\user.js:13:20)
    at set firstName [as firstName] (src\user.js:13:20)
    at set firstName [as firstName] (src\user.js:13:20)
    at set firstName [as firstName] (src\user.js:13:20)
    at set firstName [as firstName] (src\user.js:13:20)
    at set firstName [as firstName] (src\user.js:13:20)
    at set firstName [as firstName] (src\user.js:13:20)
    at set firstName [as firstName] (src\user.js:13:20)
    at set firstName [as firstName] (src\user.js:13:20)
    at set firstName [as firstName] (src\user.js:13:20)
    at set firstName [as firstName] (src\user.js:13:20)
    at set firstName [as firstName] (src\user.js:13:20)
    at set firstName [as firstName] (src\user.js:13:20)
    at set firstName [as firstName] (src\user.js:13:20)
    at set firstName [as firstName] (src\user.js:13:20)
    at set firstName [as firstName] (src\user.js:13:20)
    at set firstName [as firstName] (src\user.js:13:20)
    at set firstName [as firstName] (src\user.js:13:20)
    at set firstName [as firstName] (src\user.js:13:20)
    at set firstName [as firstName] (src\user.js:13:20)
    at set firstName [as firstName] (src\user.js:13:20)
    at set firstName [as firstName] (src\user.js:13:20)
    at set firstName [as firstName] (src\user.js:13:20)
    at set firstName [as firstName] (src\user.js:13:20)
    at set firstName [as firstName] (src\user.js:13:20)
    at set firstName [as firstName] (src\user.js:13:20)
    at set firstName [as firstName] (src\user.js:13:20)
    at set firstName [as firstName] (src\user.js:13:20)
    at set firstName [as firstName] (src\user.js:13:20)
    at set firstName [as firstName] (src\user.js:13:20)
    at set firstName [as firstName] (src\user.js:13:20)
    at set firstName [as firstName] (src\user.js:13:20)
    at set firstName [as firstName] (src\user.js:13:20)
    at set firstName [as firstName] (src\user.js:13:20)
    at set firstName [as firstName] (src\user.js:13:20)
    at set firstName [as firstName] (src\user.js:13:20)
    at set firstName [as firstName] (src\user.js:13:20)
    at set firstName [as firstName] (src\user.js:13:20)
    at set firstName [as firstName] (src\user.js:13:20)
    at set firstName [as firstName] (src\user.js:13:20)
    at set firstName [as firstName] (src\user.js:13:20)
    at set firstName [as firstName] (src\user.js:13:20)
    at set firstName [as firstName] (src\user.js:13:20)
    at set firstName [as firstName] (src\user.js:13:20)
    at set firstName [as firstName] (src\user.js:13:20)
    at set firstName [as firstName] (src\user.js:13:20)
    at set firstName [as firstName] (src\user.js:13:20)
    at set firstName [as firstName] (src\user.js:13:20)
    at set firstName [as firstName] (src\user.js:13:20)
    at set firstName [as firstName] (src\user.js:13:20)
    at set firstName [as firstName] (src\user.js:13:20)
    at set firstName [as firstName] (src\user.js:13:20)
    at set firstName [as firstName] (src\user.js:13:20)
    at set firstName [as firstName] (src\user.js:13:20)
    at set firstName [as firstName] (src\user.js:13:20)
    at set firstName [as firstName] (src\user.js:13:20)
    at set firstName [as firstName] (src\user.js:13:20)
    at set firstName [as firstName] (src\user.js:13:20)
    at set firstName [as firstName] (src\user.js:13:20)
    at set firstName [as firstName] (src\user.js:13:20)
    at set firstName [as firstName] (src\user.js:13:20)
    at set firstName [as firstName] (src\user.js:13:20)
    at set firstName [as firstName] (src\user.js:13:20)
    at set firstName [as firstName] (src\user.js:13:20)
    at set firstName [as firstName] (src\user.js:13:20)
    at set firstName [as firstName] (src\user.js:13:20)
    at set firstName [as firstName] (src\user.js:13:20)
    at set firstName [as firstName] (src\user.js:13:20)
    at set firstName [as firstName] (src\user.js:13:20)
    at set firstName [as firstName] (src\user.js:13:20)
    at set firstName [as firstName] (src\user.js:13:20)
    at set firstName [as firstName] (src\user.js:13:20)
    at set firstName [as firstName] (src\user.js:13:20)
    at set firstName [as firstName] (src\user.js:13:20)
    at set firstName [as firstName] (src\user.js:13:20)
    at set firstName [as firstName] (src\user.js:13:20)
    at set firstName [as firstName] (src\user.js:13:20)
    at set firstName [as firstName] (src\user.js:13:20)
    at set firstName [as firstName] (src\user.js:13:20)
    at set firstName [as firstName] (src\user.js:13:20)
    at set firstName [as firstName] (src\user.js:13:20)
    at set firstName [as firstName] (src\user.js:13:20)
    at set firstName [as firstName] (src\user.js:13:20)
    at set firstName [as firstName] (src\user.js:13:20)
    at set firstName [as firstName] (src\user.js:13:20)
    at set firstName [as firstName] (src\user.js:13:20)
    at set firstName [as firstName] (src\user.js:13:20)
    at set firstName [as firstName] (src\user.js:13:20)
    at set firstName [as firstName] (src\user.js:13:20)
    at set firstName [as firstName] (src\user.js:13:20)
    at set firstName [as firstName] (src\user.js:13:20)
    at set firstName [as firstName] (src\user.js:13:20)
    at set firstName [as firstName] (src\user.js:13:20)
    at set firstName [as firstName] (src\user.js:13:20)
    at set firstName [as firstName] (src\user.js:13:20)
    at set firstName [as firstName] (src\user.js:13:20)
    at set firstName [as firstName] (src\user.js:13:20)
    at set firstName [as firstName] (src\user.js:13:20)
    at set firstName [as firstName] (src\user.js:13:20)
    at set firstName [as firstName] (src\user.js:13:20)
    at set firstName [as firstName] (src\user.js:13:20)
    at set firstName [as firstName] (src\user.js:13:20)
    at set firstName [as firstName] (src\user.js:13:20)
    at set firstName [as firstName] (src\user.js:13:20)
    at set firstName [as firstName] (src\user.js:13:20)
    at set firstName [as firstName] (src\user.js:13:20)
    at set firstName [as firstName] (src\user.js:13:20)
    at set firstName [as firstName] (src\user.js:13:20)
    at set firstName [as firstName] (src\user.js:13:20)
    at set firstName [as firstName] (src\user.js:13:20)
    at set firstName [as firstName] (src\user.js:13:20)
    at set firstName [as firstName] (src\user.js:13:20)
    at set firstName [as firstName] (src\user.js:13:20)
    at set firstName [as firstName] (src\user.js:13:20)
    at set firstName [as firstName] (src\user.js:13:20)
    at set firstName [as firstName] (src\user.js:13:20)
    at set firstName [as firstName] (src\user.js:13:20)
    at set firstName [as firstName] (src\user.js:13:20)
    at set firstName [as firstName] (src\user.js:13:20)
    at set firstName [as firstName] (src\user.js:13:20)
    at set firstName [as firstName] (src\user.js:13:20)
    at set firstName [as firstName] (src\user.js:13:20)
    at set firstName [as firstName] (src\user.js:13:20)
    at set firstName [as firstName] (src\user.js:13:20)
    at set firstName [as firstName] (src\user.js:13:20)
    at set firstName [as firstName] (src\user.js:13:20)
    at set firstName [as firstName] (src\user.js:13:20)
    at set firstName [as firstName] (src\user.js:13:20)
    at set firstName [as firstName] (src\user.js:13:20)
    at set firstName [as firstName] (src\user.js:13:20)
    at set firstName [as firstName] (src\user.js:13:20)
    at set firstName [as firstName] (src\user.js:13:20)
    at set firstName [as firstName] (src\user.js:13:20)
    at set firstName [as firstName] (src\user.js:13:20)
    at set firstName [as firstName] (src\user.js:13:20)
    at set firstName [as firstName] (src\user.js:13:20)
    at set firstName [as firstName] (src\user.js:13:20)
    at set firstName [as firstName] (src\user.js:13:20)
    at set firstName [as firstName] (src\user.js:13:20)
    at set firstName [as firstName] (src\user.js:13:20)
    at set firstName [as firstName] (src\user.js:13:20)
    at set firstName [as firstName] (src\user.js:13:20)
    at set firstName [as firstName] (src\user.js:13:20)
    at set firstName [as firstName] (src\user.js:13:20)
    at set firstName [as firstName] (src\user.js:13:20)
    at set firstName [as firstName] (src\user.js:13:20)
    at set firstName [as firstName] (src\user.js:13:20)
    at set firstName [as firstName] (src\user.js:13:20)
    at set firstName [as firstName] (src\user.js:13:20)
    at set firstName [as firstName] (src\user.js:13:20)
    at set firstName [as firstName] (src\user.js:13:20)
    at set firstName [as firstName] (src\user.js:13:20)
    at set firstName [as firstName] (src\user.js:13:20)
    at set firstName [as firstName] (src\user.js:13:20)
    at set firstName [as firstName] (src\user.js:13:20)
    at set firstName [as firstName] (src\user.js:13:20)
    at set firstName [as firstName] (src\user.js:13:20)
    at set firstName [as firstName] (src\user.js:13:20)
    at set firstName [as firstName] (src\user.js:13:20)
    at set firstName [as firstName] (src\user.js:13:20)
    at set firstName [as firstName] (src\user.js:13:20)
    at set firstName [as firstName] (src\user.js:13:20)
    at set firstName [as firstName] (src\user.js:13:20)
    at set firstName [as firstName] (src\user.js:13:20)
    at set firstName [as firstName] (src\user.js:13:20)
    at set firstName [as firstName] (src\user.js:13:20)
    at set firstName [as firstName] (src\user.js:13:20)
    at set firstName [as firstName] (src\user.js:13:20)
    at set firstName [as firstName] (src\user.js:13:20)
    at set firstName [as firstName] (src\user.js:13:20)
    at set firstName [as firstName] (src\user.js:13:20)
    at set firstName [as firstName] (src\user.js:13:20)
    at set firstName [as firstName] (src\user.js:13:20)
    at set firstName [as firstName] (src\user.js:13:20)
    at set firstName [as firstName] (src\user.js:13:20)
    at set firstName [as firstName] (src\user.js:13:20)
    at set firstName [as firstName] (src\user.js:13:20)
    at set firstName [as firstName] (src\user.js:13:20)
    at set firstName [as firstName] (src\user.js:13:20)
    at set firstName [as firstName] (src\user.js:13:20)
    at set firstName [as firstName] (src\user.js:13:20)
    at set firstName [as firstName] (src\user.js:13:20)
    at set firstName [as firstName] (src\user.js:13:20)
    at set firstName [as firstName] (src\user.js:13:20)
    at set firstName [as firstName] (src\user.js:13:20)
    at set firstName [as firstName] (src\user.js:13:20)
    at set firstName [as firstName] (src\user.js:13:20)
    at set firstName [as firstName] (src\user.js:13:20)
    at set firstName [as firstName] (src\user.js:13:20)
    at set firstName [as firstName] (src\user.js:13:20)
    at set firstName [as firstName] (src\user.js:13:20)
    at set firstName [as firstName] (src\user.js:13:20)
    at set firstName [as firstName] (src\user.js:13:20)
    at set firstName [as firstName] (src\user.js:13:20)
    at set firstName [as firstName] (src\user.js:13:20)
    at set firstName [as firstName] (src\user.js:13:20)
    at set firstName [as firstName] (src\user.js:13:20)
    at set firstName [as firstName] (src\user.js:13:20)
    at set firstName [as firstName] (src\user.js:13:20)
    at set firstName [as firstName] (src\user.js:13:20)
    at set firstName [as firstName] (src\user.js:13:20)
    at set firstName [as firstName] (src\user.js:13:20)
    at set firstName [as firstName] (src\user.js:13:20)
    at set firstName [as firstName] (src\user.js:13:20)
    at set firstName [as firstName] (src\user.js:13:20)
    at set firstName [as firstName] (src\user.js:13:20)
    at set firstName [as firstName] (src\user.js:13:20)
    at set firstName [as firstName] (src\user.js:13:20)
    at set firstName [as firstName] (src\user.js:13:20)
    at set firstName [as firstName] (src\user.js:13:20)
    at set firstName [as firstName] (src\user.js:13:20)
    at set firstName [as firstName] (src\user.js:13:20)
    at set firstName [as firstName] (src\user.js:13:20)
    at set firstName [as firstName] (src\user.js:13:20)
    at set firstName [as firstName] (src\user.js:13:20)
    at set firstName [as firstName] (src\user.js:13:20)
    at set firstName [as firstName] (src\user.js:13:20)
    at set firstName [as firstName] (src\user.js:13:20)
    at set firstName [as firstName] (src\user.js:13:20)
    at set firstName [as firstName] (src\user.js:13:20)
    at set firstName [as firstName] (src\user.js:13:20)
    at set firstName [as firstName] (src\user.js:13:20)
    at set firstName [as firstName] (src\user.js:13:20)
    at set firstName [as firstName] (src\user.js:13:20)
    at set firstName [as firstName] (src\user.js:13:20)
    at set firstName [as firstName] (src\user.js:13:20)
    at set firstName [as firstName] (src\user.js:13:20)
    at set firstName [as firstName] (src\user.js:13:20)
    at set firstName [as firstName] (src\user.js:13:20)
    at set firstName [as firstName] (src\user.js:13:20)
    at set firstName [as firstName] (src\user.js:13:20)
    at set firstName [as firstName] (src\user.js:13:20)
    at set firstName [as firstName] (src\user.js:13:20)
    at set firstName [as firstName] (src\user.js:13:20)
    at set firstName [as firstName] (src\user.js:13:20)
    at set firstName [as firstName] (src\user.js:13:20)
    at set firstName [as firstName] (src\user.js:13:20)
    at set firstName [as firstName] (src\user.js:13:20)
    at set firstName [as firstName] (src\user.js:13:20)
    at set firstName [as firstName] (src\user.js:13:20)
    at set firstName [as firstName] (src\user.js:13:20)
    at set firstName [as firstName] (src\user.js:13:20)
    at set firstName [as firstName] (src\user.js:13:20)
    at set firstName [as firstName] (src\user.js:13:20)
    at set firstName [as firstName] (src\user.js:13:20)
    at set firstName [as firstName] (src\user.js:13:20)
    at set firstName [as firstName] (src\user.js:13:20)
    at set firstName [as firstName] (src\user.js:13:20)
    at set firstName [as firstName] (src\user.js:13:20)
    at set firstName [as firstName] (src\user.js:13:20)
    at set firstName [as firstName] (src\user.js:13:20)
    at set firstName [as firstName] (src\user.js:13:20)
    at set firstName [as firstName] (src\user.js:13:20)
    at set firstName [as firstName] (src\user.js:13:20)
    at set firstName [as firstName] (src\user.js:13:20)
    at set firstName [as firstName] (src\user.js:13:20)
    at set firstName [as firstName] (src\user.js:13:20)
    at set firstName [as firstName] (src\user.js:13:20)
    at set firstName [as firstName] (src\user.js:13:20)
    at set firstName [as firstName] (src\user.js:13:20)
    at set firstName [as firstName] (src\user.js:13:20)
    at set firstName [as firstName] (src\user.js:13:20)
    at set firstName [as firstName] (src\user.js:13:20)
    at set firstName [as firstName] (src\user.js:13:20)
    at set firstName [as firstName] (src\user.js:13:20)
    at set firstName [as firstName] (src\user.js:13:20)
    at set firstName [as firstName] (src\user.js:13:20)
    at set firstName [as firstName] (src\user.js:13:20)
    at set firstName [as firstName] (src\user.js:13:20)
    at set firstName [as firstName] (src\user.js:13:20)
    at set firstName [as firstName] (src\user.js:13:20)
    at set firstName [as firstName] (src\user.js:13:20)
    at set firstName [as firstName] (src\user.js:13:20)
    at set firstName [as firstName] (src\user.js:13:20)
    at set firstName [as firstName] (src\user.js:13:20)
    at set firstName [as firstName] (src\user.js:13:20)
    at set firstName [as firstName] (src\user.js:13:20)
    at set firstName [as firstName] (src\user.js:13:20)
    at set firstName [as firstName] (src\user.js:13:20)
    at set firstName [as firstName] (src\user.js:13:20)
    at set firstName [as firstName] (src\user.js:13:20)
    at set firstName [as firstName] (src\user.js:13:20)
    at set firstName [as firstName] (src\user.js:13:20)
    at set firstName [as firstName] (src\user.js:13:20)
    at set firstName [as firstName] (src\user.js:13:20)
    at set firstName [as firstName] (src\user.js:13:20)
    at set firstName [as firstName] (src\user.js:13:20)
    at set firstName [as firstName] (src\user.js:13:20)
    at set firstName [as firstName] (src\user.js:13:20)
    at set firstName [as firstName] (src\user.js:13:20)
    at set firstName [as firstName] (src\user.js:13:20)
    at set firstName [as firstName] (src\user.js:13:20)
    at set firstName [as firstName] (src\user.js:13:20)
    at set firstName [as firstName] (src\user.js:13:20)
    at set firstName [as firstName] (src\user.js:13:20)
    at set firstName [as firstName] (src\user.js:13:20)
    at set firstName [as firstName] (src\user.js:13:20)
    at set firstName [as firstName] (src\user.js:13:20)
    at set firstName [as firstName] (src\user.js:13:20)
    at set firstName [as firstName] (src\user.js:13:20)
    at set firstName [as firstName] (src\user.js:13:20)
    at set firstName [as firstName] (src\user.js:13:20)
    at set firstName [as firstName] (src\user.js:13:20)
    at set firstName [as firstName] (src\user.js:13:20)
    at set firstName [as firstName] (src\user.js:13:20)
    at set firstName [as firstName] (src\user.js:13:20)
    at set firstName [as firstName] (src\user.js:13:20)
    at set firstName [as firstName] (src\user.js:13:20)
    at set firstName [as firstName] (src\user.js:13:20)
    at set firstName [as firstName] (src\user.js:13:20)
    at set firstName [as firstName] (src\user.js:13:20)
    at set firstName [as firstName] (src\user.js:13:20)
    at set firstName [as firstName] (src\user.js:13:20)
    at set firstName [as firstName] (src\user.js:13:20)
    at set firstName [as firstName] (src\user.js:13:20)
    at set firstName [as firstName] (src\user.js:13:20)
    at set firstName [as firstName] (src\user.js:13:20)
    at set firstName [as firstName] (src\user.js:13:20)
    at set firstName [as firstName] (src\user.js:13:20)
    at set firstName [as firstName] (src\user.js:13:20)
    at set firstName [as firstName] (src\user.js:13:20)
    at set firstName [as firstName] (src\user.js:13:20)
    at set firstName [as firstName] (src\user.js:13:20)
    at set firstName [as firstName] (src\user.js:13:20)
    at set firstName [as firstName] (src\user.js:13:20)
    at set firstName [as firstName] (src\user.js:13:20)
    at set firstName [as firstName] (src\user.js:13:20)
    at set firstName [as firstName] (src\user.js:13:20)
    at set firstName [as firstName] (src\user.js:13:20)
    at set firstName [as firstName] (src\user.js:13:20)
    at set firstName [as firstName] (src\user.js:13:20)
    at set firstName [as firstName] (src\user.js:13:20)
    at set firstName [as firstName] (src\user.js:13:20)
    at set firstName [as firstName] (src\user.js:13:20)
    at set firstName [as firstName] (src\user.js:13:20)
    at set firstName [as firstName] (src\user.js:13:20)
    at set firstName [as firstName] (src\user.js:13:20)
    at set firstName [as firstName] (src\user.js:13:20)
    at set firstName [as firstName] (src\user.js:13:20)
    at set firstName [as firstName] (src\user.js:13:20)
    at set firstName [as firstName] (src\user.js:13:20)
    at set firstName [as firstName] (src\user.js:13:20)
    at set firstName [as firstName] (src\user.js:13:20)
    at set firstName [as firstName] (src\user.js:13:20)
    at set firstName [as firstName] (src\user.js:13:20)
    at set firstName [as firstName] (src\user.js:13:20)
    at set firstName [as firstName] (src\user.js:13:20)
    at set firstName [as firstName] (src\user.js:13:20)
    at set firstName [as firstName] (src\user.js:13:20)
    at set firstName [as firstName] (src\user.js:13:20)
    at set firstName [as firstName] (src\user.js:13:20)
    at set firstName [as firstName] (src\user.js:13:20)
    at set firstName [as firstName] (src\user.js:13:20)
    at set firstName [as firstName] (src\user.js:13:20)
    at set firstName [as firstName] (src\user.js:13:20)
    at set firstName [as firstName] (src\user.js:13:20)
    at set firstName [as firstName] (src\user.js:13:20)
    at set firstName [as firstName] (src\user.js:13:20)
    at set firstName [as firstName] (src\user.js:13:20)
    at set firstName [as firstName] (src\user.js:13:20)
    at set firstName [as firstName] (src\user.js:13:20)
    at set firstName [as firstName] (src\user.js:13:20)
    at set firstName [as firstName] (src\user.js:13:20)
    at set firstName [as firstName] (src\user.js:13:20)
    at set firstName [as firstName] (src\user.js:13:20)
    at set firstName [as firstName] (src\user.js:13:20)
    at set firstName [as firstName] (src\user.js:13:20)
    at set firstName [as firstName] (src\user.js:13:20)
    at set firstName [as firstName] (src\user.js:13:20)
    at set firstName [as firstName] (src\user.js:13:20)
    at set firstName [as firstName] (src\user.js:13:20)
    at set firstName [as firstName] (src\user.js:13:20)
    at set firstName [as firstName] (src\user.js:13:20)
    at set firstName [as firstName] (src\user.js:13:20)
    at set firstName [as firstName] (src\user.js:13:20)
    at new User (src\user.js:4:18)
    at module.exports.createUser (src\user.js:63:10)
    at Context.<anonymous> (test\user.test.js:106:18)
    at process.processImmediate (node:internal/timers:483:21)]]></failure>
    </testcase>
    <testcase name="User usage should create Users" time="0.001" classname="should create Users">
      <failure message="createUser is not defined" type="ReferenceError"><![CDATA[ReferenceError: createUser is not defined
    at C:\Users\zurgh\lecture-git-test\js-ts-tasks\src\user.js:72:31
    at Array.map (<anonymous>)
    at module.exports.createUsers (src\user.js:72:15)
    at Context.<anonymous> (test\user.test.js:114:19)
    at process.processImmediate (node:internal/timers:483:21)]]></failure>
    </testcase>
    <testcase name="User usage should users where age equals to the particular age" time="0.000" classname="should users where age equals to the particular age">
    </testcase>
    <testcase name="User usage should create sort users function with age comparator from TestUtils" time="0.001" classname="should create sort users function with age comparator from TestUtils">
      <failure message="Maximum call stack size exceeded" type="RangeError"><![CDATA[RangeError: Maximum call stack size exceeded
    at set firstName [as firstName] (src\user.js:13:20)
    at set firstName [as firstName] (src\user.js:13:20)
    at set firstName [as firstName] (src\user.js:13:20)
    at set firstName [as firstName] (src\user.js:13:20)
    at set firstName [as firstName] (src\user.js:13:20)
    at set firstName [as firstName] (src\user.js:13:20)
    at set firstName [as firstName] (src\user.js:13:20)
    at set firstName [as firstName] (src\user.js:13:20)
    at set firstName [as firstName] (src\user.js:13:20)
    at set firstName [as firstName] (src\user.js:13:20)
    at set firstName [as firstName] (src\user.js:13:20)
    at set firstName [as firstName] (src\user.js:13:20)
    at set firstName [as firstName] (src\user.js:13:20)
    at set firstName [as firstName] (src\user.js:13:20)
    at set firstName [as firstName] (src\user.js:13:20)
    at set firstName [as firstName] (src\user.js:13:20)
    at set firstName [as firstName] (src\user.js:13:20)
    at set firstName [as firstName] (src\user.js:13:20)
    at set firstName [as firstName] (src\user.js:13:20)
    at set firstName [as firstName] (src\user.js:13:20)
    at set firstName [as firstName] (src\user.js:13:20)
    at set firstName [as firstName] (src\user.js:13:20)
    at set firstName [as firstName] (src\user.js:13:20)
    at set firstName [as firstName] (src\user.js:13:20)
    at set firstName [as firstName] (src\user.js:13:20)
    at set firstName [as firstName] (src\user.js:13:20)
    at set firstName [as firstName] (src\user.js:13:20)
    at set firstName [as firstName] (src\user.js:13:20)
    at set firstName [as firstName] (src\user.js:13:20)
    at set firstName [as firstName] (src\user.js:13:20)
    at set firstName [as firstName] (src\user.js:13:20)
    at set firstName [as firstName] (src\user.js:13:20)
    at set firstName [as firstName] (src\user.js:13:20)
    at set firstName [as firstName] (src\user.js:13:20)
    at set firstName [as firstName] (src\user.js:13:20)
    at set firstName [as firstName] (src\user.js:13:20)
    at set firstName [as firstName] (src\user.js:13:20)
    at set firstName [as firstName] (src\user.js:13:20)
    at set firstName [as firstName] (src\user.js:13:20)
    at set firstName [as firstName] (src\user.js:13:20)
    at set firstName [as firstName] (src\user.js:13:20)
    at set firstName [as firstName] (src\user.js:13:20)
    at set firstName [as firstName] (src\user.js:13:20)
    at set firstName [as firstName] (src\user.js:13:20)
    at set firstName [as firstName] (src\user.js:13:20)
    at set firstName [as firstName] (src\user.js:13:20)
    at set firstName [as firstName] (src\user.js:13:20)
    at set firstName [as firstName] (src\user.js:13:20)
    at set firstName [as firstName] (src\user.js:13:20)
    at set firstName [as firstName] (src\user.js:13:20)
    at set firstName [as firstName] (src\user.js:13:20)
    at set firstName [as firstName] (src\user.js:13:20)
    at set firstName [as firstName] (src\user.js:13:20)
    at set firstName [as firstName] (src\user.js:13:20)
    at set firstName [as firstName] (src\user.js:13:20)
    at set firstName [as firstName] (src\user.js:13:20)
    at set firstName [as firstName] (src\user.js:13:20)
    at set firstName [as firstName] (src\user.js:13:20)
    at set firstName [as firstName] (src\user.js:13:20)
    at set firstName [as firstName] (src\user.js:13:20)
    at set firstName [as firstName] (src\user.js:13:20)
    at set firstName [as firstName] (src\user.js:13:20)
    at set firstName [as firstName] (src\user.js:13:20)
    at set firstName [as firstName] (src\user.js:13:20)
    at set firstName [as firstName] (src\user.js:13:20)
    at set firstName [as firstName] (src\user.js:13:20)
    at set firstName [as firstName] (src\user.js:13:20)
    at set firstName [as firstName] (src\user.js:13:20)
    at set firstName [as firstName] (src\user.js:13:20)
    at set firstName [as firstName] (src\user.js:13:20)
    at set firstName [as firstName] (src\user.js:13:20)
    at set firstName [as firstName] (src\user.js:13:20)
    at set firstName [as firstName] (src\user.js:13:20)
    at set firstName [as firstName] (src\user.js:13:20)
    at set firstName [as firstName] (src\user.js:13:20)
    at set firstName [as firstName] (src\user.js:13:20)
    at set firstName [as firstName] (src\user.js:13:20)
    at set firstName [as firstName] (src\user.js:13:20)
    at set firstName [as firstName] (src\user.js:13:20)
    at set firstName [as firstName] (src\user.js:13:20)
    at set firstName [as firstName] (src\user.js:13:20)
    at set firstName [as firstName] (src\user.js:13:20)
    at set firstName [as firstName] (src\user.js:13:20)
    at set firstName [as firstName] (src\user.js:13:20)
    at set firstName [as firstName] (src\user.js:13:20)
    at set firstName [as firstName] (src\user.js:13:20)
    at set firstName [as firstName] (src\user.js:13:20)
    at set firstName [as firstName] (src\user.js:13:20)
    at set firstName [as firstName] (src\user.js:13:20)
    at set firstName [as firstName] (src\user.js:13:20)
    at set firstName [as firstName] (src\user.js:13:20)
    at set firstName [as firstName] (src\user.js:13:20)
    at set firstName [as firstName] (src\user.js:13:20)
    at set firstName [as firstName] (src\user.js:13:20)
    at set firstName [as firstName] (src\user.js:13:20)
    at set firstName [as firstName] (src\user.js:13:20)
    at set firstName [as firstName] (src\user.js:13:20)
    at set firstName [as firstName] (src\user.js:13:20)
    at set firstName [as firstName] (src\user.js:13:20)
    at set firstName [as firstName] (src\user.js:13:20)
    at set firstName [as firstName] (src\user.js:13:20)
    at set firstName [as firstName] (src\user.js:13:20)
    at set firstName [as firstName] (src\user.js:13:20)
    at set firstName [as firstName] (src\user.js:13:20)
    at set firstName [as firstName] (src\user.js:13:20)
    at set firstName [as firstName] (src\user.js:13:20)
    at set firstName [as firstName] (src\user.js:13:20)
    at set firstName [as firstName] (src\user.js:13:20)
    at set firstName [as firstName] (src\user.js:13:20)
    at set firstName [as firstName] (src\user.js:13:20)
    at set firstName [as firstName] (src\user.js:13:20)
    at set firstName [as firstName] (src\user.js:13:20)
    at set firstName [as firstName] (src\user.js:13:20)
    at set firstName [as firstName] (src\user.js:13:20)
    at set firstName [as firstName] (src\user.js:13:20)
    at set firstName [as firstName] (src\user.js:13:20)
    at set firstName [as firstName] (src\user.js:13:20)
    at set firstName [as firstName] (src\user.js:13:20)
    at set firstName [as firstName] (src\user.js:13:20)
    at set firstName [as firstName] (src\user.js:13:20)
    at set firstName [as firstName] (src\user.js:13:20)
    at set firstName [as firstName] (src\user.js:13:20)
    at set firstName [as firstName] (src\user.js:13:20)
    at set firstName [as firstName] (src\user.js:13:20)
    at set firstName [as firstName] (src\user.js:13:20)
    at set firstName [as firstName] (src\user.js:13:20)
    at set firstName [as firstName] (src\user.js:13:20)
    at set firstName [as firstName] (src\user.js:13:20)
    at set firstName [as firstName] (src\user.js:13:20)
    at set firstName [as firstName] (src\user.js:13:20)
    at set firstName [as firstName] (src\user.js:13:20)
    at set firstName [as firstName] (src\user.js:13:20)
    at set firstName [as firstName] (src\user.js:13:20)
    at set firstName [as firstName] (src\user.js:13:20)
    at set firstName [as firstName] (src\user.js:13:20)
    at set firstName [as firstName] (src\user.js:13:20)
    at set firstName [as firstName] (src\user.js:13:20)
    at set firstName [as firstName] (src\user.js:13:20)
    at set firstName [as firstName] (src\user.js:13:20)
    at set firstName [as firstName] (src\user.js:13:20)
    at set firstName [as firstName] (src\user.js:13:20)
    at set firstName [as firstName] (src\user.js:13:20)
    at set firstName [as firstName] (src\user.js:13:20)
    at set firstName [as firstName] (src\user.js:13:20)
    at set firstName [as firstName] (src\user.js:13:20)
    at set firstName [as firstName] (src\user.js:13:20)
    at set firstName [as firstName] (src\user.js:13:20)
    at set firstName [as firstName] (src\user.js:13:20)
    at set firstName [as firstName] (src\user.js:13:20)
    at set firstName [as firstName] (src\user.js:13:20)
    at set firstName [as firstName] (src\user.js:13:20)
    at set firstName [as firstName] (src\user.js:13:20)
    at set firstName [as firstName] (src\user.js:13:20)
    at set firstName [as firstName] (src\user.js:13:20)
    at set firstName [as firstName] (src\user.js:13:20)
    at set firstName [as firstName] (src\user.js:13:20)
    at set firstName [as firstName] (src\user.js:13:20)
    at set firstName [as firstName] (src\user.js:13:20)
    at set firstName [as firstName] (src\user.js:13:20)
    at set firstName [as firstName] (src\user.js:13:20)
    at set firstName [as firstName] (src\user.js:13:20)
    at set firstName [as firstName] (src\user.js:13:20)
    at set firstName [as firstName] (src\user.js:13:20)
    at set firstName [as firstName] (src\user.js:13:20)
    at set firstName [as firstName] (src\user.js:13:20)
    at set firstName [as firstName] (src\user.js:13:20)
    at set firstName [as firstName] (src\user.js:13:20)
    at set firstName [as firstName] (src\user.js:13:20)
    at set firstName [as firstName] (src\user.js:13:20)
    at set firstName [as firstName] (src\user.js:13:20)
    at set firstName [as firstName] (src\user.js:13:20)
    at set firstName [as firstName] (src\user.js:13:20)
    at set firstName [as firstName] (src\user.js:13:20)
    at set firstName [as firstName] (src\user.js:13:20)
    at set firstName [as firstName] (src\user.js:13:20)
    at set firstName [as firstName] (src\user.js:13:20)
    at set firstName [as firstName] (src\user.js:13:20)
    at set firstName [as firstName] (src\user.js:13:20)
    at set firstName [as firstName] (src\user.js:13:20)
    at set firstName [as firstName] (src\user.js:13:20)
    at set firstName [as firstName] (src\user.js:13:20)
    at set firstName [as firstName] (src\user.js:13:20)
    at set firstName [as firstName] (src\user.js:13:20)
    at set firstName [as firstName] (src\user.js:13:20)
    at set firstName [as firstName] (src\user.js:13:20)
    at set firstName [as firstName] (src\user.js:13:20)
    at set firstName [as firstName] (src\user.js:13:20)
    at set firstName [as firstName] (src\user.js:13:20)
    at set firstName [as firstName] (src\user.js:13:20)
    at set firstName [as firstName] (src\user.js:13:20)
    at set firstName [as firstName] (src\user.js:13:20)
    at set firstName [as firstName] (src\user.js:13:20)
    at set firstName [as firstName] (src\user.js:13:20)
    at set firstName [as firstName] (src\user.js:13:20)
    at set firstName [as firstName] (src\user.js:13:20)
    at set firstName [as firstName] (src\user.js:13:20)
    at set firstName [as firstName] (src\user.js:13:20)
    at set firstName [as firstName] (src\user.js:13:20)
    at set firstName [as firstName] (src\user.js:13:20)
    at set firstName [as firstName] (src\user.js:13:20)
    at set firstName [as firstName] (src\user.js:13:20)
    at set firstName [as firstName] (src\user.js:13:20)
    at set firstName [as firstName] (src\user.js:13:20)
    at set firstName [as firstName] (src\user.js:13:20)
    at set firstName [as firstName] (src\user.js:13:20)
    at set firstName [as firstName] (src\user.js:13:20)
    at set firstName [as firstName] (src\user.js:13:20)
    at set firstName [as firstName] (src\user.js:13:20)
    at set firstName [as firstName] (src\user.js:13:20)
    at set firstName [as firstName] (src\user.js:13:20)
    at set firstName [as firstName] (src\user.js:13:20)
    at set firstName [as firstName] (src\user.js:13:20)
    at set firstName [as firstName] (src\user.js:13:20)
    at set firstName [as firstName] (src\user.js:13:20)
    at set firstName [as firstName] (src\user.js:13:20)
    at set firstName [as firstName] (src\user.js:13:20)
    at set firstName [as firstName] (src\user.js:13:20)
    at set firstName [as firstName] (src\user.js:13:20)
    at set firstName [as firstName] (src\user.js:13:20)
    at set firstName [as firstName] (src\user.js:13:20)
    at set firstName [as firstName] (src\user.js:13:20)
    at set firstName [as firstName] (src\user.js:13:20)
    at set firstName [as firstName] (src\user.js:13:20)
    at set firstName [as firstName] (src\user.js:13:20)
    at set firstName [as firstName] (src\user.js:13:20)
    at set firstName [as firstName] (src\user.js:13:20)
    at set firstName [as firstName] (src\user.js:13:20)
    at set firstName [as firstName] (src\user.js:13:20)
    at set firstName [as firstName] (src\user.js:13:20)
    at set firstName [as firstName] (src\user.js:13:20)
    at set firstName [as firstName] (src\user.js:13:20)
    at set firstName [as firstName] (src\user.js:13:20)
    at set firstName [as firstName] (src\user.js:13:20)
    at set firstName [as firstName] (src\user.js:13:20)
    at set firstName [as firstName] (src\user.js:13:20)
    at set firstName [as firstName] (src\user.js:13:20)
    at set firstName [as firstName] (src\user.js:13:20)
    at set firstName [as firstName] (src\user.js:13:20)
    at set firstName [as firstName] (src\user.js:13:20)
    at set firstName [as firstName] (src\user.js:13:20)
    at set firstName [as firstName] (src\user.js:13:20)
    at set firstName [as firstName] (src\user.js:13:20)
    at set firstName [as firstName] (src\user.js:13:20)
    at set firstName [as firstName] (src\user.js:13:20)
    at set firstName [as firstName] (src\user.js:13:20)
    at set firstName [as firstName] (src\user.js:13:20)
    at set firstName [as firstName] (src\user.js:13:20)
    at set firstName [as firstName] (src\user.js:13:20)
    at set firstName [as firstName] (src\user.js:13:20)
    at set firstName [as firstName] (src\user.js:13:20)
    at set firstName [as firstName] (src\user.js:13:20)
    at set firstName [as firstName] (src\user.js:13:20)
    at set firstName [as firstName] (src\user.js:13:20)
    at set firstName [as firstName] (src\user.js:13:20)
    at set firstName [as firstName] (src\user.js:13:20)
    at set firstName [as firstName] (src\user.js:13:20)
    at set firstName [as firstName] (src\user.js:13:20)
    at set firstName [as firstName] (src\user.js:13:20)
    at set firstName [as firstName] (src\user.js:13:20)
    at set firstName [as firstName] (src\user.js:13:20)
    at set firstName [as firstName] (src\user.js:13:20)
    at set firstName [as firstName] (src\user.js:13:20)
    at set firstName [as firstName] (src\user.js:13:20)
    at set firstName [as firstName] (src\user.js:13:20)
    at set firstName [as firstName] (src\user.js:13:20)
    at set firstName [as firstName] (src\user.js:13:20)
    at set firstName [as firstName] (src\user.js:13:20)
    at set firstName [as firstName] (src\user.js:13:20)
    at set firstName [as firstName] (src\user.js:13:20)
    at set firstName [as firstName] (src\user.js:13:20)
    at set firstName [as firstName] (src\user.js:13:20)
    at set firstName [as firstName] (src\user.js:13:20)
    at set firstName [as firstName] (src\user.js:13:20)
    at set firstName [as firstName] (src\user.js:13:20)
    at set firstName [as firstName] (src\user.js:13:20)
    at set firstName [as firstName] (src\user.js:13:20)
    at set firstName [as firstName] (src\user.js:13:20)
    at set firstName [as firstName] (src\user.js:13:20)
    at set firstName [as firstName] (src\user.js:13:20)
    at set firstName [as firstName] (src\user.js:13:20)
    at set firstName [as firstName] (src\user.js:13:20)
    at set firstName [as firstName] (src\user.js:13:20)
    at set firstName [as firstName] (src\user.js:13:20)
    at set firstName [as firstName] (src\user.js:13:20)
    at set firstName [as firstName] (src\user.js:13:20)
    at set firstName [as firstName] (src\user.js:13:20)
    at set firstName [as firstName] (src\user.js:13:20)
    at set firstName [as firstName] (src\user.js:13:20)
    at set firstName [as firstName] (src\user.js:13:20)
    at set firstName [as firstName] (src\user.js:13:20)
    at set firstName [as firstName] (src\user.js:13:20)
    at set firstName [as firstName] (src\user.js:13:20)
    at set firstName [as firstName] (src\user.js:13:20)
    at set firstName [as firstName] (src\user.js:13:20)
    at set firstName [as firstName] (src\user.js:13:20)
    at set firstName [as firstName] (src\user.js:13:20)
    at set firstName [as firstName] (src\user.js:13:20)
    at set firstName [as firstName] (src\user.js:13:20)
    at set firstName [as firstName] (src\user.js:13:20)
    at set firstName [as firstName] (src\user.js:13:20)
    at set firstName [as firstName] (src\user.js:13:20)
    at set firstName [as firstName] (src\user.js:13:20)
    at set firstName [as firstName] (src\user.js:13:20)
    at set firstName [as firstName] (src\user.js:13:20)
    at set firstName [as firstName] (src\user.js:13:20)
    at set firstName [as firstName] (src\user.js:13:20)
    at set firstName [as firstName] (src\user.js:13:20)
    at set firstName [as firstName] (src\user.js:13:20)
    at set firstName [as firstName] (src\user.js:13:20)
    at set firstName [as firstName] (src\user.js:13:20)
    at set firstName [as firstName] (src\user.js:13:20)
    at set firstName [as firstName] (src\user.js:13:20)
    at set firstName [as firstName] (src\user.js:13:20)
    at set firstName [as firstName] (src\user.js:13:20)
    at set firstName [as firstName] (src\user.js:13:20)
    at set firstName [as firstName] (src\user.js:13:20)
    at set firstName [as firstName] (src\user.js:13:20)
    at set firstName [as firstName] (src\user.js:13:20)
    at set firstName [as firstName] (src\user.js:13:20)
    at set firstName [as firstName] (src\user.js:13:20)
    at set firstName [as firstName] (src\user.js:13:20)
    at set firstName [as firstName] (src\user.js:13:20)
    at set firstName [as firstName] (src\user.js:13:20)
    at set firstName [as firstName] (src\user.js:13:20)
    at set firstName [as firstName] (src\user.js:13:20)
    at set firstName [as firstName] (src\user.js:13:20)
    at set firstName [as firstName] (src\user.js:13:20)
    at set firstName [as firstName] (src\user.js:13:20)
    at set firstName [as firstName] (src\user.js:13:20)
    at set firstName [as firstName] (src\user.js:13:20)
    at set firstName [as firstName] (src\user.js:13:20)
    at set firstName [as firstName] (src\user.js:13:20)
    at set firstName [as firstName] (src\user.js:13:20)
    at set firstName [as firstName] (src\user.js:13:20)
    at set firstName [as firstName] (src\user.js:13:20)
    at set firstName [as firstName] (src\user.js:13:20)
    at set firstName [as firstName] (src\user.js:13:20)
    at set firstName [as firstName] (src\user.js:13:20)
    at set firstName [as firstName] (src\user.js:13:20)
    at set firstName [as firstName] (src\user.js:13:20)
    at set firstName [as firstName] (src\user.js:13:20)
    at set firstName [as firstName] (src\user.js:13:20)
    at set firstName [as firstName] (src\user.js:13:20)
    at set firstName [as firstName] (src\user.js:13:20)
    at set firstName [as firstName] (src\user.js:13:20)
    at set firstName [as firstName] (src\user.js:13:20)
    at set firstName [as firstName] (src\user.js:13:20)
    at set firstName [as firstName] (src\user.js:13:20)
    at set firstName [as firstName] (src\user.js:13:20)
    at set firstName [as firstName] (src\user.js:13:20)
    at set firstName [as firstName] (src\user.js:13:20)
    at set firstName [as firstName] (src\user.js:13:20)
    at set firstName [as firstName] (src\user.js:13:20)
    at set firstName [as firstName] (src\user.js:13:20)
    at set firstName [as firstName] (src\user.js:13:20)
    at set firstName [as firstName] (src\user.js:13:20)
    at set firstName [as firstName] (src\user.js:13:20)
    at set firstName [as firstName] (src\user.js:13:20)
    at set firstName [as firstName] (src\user.js:13:20)
    at set firstName [as firstName] (src\user.js:13:20)
    at set firstName [as firstName] (src\user.js:13:20)
    at set firstName [as firstName] (src\user.js:13:20)
    at set firstName [as firstName] (src\user.js:13:20)
    at set firstName [as firstName] (src\user.js:13:20)
    at set firstName [as firstName] (src\user.js:13:20)
    at set firstName [as firstName] (src\user.js:13:20)
    at set firstName [as firstName] (src\user.js:13:20)
    at set firstName [as firstName] (src\user.js:13:20)
    at set firstName [as firstName] (src\user.js:13:20)
    at set firstName [as firstName] (src\user.js:13:20)
    at set firstName [as firstName] (src\user.js:13:20)
    at set firstName [as firstName] (src\user.js:13:20)
    at set firstName [as firstName] (src\user.js:13:20)
    at set firstName [as firstName] (src\user.js:13:20)
    at set firstName [as firstName] (src\user.js:13:20)
    at set firstName [as firstName] (src\user.js:13:20)
    at set firstName [as firstName] (src\user.js:13:20)
    at set firstName [as firstName] (src\user.js:13:20)
    at set firstName [as firstName] (src\user.js:13:20)
    at set firstName [as firstName] (src\user.js:13:20)
    at set firstName [as firstName] (src\user.js:13:20)
    at set firstName [as firstName] (src\user.js:13:20)
    at set firstName [as firstName] (src\user.js:13:20)
    at set firstName [as firstName] (src\user.js:13:20)
    at set firstName [as firstName] (src\user.js:13:20)
    at set firstName [as firstName] (src\user.js:13:20)
    at set firstName [as firstName] (src\user.js:13:20)
    at set firstName [as firstName] (src\user.js:13:20)
    at set firstName [as firstName] (src\user.js:13:20)
    at set firstName [as firstName] (src\user.js:13:20)
    at set firstName [as firstName] (src\user.js:13:20)
    at set firstName [as firstName] (src\user.js:13:20)
    at set firstName [as firstName] (src\user.js:13:20)
    at set firstName [as firstName] (src\user.js:13:20)
    at set firstName [as firstName] (src\user.js:13:20)
    at set firstName [as firstName] (src\user.js:13:20)
    at set firstName [as firstName] (src\user.js:13:20)
    at set firstName [as firstName] (src\user.js:13:20)
    at set firstName [as firstName] (src\user.js:13:20)
    at set firstName [as firstName] (src\user.js:13:20)
    at set firstName [as firstName] (src\user.js:13:20)
    at set firstName [as firstName] (src\user.js:13:20)
    at set firstName [as firstName] (src\user.js:13:20)
    at set firstName [as firstName] (src\user.js:13:20)
    at set firstName [as firstName] (src\user.js:13:20)
    at set firstName [as firstName] (src\user.js:13:20)
    at set firstName [as firstName] (src\user.js:13:20)
    at set firstName [as firstName] (src\user.js:13:20)
    at set firstName [as firstName] (src\user.js:13:20)
    at set firstName [as firstName] (src\user.js:13:20)
    at set firstName [as firstName] (src\user.js:13:20)
    at set firstName [as firstName] (src\user.js:13:20)
    at set firstName [as firstName] (src\user.js:13:20)
    at set firstName [as firstName] (src\user.js:13:20)
    at set firstName [as firstName] (src\user.js:13:20)
    at set firstName [as firstName] (src\user.js:13:20)
    at set firstName [as firstName] (src\user.js:13:20)
    at set firstName [as firstName] (src\user.js:13:20)
    at set firstName [as firstName] (src\user.js:13:20)
    at set firstName [as firstName] (src\user.js:13:20)
    at set firstName [as firstName] (src\user.js:13:20)
    at set firstName [as firstName] (src\user.js:13:20)
    at set firstName [as firstName] (src\user.js:13:20)
    at set firstName [as firstName] (src\user.js:13:20)
    at set firstName [as firstName] (src\user.js:13:20)
    at set firstName [as firstName] (src\user.js:13:20)
    at set firstName [as firstName] (src\user.js:13:20)
    at set firstName [as firstName] (src\user.js:13:20)
    at set firstName [as firstName] (src\user.js:13:20)
    at set firstName [as firstName] (src\user.js:13:20)
    at set firstName [as firstName] (src\user.js:13:20)
    at set firstName [as firstName] (src\user.js:13:20)
    at set firstName [as firstName] (src\user.js:13:20)
    at set firstName [as firstName] (src\user.js:13:20)
    at set firstName [as firstName] (src\user.js:13:20)
    at set firstName [as firstName] (src\user.js:13:20)
    at set firstName [as firstName] (src\user.js:13:20)
    at set firstName [as firstName] (src\user.js:13:20)
    at new User (src\user.js:4:18)
    at Context.<anonymous> (test\user.test.js:154:7)
    at process.processImmediate (node:internal/timers:483:21)]]></failure>
    </testcase>
    <testcase name="User usage should celebrate birthday for every even user" time="0.001" classname="should celebrate birthday for every even user">
      <failure message="Maximum call stack size exceeded" type="RangeError"><![CDATA[RangeError: Maximum call stack size exceeded
    at set firstName [as firstName] (src\user.js:13:20)
    at set firstName [as firstName] (src\user.js:13:20)
    at set firstName [as firstName] (src\user.js:13:20)
    at set firstName [as firstName] (src\user.js:13:20)
    at set firstName [as firstName] (src\user.js:13:20)
    at set firstName [as firstName] (src\user.js:13:20)
    at set firstName [as firstName] (src\user.js:13:20)
    at set firstName [as firstName] (src\user.js:13:20)
    at set firstName [as firstName] (src\user.js:13:20)
    at set firstName [as firstName] (src\user.js:13:20)
    at set firstName [as firstName] (src\user.js:13:20)
    at set firstName [as firstName] (src\user.js:13:20)
    at set firstName [as firstName] (src\user.js:13:20)
    at set firstName [as firstName] (src\user.js:13:20)
    at set firstName [as firstName] (src\user.js:13:20)
    at set firstName [as firstName] (src\user.js:13:20)
    at set firstName [as firstName] (src\user.js:13:20)
    at set firstName [as firstName] (src\user.js:13:20)
    at set firstName [as firstName] (src\user.js:13:20)
    at set firstName [as firstName] (src\user.js:13:20)
    at set firstName [as firstName] (src\user.js:13:20)
    at set firstName [as firstName] (src\user.js:13:20)
    at set firstName [as firstName] (src\user.js:13:20)
    at set firstName [as firstName] (src\user.js:13:20)
    at set firstName [as firstName] (src\user.js:13:20)
    at set firstName [as firstName] (src\user.js:13:20)
    at set firstName [as firstName] (src\user.js:13:20)
    at set firstName [as firstName] (src\user.js:13:20)
    at set firstName [as firstName] (src\user.js:13:20)
    at set firstName [as firstName] (src\user.js:13:20)
    at set firstName [as firstName] (src\user.js:13:20)
    at set firstName [as firstName] (src\user.js:13:20)
    at set firstName [as firstName] (src\user.js:13:20)
    at set firstName [as firstName] (src\user.js:13:20)
    at set firstName [as firstName] (src\user.js:13:20)
    at set firstName [as firstName] (src\user.js:13:20)
    at set firstName [as firstName] (src\user.js:13:20)
    at set firstName [as firstName] (src\user.js:13:20)
    at set firstName [as firstName] (src\user.js:13:20)
    at set firstName [as firstName] (src\user.js:13:20)
    at set firstName [as firstName] (src\user.js:13:20)
    at set firstName [as firstName] (src\user.js:13:20)
    at set firstName [as firstName] (src\user.js:13:20)
    at set firstName [as firstName] (src\user.js:13:20)
    at set firstName [as firstName] (src\user.js:13:20)
    at set firstName [as firstName] (src\user.js:13:20)
    at set firstName [as firstName] (src\user.js:13:20)
    at set firstName [as firstName] (src\user.js:13:20)
    at set firstName [as firstName] (src\user.js:13:20)
    at set firstName [as firstName] (src\user.js:13:20)
    at set firstName [as firstName] (src\user.js:13:20)
    at set firstName [as firstName] (src\user.js:13:20)
    at set firstName [as firstName] (src\user.js:13:20)
    at set firstName [as firstName] (src\user.js:13:20)
    at set firstName [as firstName] (src\user.js:13:20)
    at set firstName [as firstName] (src\user.js:13:20)
    at set firstName [as firstName] (src\user.js:13:20)
    at set firstName [as firstName] (src\user.js:13:20)
    at set firstName [as firstName] (src\user.js:13:20)
    at set firstName [as firstName] (src\user.js:13:20)
    at set firstName [as firstName] (src\user.js:13:20)
    at set firstName [as firstName] (src\user.js:13:20)
    at set firstName [as firstName] (src\user.js:13:20)
    at set firstName [as firstName] (src\user.js:13:20)
    at set firstName [as firstName] (src\user.js:13:20)
    at set firstName [as firstName] (src\user.js:13:20)
    at set firstName [as firstName] (src\user.js:13:20)
    at set firstName [as firstName] (src\user.js:13:20)
    at set firstName [as firstName] (src\user.js:13:20)
    at set firstName [as firstName] (src\user.js:13:20)
    at set firstName [as firstName] (src\user.js:13:20)
    at set firstName [as firstName] (src\user.js:13:20)
    at set firstName [as firstName] (src\user.js:13:20)
    at set firstName [as firstName] (src\user.js:13:20)
    at set firstName [as firstName] (src\user.js:13:20)
    at set firstName [as firstName] (src\user.js:13:20)
    at set firstName [as firstName] (src\user.js:13:20)
    at set firstName [as firstName] (src\user.js:13:20)
    at set firstName [as firstName] (src\user.js:13:20)
    at set firstName [as firstName] (src\user.js:13:20)
    at set firstName [as firstName] (src\user.js:13:20)
    at set firstName [as firstName] (src\user.js:13:20)
    at set firstName [as firstName] (src\user.js:13:20)
    at set firstName [as firstName] (src\user.js:13:20)
    at set firstName [as firstName] (src\user.js:13:20)
    at set firstName [as firstName] (src\user.js:13:20)
    at set firstName [as firstName] (src\user.js:13:20)
    at set firstName [as firstName] (src\user.js:13:20)
    at set firstName [as firstName] (src\user.js:13:20)
    at set firstName [as firstName] (src\user.js:13:20)
    at set firstName [as firstName] (src\user.js:13:20)
    at set firstName [as firstName] (src\user.js:13:20)
    at set firstName [as firstName] (src\user.js:13:20)
    at set firstName [as firstName] (src\user.js:13:20)
    at set firstName [as firstName] (src\user.js:13:20)
    at set firstName [as firstName] (src\user.js:13:20)
    at set firstName [as firstName] (src\user.js:13:20)
    at set firstName [as firstName] (src\user.js:13:20)
    at set firstName [as firstName] (src\user.js:13:20)
    at set firstName [as firstName] (src\user.js:13:20)
    at set firstName [as firstName] (src\user.js:13:20)
    at set firstName [as firstName] (src\user.js:13:20)
    at set firstName [as firstName] (src\user.js:13:20)
    at set firstName [as firstName] (src\user.js:13:20)
    at set firstName [as firstName] (src\user.js:13:20)
    at set firstName [as firstName] (src\user.js:13:20)
    at set firstName [as firstName] (src\user.js:13:20)
    at set firstName [as firstName] (src\user.js:13:20)
    at set firstName [as firstName] (src\user.js:13:20)
    at set firstName [as firstName] (src\user.js:13:20)
    at set firstName [as firstName] (src\user.js:13:20)
    at set firstName [as firstName] (src\user.js:13:20)
    at set firstName [as firstName] (src\user.js:13:20)
    at set firstName [as firstName] (src\user.js:13:20)
    at set firstName [as firstName] (src\user.js:13:20)
    at set firstName [as firstName] (src\user.js:13:20)
    at set firstName [as firstName] (src\user.js:13:20)
    at set firstName [as firstName] (src\user.js:13:20)
    at set firstName [as firstName] (src\user.js:13:20)
    at set firstName [as firstName] (src\user.js:13:20)
    at set firstName [as firstName] (src\user.js:13:20)
    at set firstName [as firstName] (src\user.js:13:20)
    at set firstName [as firstName] (src\user.js:13:20)
    at set firstName [as firstName] (src\user.js:13:20)
    at set firstName [as firstName] (src\user.js:13:20)
    at set firstName [as firstName] (src\user.js:13:20)
    at set firstName [as firstName] (src\user.js:13:20)
    at set firstName [as firstName] (src\user.js:13:20)
    at set firstName [as firstName] (src\user.js:13:20)
    at set firstName [as firstName] (src\user.js:13:20)
    at set firstName [as firstName] (src\user.js:13:20)
    at set firstName [as firstName] (src\user.js:13:20)
    at set firstName [as firstName] (src\user.js:13:20)
    at set firstName [as firstName] (src\user.js:13:20)
    at set firstName [as firstName] (src\user.js:13:20)
    at set firstName [as firstName] (src\user.js:13:20)
    at set firstName [as firstName] (src\user.js:13:20)
    at set firstName [as firstName] (src\user.js:13:20)
    at set firstName [as firstName] (src\user.js:13:20)
    at set firstName [as firstName] (src\user.js:13:20)
    at set firstName [as firstName] (src\user.js:13:20)
    at set firstName [as firstName] (src\user.js:13:20)
    at set firstName [as firstName] (src\user.js:13:20)
    at set firstName [as firstName] (src\user.js:13:20)
    at set firstName [as firstName] (src\user.js:13:20)
    at set firstName [as firstName] (src\user.js:13:20)
    at set firstName [as firstName] (src\user.js:13:20)
    at set firstName [as firstName] (src\user.js:13:20)
    at set firstName [as firstName] (src\user.js:13:20)
    at set firstName [as firstName] (src\user.js:13:20)
    at set firstName [as firstName] (src\user.js:13:20)
    at set firstName [as firstName] (src\user.js:13:20)
    at set firstName [as firstName] (src\user.js:13:20)
    at set firstName [as firstName] (src\user.js:13:20)
    at set firstName [as firstName] (src\user.js:13:20)
    at set firstName [as firstName] (src\user.js:13:20)
    at set firstName [as firstName] (src\user.js:13:20)
    at set firstName [as firstName] (src\user.js:13:20)
    at set firstName [as firstName] (src\user.js:13:20)
    at set firstName [as firstName] (src\user.js:13:20)
    at set firstName [as firstName] (src\user.js:13:20)
    at set firstName [as firstName] (src\user.js:13:20)
    at set firstName [as firstName] (src\user.js:13:20)
    at set firstName [as firstName] (src\user.js:13:20)
    at set firstName [as firstName] (src\user.js:13:20)
    at set firstName [as firstName] (src\user.js:13:20)
    at set firstName [as firstName] (src\user.js:13:20)
    at set firstName [as firstName] (src\user.js:13:20)
    at set firstName [as firstName] (src\user.js:13:20)
    at set firstName [as firstName] (src\user.js:13:20)
    at set firstName [as firstName] (src\user.js:13:20)
    at set firstName [as firstName] (src\user.js:13:20)
    at set firstName [as firstName] (src\user.js:13:20)
    at set firstName [as firstName] (src\user.js:13:20)
    at set firstName [as firstName] (src\user.js:13:20)
    at set firstName [as firstName] (src\user.js:13:20)
    at set firstName [as firstName] (src\user.js:13:20)
    at set firstName [as firstName] (src\user.js:13:20)
    at set firstName [as firstName] (src\user.js:13:20)
    at set firstName [as firstName] (src\user.js:13:20)
    at set firstName [as firstName] (src\user.js:13:20)
    at set firstName [as firstName] (src\user.js:13:20)
    at set firstName [as firstName] (src\user.js:13:20)
    at set firstName [as firstName] (src\user.js:13:20)
    at set firstName [as firstName] (src\user.js:13:20)
    at set firstName [as firstName] (src\user.js:13:20)
    at set firstName [as firstName] (src\user.js:13:20)
    at set firstName [as firstName] (src\user.js:13:20)
    at set firstName [as firstName] (src\user.js:13:20)
    at set firstName [as firstName] (src\user.js:13:20)
    at set firstName [as firstName] (src\user.js:13:20)
    at set firstName [as firstName] (src\user.js:13:20)
    at set firstName [as firstName] (src\user.js:13:20)
    at set firstName [as firstName] (src\user.js:13:20)
    at set firstName [as firstName] (src\user.js:13:20)
    at set firstName [as firstName] (src\user.js:13:20)
    at set firstName [as firstName] (src\user.js:13:20)
    at set firstName [as firstName] (src\user.js:13:20)
    at set firstName [as firstName] (src\user.js:13:20)
    at set firstName [as firstName] (src\user.js:13:20)
    at set firstName [as firstName] (src\user.js:13:20)
    at set firstName [as firstName] (src\user.js:13:20)
    at set firstName [as firstName] (src\user.js:13:20)
    at set firstName [as firstName] (src\user.js:13:20)
    at set firstName [as firstName] (src\user.js:13:20)
    at set firstName [as firstName] (src\user.js:13:20)
    at set firstName [as firstName] (src\user.js:13:20)
    at set firstName [as firstName] (src\user.js:13:20)
    at set firstName [as firstName] (src\user.js:13:20)
    at set firstName [as firstName] (src\user.js:13:20)
    at set firstName [as firstName] (src\user.js:13:20)
    at set firstName [as firstName] (src\user.js:13:20)
    at set firstName [as firstName] (src\user.js:13:20)
    at set firstName [as firstName] (src\user.js:13:20)
    at set firstName [as firstName] (src\user.js:13:20)
    at set firstName [as firstName] (src\user.js:13:20)
    at set firstName [as firstName] (src\user.js:13:20)
    at set firstName [as firstName] (src\user.js:13:20)
    at set firstName [as firstName] (src\user.js:13:20)
    at set firstName [as firstName] (src\user.js:13:20)
    at set firstName [as firstName] (src\user.js:13:20)
    at set firstName [as firstName] (src\user.js:13:20)
    at set firstName [as firstName] (src\user.js:13:20)
    at set firstName [as firstName] (src\user.js:13:20)
    at set firstName [as firstName] (src\user.js:13:20)
    at set firstName [as firstName] (src\user.js:13:20)
    at set firstName [as firstName] (src\user.js:13:20)
    at set firstName [as firstName] (src\user.js:13:20)
    at set firstName [as firstName] (src\user.js:13:20)
    at set firstName [as firstName] (src\user.js:13:20)
    at set firstName [as firstName] (src\user.js:13:20)
    at set firstName [as firstName] (src\user.js:13:20)
    at set firstName [as firstName] (src\user.js:13:20)
    at set firstName [as firstName] (src\user.js:13:20)
    at set firstName [as firstName] (src\user.js:13:20)
    at set firstName [as firstName] (src\user.js:13:20)
    at set firstName [as firstName] (src\user.js:13:20)
    at set firstName [as firstName] (src\user.js:13:20)
    at set firstName [as firstName] (src\user.js:13:20)
    at set firstName [as firstName] (src\user.js:13:20)
    at set firstName [as firstName] (src\user.js:13:20)
    at set firstName [as firstName] (src\user.js:13:20)
    at set firstName [as firstName] (src\user.js:13:20)
    at set firstName [as firstName] (src\user.js:13:20)
    at set firstName [as firstName] (src\user.js:13:20)
    at set firstName [as firstName] (src\user.js:13:20)
    at set firstName [as firstName] (src\user.js:13:20)
    at set firstName [as firstName] (src\user.js:13:20)
    at set firstName [as firstName] (src\user.js:13:20)
    at set firstName [as firstName] (src\user.js:13:20)
    at set firstName [as firstName] (src\user.js:13:20)
    at set firstName [as firstName] (src\user.js:13:20)
    at set firstName [as firstName] (src\user.js:13:20)
    at set firstName [as firstName] (src\user.js:13:20)
    at set firstName [as firstName] (src\user.js:13:20)
    at set firstName [as firstName] (src\user.js:13:20)
    at set firstName [as firstName] (src\user.js:13:20)
    at set firstName [as firstName] (src\user.js:13:20)
    at set firstName [as firstName] (src\user.js:13:20)
    at set firstName [as firstName] (src\user.js:13:20)
    at set firstName [as firstName] (src\user.js:13:20)
    at set firstName [as firstName] (src\user.js:13:20)
    at set firstName [as firstName] (src\user.js:13:20)
    at set firstName [as firstName] (src\user.js:13:20)
    at set firstName [as firstName] (src\user.js:13:20)
    at set firstName [as firstName] (src\user.js:13:20)
    at set firstName [as firstName] (src\user.js:13:20)
    at set firstName [as firstName] (src\user.js:13:20)
    at set firstName [as firstName] (src\user.js:13:20)
    at set firstName [as firstName] (src\user.js:13:20)
    at set firstName [as firstName] (src\user.js:13:20)
    at set firstName [as firstName] (src\user.js:13:20)
    at set firstName [as firstName] (src\user.js:13:20)
    at set firstName [as firstName] (src\user.js:13:20)
    at set firstName [as firstName] (src\user.js:13:20)
    at set firstName [as firstName] (src\user.js:13:20)
    at set firstName [as firstName] (src\user.js:13:20)
    at set firstName [as firstName] (src\user.js:13:20)
    at set firstName [as firstName] (src\user.js:13:20)
    at set firstName [as firstName] (src\user.js:13:20)
    at set firstName [as firstName] (src\user.js:13:20)
    at set firstName [as firstName] (src\user.js:13:20)
    at set firstName [as firstName] (src\user.js:13:20)
    at set firstName [as firstName] (src\user.js:13:20)
    at set firstName [as firstName] (src\user.js:13:20)
    at set firstName [as firstName] (src\user.js:13:20)
    at set firstName [as firstName] (src\user.js:13:20)
    at set firstName [as firstName] (src\user.js:13:20)
    at set firstName [as firstName] (src\user.js:13:20)
    at set firstName [as firstName] (src\user.js:13:20)
    at set firstName [as firstName] (src\user.js:13:20)
    at set firstName [as firstName] (src\user.js:13:20)
    at set firstName [as firstName] (src\user.js:13:20)
    at set firstName [as firstName] (src\user.js:13:20)
    at set firstName [as firstName] (src\user.js:13:20)
    at set firstName [as firstName] (src\user.js:13:20)
    at set firstName [as firstName] (src\user.js:13:20)
    at set firstName [as firstName] (src\user.js:13:20)
    at set firstName [as firstName] (src\user.js:13:20)
    at set firstName [as firstName] (src\user.js:13:20)
    at set firstName [as firstName] (src\user.js:13:20)
    at set firstName [as firstName] (src\user.js:13:20)
    at set firstName [as firstName] (src\user.js:13:20)
    at set firstName [as firstName] (src\user.js:13:20)
    at set firstName [as firstName] (src\user.js:13:20)
    at set firstName [as firstName] (src\user.js:13:20)
    at set firstName [as firstName] (src\user.js:13:20)
    at set firstName [as firstName] (src\user.js:13:20)
    at set firstName [as firstName] (src\user.js:13:20)
    at set firstName [as firstName] (src\user.js:13:20)
    at set firstName [as firstName] (src\user.js:13:20)
    at set firstName [as firstName] (src\user.js:13:20)
    at set firstName [as firstName] (src\user.js:13:20)
    at set firstName [as firstName] (src\user.js:13:20)
    at set firstName [as firstName] (src\user.js:13:20)
    at set firstName [as firstName] (src\user.js:13:20)
    at set firstName [as firstName] (src\user.js:13:20)
    at set firstName [as firstName] (src\user.js:13:20)
    at set firstName [as firstName] (src\user.js:13:20)
    at set firstName [as firstName] (src\user.js:13:20)
    at set firstName [as firstName] (src\user.js:13:20)
    at set firstName [as firstName] (src\user.js:13:20)
    at set firstName [as firstName] (src\user.js:13:20)
    at set firstName [as firstName] (src\user.js:13:20)
    at set firstName [as firstName] (src\user.js:13:20)
    at set firstName [as firstName] (src\user.js:13:20)
    at set firstName [as firstName] (src\user.js:13:20)
    at set firstName [as firstName] (src\user.js:13:20)
    at set firstName [as firstName] (src\user.js:13:20)
    at set firstName [as firstName] (src\user.js:13:20)
    at set firstName [as firstName] (src\user.js:13:20)
    at set firstName [as firstName] (src\user.js:13:20)
    at set firstName [as firstName] (src\user.js:13:20)
    at set firstName [as firstName] (src\user.js:13:20)
    at set firstName [as firstName] (src\user.js:13:20)
    at set firstName [as firstName] (src\user.js:13:20)
    at set firstName [as firstName] (src\user.js:13:20)
    at set firstName [as firstName] (src\user.js:13:20)
    at set firstName [as firstName] (src\user.js:13:20)
    at set firstName [as firstName] (src\user.js:13:20)
    at set firstName [as firstName] (src\user.js:13:20)
    at set firstName [as firstName] (src\user.js:13:20)
    at set firstName [as firstName] (src\user.js:13:20)
    at set firstName [as firstName] (src\user.js:13:20)
    at set firstName [as firstName] (src\user.js:13:20)
    at set firstName [as firstName] (src\user.js:13:20)
    at set firstName [as firstName] (src\user.js:13:20)
    at set firstName [as firstName] (src\user.js:13:20)
    at set firstName [as firstName] (src\user.js:13:20)
    at set firstName [as firstName] (src\user.js:13:20)
    at set firstName [as firstName] (src\user.js:13:20)
    at set firstName [as firstName] (src\user.js:13:20)
    at set firstName [as firstName] (src\user.js:13:20)
    at set firstName [as firstName] (src\user.js:13:20)
    at set firstName [as firstName] (src\user.js:13:20)
    at set firstName [as firstName] (src\user.js:13:20)
    at set firstName [as firstName] (src\user.js:13:20)
    at set firstName [as firstName] (src\user.js:13:20)
    at set firstName [as firstName] (src\user.js:13:20)
    at set firstName [as firstName] (src\user.js:13:20)
    at set firstName [as firstName] (src\user.js:13:20)
    at set firstName [as firstName] (src\user.js:13:20)
    at set firstName [as firstName] (src\user.js:13:20)
    at set firstName [as firstName] (src\user.js:13:20)
    at set firstName [as firstName] (src\user.js:13:20)
    at set firstName [as firstName] (src\user.js:13:20)
    at set firstName [as firstName] (src\user.js:13:20)
    at set firstName [as firstName] (src\user.js:13:20)
    at set firstName [as firstName] (src\user.js:13:20)
    at set firstName [as firstName] (src\user.js:13:20)
    at set firstName [as firstName] (src\user.js:13:20)
    at set firstName [as firstName] (src\user.js:13:20)
    at set firstName [as firstName] (src\user.js:13:20)
    at set firstName [as firstName] (src\user.js:13:20)
    at set firstName [as firstName] (src\user.js:13:20)
    at set firstName [as firstName] (src\user.js:13:20)
    at set firstName [as firstName] (src\user.js:13:20)
    at set firstName [as firstName] (src\user.js:13:20)
    at set firstName [as firstName] (src\user.js:13:20)
    at set firstName [as firstName] (src\user.js:13:20)
    at set firstName [as firstName] (src\user.js:13:20)
    at set firstName [as firstName] (src\user.js:13:20)
    at set firstName [as firstName] (src\user.js:13:20)
    at set firstName [as firstName] (src\user.js:13:20)
    at set firstName [as firstName] (src\user.js:13:20)
    at set firstName [as firstName] (src\user.js:13:20)
    at set firstName [as firstName] (src\user.js:13:20)
    at set firstName [as firstName] (src\user.js:13:20)
    at set firstName [as firstName] (src\user.js:13:20)
    at set firstName [as firstName] (src\user.js:13:20)
    at set firstName [as firstName] (src\user.js:13:20)
    at set firstName [as firstName] (src\user.js:13:20)
    at set firstName [as firstName] (src\user.js:13:20)
    at set firstName [as firstName] (src\user.js:13:20)
    at set firstName [as firstName] (src\user.js:13:20)
    at set firstName [as firstName] (src\user.js:13:20)
    at set firstName [as firstName] (src\user.js:13:20)
    at set firstName [as firstName] (src\user.js:13:20)
    at set firstName [as firstName] (src\user.js:13:20)
    at set firstName [as firstName] (src\user.js:13:20)
    at set firstName [as firstName] (src\user.js:13:20)
    at set firstName [as firstName] (src\user.js:13:20)
    at set firstName [as firstName] (src\user.js:13:20)
    at set firstName [as firstName] (src\user.js:13:20)
    at set firstName [as firstName] (src\user.js:13:20)
    at set firstName [as firstName] (src\user.js:13:20)
    at set firstName [as firstName] (src\user.js:13:20)
    at set firstName [as firstName] (src\user.js:13:20)
    at set firstName [as firstName] (src\user.js:13:20)
    at set firstName [as firstName] (src\user.js:13:20)
    at set firstName [as firstName] (src\user.js:13:20)
    at set firstName [as firstName] (src\user.js:13:20)
    at set firstName [as firstName] (src\user.js:13:20)
    at set firstName [as firstName] (src\user.js:13:20)
    at set firstName [as firstName] (src\user.js:13:20)
    at set firstName [as firstName] (src\user.js:13:20)
    at set firstName [as firstName] (src\user.js:13:20)
    at set firstName [as firstName] (src\user.js:13:20)
    at set firstName [as firstName] (src\user.js:13:20)
    at set firstName [as firstName] (src\user.js:13:20)
    at set firstName [as firstName] (src\user.js:13:20)
    at set firstName [as firstName] (src\user.js:13:20)
    at set firstName [as firstName] (src\user.js:13:20)
    at set firstName [as firstName] (src\user.js:13:20)
    at set firstName [as firstName] (src\user.js:13:20)
    at set firstName [as firstName] (src\user.js:13:20)
    at set firstName [as firstName] (src\user.js:13:20)
    at set firstName [as firstName] (src\user.js:13:20)
    at set firstName [as firstName] (src\user.js:13:20)
    at set firstName [as firstName] (src\user.js:13:20)
    at set firstName [as firstName] (src\user.js:13:20)
    at set firstName [as firstName] (src\user.js:13:20)
    at set firstName [as firstName] (src\user.js:13:20)
    at set firstName [as firstName] (src\user.js:13:20)
    at set firstName [as firstName] (src\user.js:13:20)
    at set firstName [as firstName] (src\user.js:13:20)
    at set firstName [as firstName] (src\user.js:13:20)
    at set firstName [as firstName] (src\user.js:13:20)
    at new User (src\user.js:4:18)
    at Context.<anonymous> (test\user.test.js:185:7)
    at process.processImmediate (node:internal/timers:483:21)]]></failure>
    </testcase>
  </testsuite>
</testsuites>